[2024-03-03T04:46:18.624+0000] {processor.py:161} INFO - Started process (PID=63) to work on /home/airflow/.local/lib/python3.11/site-packages/airflow/example_dags/example_local_kubernetes_executor.py
[2024-03-03T04:46:18.627+0000] {processor.py:830} INFO - Processing file /home/airflow/.local/lib/python3.11/site-packages/airflow/example_dags/example_local_kubernetes_executor.py for tasks to queue
[2024-03-03T04:46:18.641+0000] {logging_mixin.py:188} INFO - [2024-03-03T04:46:18.640+0000] {dagbag.py:540} INFO - Filling up the DagBag from /home/airflow/.local/lib/python3.11/site-packages/airflow/example_dags/example_local_kubernetes_executor.py
[2024-03-03T04:46:18.680+0000] {processor.py:840} INFO - DAG(s) 'example_local_kubernetes_executor' retrieved from /home/airflow/.local/lib/python3.11/site-packages/airflow/example_dags/example_local_kubernetes_executor.py
[2024-03-03T04:46:19.487+0000] {logging_mixin.py:188} INFO - [2024-03-03T04:46:19.481+0000] {override.py:1769} INFO - Created Permission View: can read on DAG:example_local_kubernetes_executor
[2024-03-03T04:46:19.622+0000] {logging_mixin.py:188} INFO - [2024-03-03T04:46:19.621+0000] {override.py:1769} INFO - Created Permission View: can delete on DAG:example_local_kubernetes_executor
[2024-03-03T04:46:20.103+0000] {logging_mixin.py:188} INFO - [2024-03-03T04:46:20.103+0000] {override.py:1769} INFO - Created Permission View: can edit on DAG:example_local_kubernetes_executor
[2024-03-03T04:46:20.112+0000] {logging_mixin.py:188} INFO - [2024-03-03T04:46:20.111+0000] {dag.py:3047} INFO - Sync 1 DAGs
[2024-03-03T04:46:20.175+0000] {logging_mixin.py:188} INFO - [2024-03-03T04:46:20.174+0000] {dag.py:3069} INFO - Creating ORM DAG for example_local_kubernetes_executor
[2024-03-03T04:46:20.177+0000] {logging_mixin.py:188} INFO - [2024-03-03T04:46:20.177+0000] {dag.py:3834} INFO - Setting next_dagrun for example_local_kubernetes_executor to None, run_after=None
[2024-03-03T04:46:20.290+0000] {processor.py:183} INFO - Processing /home/airflow/.local/lib/python3.11/site-packages/airflow/example_dags/example_local_kubernetes_executor.py took 1.685 seconds
[2024-03-03T04:46:50.678+0000] {processor.py:161} INFO - Started process (PID=118) to work on /home/airflow/.local/lib/python3.11/site-packages/airflow/example_dags/example_local_kubernetes_executor.py
[2024-03-03T04:46:50.682+0000] {processor.py:830} INFO - Processing file /home/airflow/.local/lib/python3.11/site-packages/airflow/example_dags/example_local_kubernetes_executor.py for tasks to queue
[2024-03-03T04:46:50.687+0000] {logging_mixin.py:188} INFO - [2024-03-03T04:46:50.686+0000] {dagbag.py:540} INFO - Filling up the DagBag from /home/airflow/.local/lib/python3.11/site-packages/airflow/example_dags/example_local_kubernetes_executor.py
[2024-03-03T04:46:50.713+0000] {processor.py:840} INFO - DAG(s) 'example_local_kubernetes_executor' retrieved from /home/airflow/.local/lib/python3.11/site-packages/airflow/example_dags/example_local_kubernetes_executor.py
[2024-03-03T04:46:50.813+0000] {logging_mixin.py:188} INFO - [2024-03-03T04:46:50.812+0000] {dag.py:3047} INFO - Sync 1 DAGs
[2024-03-03T04:46:50.890+0000] {logging_mixin.py:188} INFO - [2024-03-03T04:46:50.888+0000] {dag.py:3834} INFO - Setting next_dagrun for example_local_kubernetes_executor to None, run_after=None
[2024-03-03T04:46:51.040+0000] {processor.py:183} INFO - Processing /home/airflow/.local/lib/python3.11/site-packages/airflow/example_dags/example_local_kubernetes_executor.py took 0.370 seconds
[2024-03-03T04:47:22.085+0000] {processor.py:161} INFO - Started process (PID=171) to work on /home/airflow/.local/lib/python3.11/site-packages/airflow/example_dags/example_local_kubernetes_executor.py
[2024-03-03T04:47:22.090+0000] {processor.py:830} INFO - Processing file /home/airflow/.local/lib/python3.11/site-packages/airflow/example_dags/example_local_kubernetes_executor.py for tasks to queue
[2024-03-03T04:47:22.102+0000] {logging_mixin.py:188} INFO - [2024-03-03T04:47:22.100+0000] {dagbag.py:540} INFO - Filling up the DagBag from /home/airflow/.local/lib/python3.11/site-packages/airflow/example_dags/example_local_kubernetes_executor.py
[2024-03-03T04:47:22.147+0000] {processor.py:840} INFO - DAG(s) 'example_local_kubernetes_executor' retrieved from /home/airflow/.local/lib/python3.11/site-packages/airflow/example_dags/example_local_kubernetes_executor.py
[2024-03-03T04:47:22.321+0000] {logging_mixin.py:188} INFO - [2024-03-03T04:47:22.320+0000] {dag.py:3047} INFO - Sync 1 DAGs
[2024-03-03T04:47:22.361+0000] {logging_mixin.py:188} INFO - [2024-03-03T04:47:22.360+0000] {dag.py:3834} INFO - Setting next_dagrun for example_local_kubernetes_executor to None, run_after=None
[2024-03-03T04:47:22.470+0000] {processor.py:183} INFO - Processing /home/airflow/.local/lib/python3.11/site-packages/airflow/example_dags/example_local_kubernetes_executor.py took 0.406 seconds
