[2024-03-03T04:46:41.486+0000] {processor.py:161} INFO - Started process (PID=91) to work on /home/airflow/.local/lib/python3.11/site-packages/airflow/example_dags/example_datasets.py
[2024-03-03T04:46:41.488+0000] {processor.py:830} INFO - Processing file /home/airflow/.local/lib/python3.11/site-packages/airflow/example_dags/example_datasets.py for tasks to queue
[2024-03-03T04:46:41.493+0000] {logging_mixin.py:188} INFO - [2024-03-03T04:46:41.493+0000] {dagbag.py:540} INFO - Filling up the DagBag from /home/airflow/.local/lib/python3.11/site-packages/airflow/example_dags/example_datasets.py
[2024-03-03T04:46:41.519+0000] {processor.py:840} INFO - DAG(s) 'dataset_consumes_1', 'dataset_consumes_1_and_2', 'dataset_produces_1', 'dataset_consumes_unknown_never_scheduled', 'dataset_produces_2', 'dataset_consumes_1_never_scheduled' retrieved from /home/airflow/.local/lib/python3.11/site-packages/airflow/example_dags/example_datasets.py
[2024-03-03T04:46:42.040+0000] {logging_mixin.py:188} INFO - [2024-03-03T04:46:42.030+0000] {override.py:1769} INFO - Created Permission View: can read on DAG:dataset_consumes_1
[2024-03-03T04:46:42.101+0000] {logging_mixin.py:188} INFO - [2024-03-03T04:46:42.101+0000] {override.py:1769} INFO - Created Permission View: can delete on DAG:dataset_consumes_1
[2024-03-03T04:46:42.125+0000] {logging_mixin.py:188} INFO - [2024-03-03T04:46:42.124+0000] {override.py:1769} INFO - Created Permission View: can edit on DAG:dataset_consumes_1
[2024-03-03T04:46:42.176+0000] {logging_mixin.py:188} INFO - [2024-03-03T04:46:42.175+0000] {override.py:1769} INFO - Created Permission View: can read on DAG:dataset_consumes_1_and_2
[2024-03-03T04:46:42.246+0000] {logging_mixin.py:188} INFO - [2024-03-03T04:46:42.245+0000] {override.py:1769} INFO - Created Permission View: can delete on DAG:dataset_consumes_1_and_2
[2024-03-03T04:46:42.278+0000] {logging_mixin.py:188} INFO - [2024-03-03T04:46:42.278+0000] {override.py:1769} INFO - Created Permission View: can edit on DAG:dataset_consumes_1_and_2
[2024-03-03T04:46:42.317+0000] {logging_mixin.py:188} INFO - [2024-03-03T04:46:42.317+0000] {override.py:1769} INFO - Created Permission View: can read on DAG:dataset_produces_1
[2024-03-03T04:46:42.332+0000] {logging_mixin.py:188} INFO - [2024-03-03T04:46:42.332+0000] {override.py:1769} INFO - Created Permission View: can delete on DAG:dataset_produces_1
[2024-03-03T04:46:42.348+0000] {logging_mixin.py:188} INFO - [2024-03-03T04:46:42.347+0000] {override.py:1769} INFO - Created Permission View: can edit on DAG:dataset_produces_1
[2024-03-03T04:46:42.378+0000] {logging_mixin.py:188} INFO - [2024-03-03T04:46:42.377+0000] {override.py:1769} INFO - Created Permission View: can read on DAG:dataset_consumes_unknown_never_scheduled
[2024-03-03T04:46:42.397+0000] {logging_mixin.py:188} INFO - [2024-03-03T04:46:42.397+0000] {override.py:1769} INFO - Created Permission View: can delete on DAG:dataset_consumes_unknown_never_scheduled
[2024-03-03T04:46:42.413+0000] {logging_mixin.py:188} INFO - [2024-03-03T04:46:42.412+0000] {override.py:1769} INFO - Created Permission View: can edit on DAG:dataset_consumes_unknown_never_scheduled
[2024-03-03T04:46:42.440+0000] {logging_mixin.py:188} INFO - [2024-03-03T04:46:42.440+0000] {override.py:1769} INFO - Created Permission View: can read on DAG:dataset_produces_2
[2024-03-03T04:46:42.460+0000] {logging_mixin.py:188} INFO - [2024-03-03T04:46:42.459+0000] {override.py:1769} INFO - Created Permission View: can delete on DAG:dataset_produces_2
[2024-03-03T04:46:42.489+0000] {logging_mixin.py:188} INFO - [2024-03-03T04:46:42.488+0000] {override.py:1769} INFO - Created Permission View: can edit on DAG:dataset_produces_2
[2024-03-03T04:46:42.529+0000] {logging_mixin.py:188} INFO - [2024-03-03T04:46:42.528+0000] {override.py:1769} INFO - Created Permission View: can read on DAG:dataset_consumes_1_never_scheduled
[2024-03-03T04:46:42.547+0000] {logging_mixin.py:188} INFO - [2024-03-03T04:46:42.546+0000] {override.py:1769} INFO - Created Permission View: can delete on DAG:dataset_consumes_1_never_scheduled
[2024-03-03T04:46:42.569+0000] {logging_mixin.py:188} INFO - [2024-03-03T04:46:42.568+0000] {override.py:1769} INFO - Created Permission View: can edit on DAG:dataset_consumes_1_never_scheduled
[2024-03-03T04:46:42.573+0000] {logging_mixin.py:188} INFO - [2024-03-03T04:46:42.572+0000] {dag.py:3047} INFO - Sync 6 DAGs
[2024-03-03T04:46:42.614+0000] {logging_mixin.py:188} INFO - [2024-03-03T04:46:42.613+0000] {dag.py:3069} INFO - Creating ORM DAG for dataset_produces_2
[2024-03-03T04:46:42.622+0000] {logging_mixin.py:188} INFO - [2024-03-03T04:46:42.621+0000] {dag.py:3069} INFO - Creating ORM DAG for dataset_consumes_1
[2024-03-03T04:46:42.637+0000] {logging_mixin.py:188} INFO - [2024-03-03T04:46:42.636+0000] {dag.py:3069} INFO - Creating ORM DAG for dataset_consumes_unknown_never_scheduled
[2024-03-03T04:46:42.652+0000] {logging_mixin.py:188} INFO - [2024-03-03T04:46:42.651+0000] {dag.py:3069} INFO - Creating ORM DAG for dataset_consumes_1_never_scheduled
[2024-03-03T04:46:42.657+0000] {logging_mixin.py:188} INFO - [2024-03-03T04:46:42.656+0000] {dag.py:3069} INFO - Creating ORM DAG for dataset_consumes_1_and_2
[2024-03-03T04:46:42.660+0000] {logging_mixin.py:188} INFO - [2024-03-03T04:46:42.660+0000] {dag.py:3069} INFO - Creating ORM DAG for dataset_produces_1
[2024-03-03T04:46:42.699+0000] {logging_mixin.py:188} INFO - [2024-03-03T04:46:42.699+0000] {dag.py:3834} INFO - Setting next_dagrun for dataset_consumes_1 to None, run_after=None
[2024-03-03T04:46:42.702+0000] {logging_mixin.py:188} INFO - [2024-03-03T04:46:42.702+0000] {dag.py:3834} INFO - Setting next_dagrun for dataset_consumes_1_and_2 to None, run_after=None
[2024-03-03T04:46:42.707+0000] {logging_mixin.py:188} INFO - [2024-03-03T04:46:42.706+0000] {dag.py:3834} INFO - Setting next_dagrun for dataset_consumes_1_never_scheduled to None, run_after=None
[2024-03-03T04:46:42.711+0000] {logging_mixin.py:188} INFO - [2024-03-03T04:46:42.711+0000] {dag.py:3834} INFO - Setting next_dagrun for dataset_consumes_unknown_never_scheduled to None, run_after=None
[2024-03-03T04:46:42.774+0000] {logging_mixin.py:188} INFO - [2024-03-03T04:46:42.766+0000] {dag.py:3834} INFO - Setting next_dagrun for dataset_produces_1 to 2024-03-02 00:00:00+00:00, run_after=2024-03-03 00:00:00+00:00
[2024-03-03T04:46:42.777+0000] {logging_mixin.py:188} INFO - [2024-03-03T04:46:42.777+0000] {dag.py:3834} INFO - Setting next_dagrun for dataset_produces_2 to None, run_after=None
[2024-03-03T04:46:43.038+0000] {processor.py:183} INFO - Processing /home/airflow/.local/lib/python3.11/site-packages/airflow/example_dags/example_datasets.py took 1.562 seconds
[2024-03-03T04:47:13.867+0000] {processor.py:161} INFO - Started process (PID=152) to work on /home/airflow/.local/lib/python3.11/site-packages/airflow/example_dags/example_datasets.py
[2024-03-03T04:47:13.870+0000] {processor.py:830} INFO - Processing file /home/airflow/.local/lib/python3.11/site-packages/airflow/example_dags/example_datasets.py for tasks to queue
[2024-03-03T04:47:13.877+0000] {logging_mixin.py:188} INFO - [2024-03-03T04:47:13.875+0000] {dagbag.py:540} INFO - Filling up the DagBag from /home/airflow/.local/lib/python3.11/site-packages/airflow/example_dags/example_datasets.py
[2024-03-03T04:47:14.124+0000] {processor.py:840} INFO - DAG(s) 'dataset_consumes_1_never_scheduled', 'dataset_consumes_unknown_never_scheduled', 'dataset_consumes_1', 'dataset_produces_2', 'dataset_produces_1', 'dataset_consumes_1_and_2' retrieved from /home/airflow/.local/lib/python3.11/site-packages/airflow/example_dags/example_datasets.py
[2024-03-03T04:47:14.486+0000] {logging_mixin.py:188} INFO - [2024-03-03T04:47:14.485+0000] {dag.py:3047} INFO - Sync 6 DAGs
[2024-03-03T04:47:14.644+0000] {logging_mixin.py:188} INFO - [2024-03-03T04:47:14.643+0000] {dag.py:3834} INFO - Setting next_dagrun for dataset_consumes_1 to None, run_after=None
[2024-03-03T04:47:14.677+0000] {logging_mixin.py:188} INFO - [2024-03-03T04:47:14.676+0000] {dag.py:3834} INFO - Setting next_dagrun for dataset_consumes_1_and_2 to None, run_after=None
[2024-03-03T04:47:14.683+0000] {logging_mixin.py:188} INFO - [2024-03-03T04:47:14.682+0000] {dag.py:3834} INFO - Setting next_dagrun for dataset_consumes_1_never_scheduled to None, run_after=None
[2024-03-03T04:47:14.689+0000] {logging_mixin.py:188} INFO - [2024-03-03T04:47:14.688+0000] {dag.py:3834} INFO - Setting next_dagrun for dataset_consumes_unknown_never_scheduled to None, run_after=None
[2024-03-03T04:47:14.753+0000] {logging_mixin.py:188} INFO - [2024-03-03T04:47:14.752+0000] {dag.py:3834} INFO - Setting next_dagrun for dataset_produces_1 to 2024-03-02 00:00:00+00:00, run_after=2024-03-03 00:00:00+00:00
[2024-03-03T04:47:14.762+0000] {logging_mixin.py:188} INFO - [2024-03-03T04:47:14.761+0000] {dag.py:3834} INFO - Setting next_dagrun for dataset_produces_2 to None, run_after=None
[2024-03-03T04:47:14.982+0000] {processor.py:183} INFO - Processing /home/airflow/.local/lib/python3.11/site-packages/airflow/example_dags/example_datasets.py took 1.167 seconds
[2024-03-03T04:47:45.842+0000] {processor.py:161} INFO - Started process (PID=207) to work on /home/airflow/.local/lib/python3.11/site-packages/airflow/example_dags/example_datasets.py
[2024-03-03T04:47:45.868+0000] {processor.py:830} INFO - Processing file /home/airflow/.local/lib/python3.11/site-packages/airflow/example_dags/example_datasets.py for tasks to queue
[2024-03-03T04:47:45.917+0000] {logging_mixin.py:188} INFO - [2024-03-03T04:47:45.916+0000] {dagbag.py:540} INFO - Filling up the DagBag from /home/airflow/.local/lib/python3.11/site-packages/airflow/example_dags/example_datasets.py
[2024-03-03T04:47:46.127+0000] {processor.py:840} INFO - DAG(s) 'dataset_produces_1', 'dataset_consumes_1_never_scheduled', 'dataset_consumes_1_and_2', 'dataset_consumes_unknown_never_scheduled', 'dataset_produces_2', 'dataset_consumes_1' retrieved from /home/airflow/.local/lib/python3.11/site-packages/airflow/example_dags/example_datasets.py
[2024-03-03T04:47:46.668+0000] {logging_mixin.py:188} INFO - [2024-03-03T04:47:46.667+0000] {dag.py:3047} INFO - Sync 6 DAGs
[2024-03-03T04:47:47.351+0000] {logging_mixin.py:188} INFO - [2024-03-03T04:47:47.350+0000] {dag.py:3834} INFO - Setting next_dagrun for dataset_consumes_1 to None, run_after=None
[2024-03-03T04:47:47.467+0000] {logging_mixin.py:188} INFO - [2024-03-03T04:47:47.466+0000] {dag.py:3834} INFO - Setting next_dagrun for dataset_consumes_1_and_2 to None, run_after=None
[2024-03-03T04:47:47.608+0000] {logging_mixin.py:188} INFO - [2024-03-03T04:47:47.607+0000] {dag.py:3834} INFO - Setting next_dagrun for dataset_consumes_1_never_scheduled to None, run_after=None
[2024-03-03T04:47:48.232+0000] {logging_mixin.py:188} INFO - [2024-03-03T04:47:48.224+0000] {dag.py:3834} INFO - Setting next_dagrun for dataset_consumes_unknown_never_scheduled to None, run_after=None
[2024-03-03T04:47:48.776+0000] {logging_mixin.py:188} INFO - [2024-03-03T04:47:48.776+0000] {dag.py:3834} INFO - Setting next_dagrun for dataset_produces_1 to 2024-03-02 00:00:00+00:00, run_after=2024-03-03 00:00:00+00:00
[2024-03-03T04:47:48.916+0000] {logging_mixin.py:188} INFO - [2024-03-03T04:47:48.915+0000] {dag.py:3834} INFO - Setting next_dagrun for dataset_produces_2 to None, run_after=None
[2024-03-03T04:47:51.143+0000] {processor.py:183} INFO - Processing /home/airflow/.local/lib/python3.11/site-packages/airflow/example_dags/example_datasets.py took 5.347 seconds
