[2024-03-03T04:46:17.071+0000] {processor.py:161} INFO - Started process (PID=62) to work on /home/airflow/.local/lib/python3.11/site-packages/airflow/example_dags/example_branch_day_of_week_operator.py
[2024-03-03T04:46:17.086+0000] {processor.py:830} INFO - Processing file /home/airflow/.local/lib/python3.11/site-packages/airflow/example_dags/example_branch_day_of_week_operator.py for tasks to queue
[2024-03-03T04:46:17.107+0000] {logging_mixin.py:188} INFO - [2024-03-03T04:46:17.101+0000] {dagbag.py:540} INFO - Filling up the DagBag from /home/airflow/.local/lib/python3.11/site-packages/airflow/example_dags/example_branch_day_of_week_operator.py
[2024-03-03T04:46:17.198+0000] {processor.py:840} INFO - DAG(s) 'example_weekday_branch_operator' retrieved from /home/airflow/.local/lib/python3.11/site-packages/airflow/example_dags/example_branch_day_of_week_operator.py
[2024-03-03T04:46:18.025+0000] {logging_mixin.py:188} INFO - [2024-03-03T04:46:18.023+0000] {override.py:1769} INFO - Created Permission View: can read on DAG:example_weekday_branch_operator
[2024-03-03T04:46:18.098+0000] {logging_mixin.py:188} INFO - [2024-03-03T04:46:18.097+0000] {override.py:1769} INFO - Created Permission View: can delete on DAG:example_weekday_branch_operator
[2024-03-03T04:46:18.171+0000] {logging_mixin.py:188} INFO - [2024-03-03T04:46:18.170+0000] {override.py:1769} INFO - Created Permission View: can edit on DAG:example_weekday_branch_operator
[2024-03-03T04:46:18.178+0000] {logging_mixin.py:188} INFO - [2024-03-03T04:46:18.177+0000] {dag.py:3047} INFO - Sync 1 DAGs
[2024-03-03T04:46:18.312+0000] {logging_mixin.py:188} INFO - [2024-03-03T04:46:18.308+0000] {dag.py:3069} INFO - Creating ORM DAG for example_weekday_branch_operator
[2024-03-03T04:46:18.389+0000] {logging_mixin.py:188} INFO - [2024-03-03T04:46:18.389+0000] {dag.py:3834} INFO - Setting next_dagrun for example_weekday_branch_operator to 2024-03-02 00:00:00+00:00, run_after=2024-03-03 00:00:00+00:00
[2024-03-03T04:46:18.431+0000] {processor.py:183} INFO - Processing /home/airflow/.local/lib/python3.11/site-packages/airflow/example_dags/example_branch_day_of_week_operator.py took 1.409 seconds
[2024-03-03T04:46:49.635+0000] {processor.py:161} INFO - Started process (PID=117) to work on /home/airflow/.local/lib/python3.11/site-packages/airflow/example_dags/example_branch_day_of_week_operator.py
[2024-03-03T04:46:49.639+0000] {processor.py:830} INFO - Processing file /home/airflow/.local/lib/python3.11/site-packages/airflow/example_dags/example_branch_day_of_week_operator.py for tasks to queue
[2024-03-03T04:46:49.645+0000] {logging_mixin.py:188} INFO - [2024-03-03T04:46:49.644+0000] {dagbag.py:540} INFO - Filling up the DagBag from /home/airflow/.local/lib/python3.11/site-packages/airflow/example_dags/example_branch_day_of_week_operator.py
[2024-03-03T04:46:49.670+0000] {processor.py:840} INFO - DAG(s) 'example_weekday_branch_operator' retrieved from /home/airflow/.local/lib/python3.11/site-packages/airflow/example_dags/example_branch_day_of_week_operator.py
[2024-03-03T04:46:49.739+0000] {logging_mixin.py:188} INFO - [2024-03-03T04:46:49.739+0000] {dag.py:3047} INFO - Sync 1 DAGs
[2024-03-03T04:46:50.136+0000] {logging_mixin.py:188} INFO - [2024-03-03T04:46:50.133+0000] {dag.py:3834} INFO - Setting next_dagrun for example_weekday_branch_operator to 2024-03-02 00:00:00+00:00, run_after=2024-03-03 00:00:00+00:00
[2024-03-03T04:46:50.216+0000] {processor.py:183} INFO - Processing /home/airflow/.local/lib/python3.11/site-packages/airflow/example_dags/example_branch_day_of_week_operator.py took 0.599 seconds
[2024-03-03T04:47:20.768+0000] {processor.py:161} INFO - Started process (PID=170) to work on /home/airflow/.local/lib/python3.11/site-packages/airflow/example_dags/example_branch_day_of_week_operator.py
[2024-03-03T04:47:20.771+0000] {processor.py:830} INFO - Processing file /home/airflow/.local/lib/python3.11/site-packages/airflow/example_dags/example_branch_day_of_week_operator.py for tasks to queue
[2024-03-03T04:47:20.778+0000] {logging_mixin.py:188} INFO - [2024-03-03T04:47:20.776+0000] {dagbag.py:540} INFO - Filling up the DagBag from /home/airflow/.local/lib/python3.11/site-packages/airflow/example_dags/example_branch_day_of_week_operator.py
[2024-03-03T04:47:20.809+0000] {processor.py:840} INFO - DAG(s) 'example_weekday_branch_operator' retrieved from /home/airflow/.local/lib/python3.11/site-packages/airflow/example_dags/example_branch_day_of_week_operator.py
[2024-03-03T04:47:20.872+0000] {logging_mixin.py:188} INFO - [2024-03-03T04:47:20.872+0000] {dag.py:3047} INFO - Sync 1 DAGs
[2024-03-03T04:47:20.942+0000] {logging_mixin.py:188} INFO - [2024-03-03T04:47:20.941+0000] {dag.py:3834} INFO - Setting next_dagrun for example_weekday_branch_operator to 2024-03-02 00:00:00+00:00, run_after=2024-03-03 00:00:00+00:00
[2024-03-03T04:47:21.003+0000] {processor.py:183} INFO - Processing /home/airflow/.local/lib/python3.11/site-packages/airflow/example_dags/example_branch_day_of_week_operator.py took 0.250 seconds
