[2024-03-03T04:46:32.792+0000] {processor.py:161} INFO - Started process (PID=80) to work on /home/airflow/.local/lib/python3.11/site-packages/airflow/example_dags/example_sensor_decorator.py
[2024-03-03T04:46:32.797+0000] {processor.py:830} INFO - Processing file /home/airflow/.local/lib/python3.11/site-packages/airflow/example_dags/example_sensor_decorator.py for tasks to queue
[2024-03-03T04:46:32.808+0000] {logging_mixin.py:188} INFO - [2024-03-03T04:46:32.807+0000] {dagbag.py:540} INFO - Filling up the DagBag from /home/airflow/.local/lib/python3.11/site-packages/airflow/example_dags/example_sensor_decorator.py
[2024-03-03T04:46:32.858+0000] {processor.py:840} INFO - DAG(s) 'example_sensor_decorator' retrieved from /home/airflow/.local/lib/python3.11/site-packages/airflow/example_dags/example_sensor_decorator.py
[2024-03-03T04:46:33.334+0000] {logging_mixin.py:188} INFO - [2024-03-03T04:46:33.331+0000] {override.py:1769} INFO - Created Permission View: can read on DAG:example_sensor_decorator
[2024-03-03T04:46:33.408+0000] {logging_mixin.py:188} INFO - [2024-03-03T04:46:33.407+0000] {override.py:1769} INFO - Created Permission View: can delete on DAG:example_sensor_decorator
[2024-03-03T04:46:33.516+0000] {logging_mixin.py:188} INFO - [2024-03-03T04:46:33.515+0000] {override.py:1769} INFO - Created Permission View: can edit on DAG:example_sensor_decorator
[2024-03-03T04:46:33.522+0000] {logging_mixin.py:188} INFO - [2024-03-03T04:46:33.520+0000] {dag.py:3047} INFO - Sync 1 DAGs
[2024-03-03T04:46:33.589+0000] {logging_mixin.py:188} INFO - [2024-03-03T04:46:33.588+0000] {dag.py:3069} INFO - Creating ORM DAG for example_sensor_decorator
[2024-03-03T04:46:33.598+0000] {logging_mixin.py:188} INFO - [2024-03-03T04:46:33.598+0000] {dag.py:3834} INFO - Setting next_dagrun for example_sensor_decorator to None, run_after=None
[2024-03-03T04:46:33.740+0000] {processor.py:183} INFO - Processing /home/airflow/.local/lib/python3.11/site-packages/airflow/example_dags/example_sensor_decorator.py took 0.970 seconds
[2024-03-03T04:47:03.911+0000] {processor.py:161} INFO - Started process (PID=134) to work on /home/airflow/.local/lib/python3.11/site-packages/airflow/example_dags/example_sensor_decorator.py
[2024-03-03T04:47:03.916+0000] {processor.py:830} INFO - Processing file /home/airflow/.local/lib/python3.11/site-packages/airflow/example_dags/example_sensor_decorator.py for tasks to queue
[2024-03-03T04:47:03.932+0000] {logging_mixin.py:188} INFO - [2024-03-03T04:47:03.926+0000] {dagbag.py:540} INFO - Filling up the DagBag from /home/airflow/.local/lib/python3.11/site-packages/airflow/example_dags/example_sensor_decorator.py
[2024-03-03T04:47:03.974+0000] {processor.py:840} INFO - DAG(s) 'example_sensor_decorator' retrieved from /home/airflow/.local/lib/python3.11/site-packages/airflow/example_dags/example_sensor_decorator.py
[2024-03-03T04:47:04.816+0000] {logging_mixin.py:188} INFO - [2024-03-03T04:47:04.815+0000] {dag.py:3047} INFO - Sync 1 DAGs
[2024-03-03T04:47:05.088+0000] {logging_mixin.py:188} INFO - [2024-03-03T04:47:05.088+0000] {dag.py:3834} INFO - Setting next_dagrun for example_sensor_decorator to None, run_after=None
[2024-03-03T04:47:07.036+0000] {processor.py:183} INFO - Processing /home/airflow/.local/lib/python3.11/site-packages/airflow/example_dags/example_sensor_decorator.py took 3.134 seconds
[2024-03-03T04:47:38.407+0000] {processor.py:161} INFO - Started process (PID=190) to work on /home/airflow/.local/lib/python3.11/site-packages/airflow/example_dags/example_sensor_decorator.py
[2024-03-03T04:47:38.417+0000] {processor.py:830} INFO - Processing file /home/airflow/.local/lib/python3.11/site-packages/airflow/example_dags/example_sensor_decorator.py for tasks to queue
[2024-03-03T04:47:38.438+0000] {logging_mixin.py:188} INFO - [2024-03-03T04:47:38.431+0000] {dagbag.py:540} INFO - Filling up the DagBag from /home/airflow/.local/lib/python3.11/site-packages/airflow/example_dags/example_sensor_decorator.py
[2024-03-03T04:47:38.607+0000] {processor.py:840} INFO - DAG(s) 'example_sensor_decorator' retrieved from /home/airflow/.local/lib/python3.11/site-packages/airflow/example_dags/example_sensor_decorator.py
[2024-03-03T04:47:39.049+0000] {logging_mixin.py:188} INFO - [2024-03-03T04:47:39.049+0000] {dag.py:3047} INFO - Sync 1 DAGs
[2024-03-03T04:47:39.154+0000] {logging_mixin.py:188} INFO - [2024-03-03T04:47:39.153+0000] {dag.py:3834} INFO - Setting next_dagrun for example_sensor_decorator to None, run_after=None
[2024-03-03T04:47:39.417+0000] {processor.py:183} INFO - Processing /home/airflow/.local/lib/python3.11/site-packages/airflow/example_dags/example_sensor_decorator.py took 1.023 seconds
