[2024-03-03T04:46:31.302+0000] {processor.py:161} INFO - Started process (PID=77) to work on /home/airflow/.local/lib/python3.11/site-packages/airflow/example_dags/example_dynamic_task_mapping.py
[2024-03-03T04:46:31.308+0000] {processor.py:830} INFO - Processing file /home/airflow/.local/lib/python3.11/site-packages/airflow/example_dags/example_dynamic_task_mapping.py for tasks to queue
[2024-03-03T04:46:31.317+0000] {logging_mixin.py:188} INFO - [2024-03-03T04:46:31.316+0000] {dagbag.py:540} INFO - Filling up the DagBag from /home/airflow/.local/lib/python3.11/site-packages/airflow/example_dags/example_dynamic_task_mapping.py
[2024-03-03T04:46:31.349+0000] {processor.py:840} INFO - DAG(s) 'example_dynamic_task_mapping' retrieved from /home/airflow/.local/lib/python3.11/site-packages/airflow/example_dags/example_dynamic_task_mapping.py
[2024-03-03T04:46:31.955+0000] {logging_mixin.py:188} INFO - [2024-03-03T04:46:31.953+0000] {override.py:1769} INFO - Created Permission View: can read on DAG:example_dynamic_task_mapping
[2024-03-03T04:46:31.981+0000] {logging_mixin.py:188} INFO - [2024-03-03T04:46:31.980+0000] {override.py:1769} INFO - Created Permission View: can delete on DAG:example_dynamic_task_mapping
[2024-03-03T04:46:32.024+0000] {logging_mixin.py:188} INFO - [2024-03-03T04:46:32.022+0000] {override.py:1769} INFO - Created Permission View: can edit on DAG:example_dynamic_task_mapping
[2024-03-03T04:46:32.035+0000] {logging_mixin.py:188} INFO - [2024-03-03T04:46:32.034+0000] {dag.py:3047} INFO - Sync 1 DAGs
[2024-03-03T04:46:32.141+0000] {logging_mixin.py:188} INFO - [2024-03-03T04:46:32.141+0000] {dag.py:3069} INFO - Creating ORM DAG for example_dynamic_task_mapping
[2024-03-03T04:46:32.341+0000] {logging_mixin.py:188} INFO - [2024-03-03T04:46:32.337+0000] {dag.py:3834} INFO - Setting next_dagrun for example_dynamic_task_mapping to 2022-03-04 00:00:00+00:00, run_after=2022-03-05 00:00:00+00:00
[2024-03-03T04:46:32.507+0000] {processor.py:183} INFO - Processing /home/airflow/.local/lib/python3.11/site-packages/airflow/example_dags/example_dynamic_task_mapping.py took 1.234 seconds
[2024-03-03T04:47:03.267+0000] {processor.py:161} INFO - Started process (PID=132) to work on /home/airflow/.local/lib/python3.11/site-packages/airflow/example_dags/example_dynamic_task_mapping.py
[2024-03-03T04:47:03.272+0000] {processor.py:830} INFO - Processing file /home/airflow/.local/lib/python3.11/site-packages/airflow/example_dags/example_dynamic_task_mapping.py for tasks to queue
[2024-03-03T04:47:03.278+0000] {logging_mixin.py:188} INFO - [2024-03-03T04:47:03.277+0000] {dagbag.py:540} INFO - Filling up the DagBag from /home/airflow/.local/lib/python3.11/site-packages/airflow/example_dags/example_dynamic_task_mapping.py
[2024-03-03T04:47:03.314+0000] {processor.py:840} INFO - DAG(s) 'example_dynamic_task_mapping' retrieved from /home/airflow/.local/lib/python3.11/site-packages/airflow/example_dags/example_dynamic_task_mapping.py
[2024-03-03T04:47:03.413+0000] {logging_mixin.py:188} INFO - [2024-03-03T04:47:03.413+0000] {dag.py:3047} INFO - Sync 1 DAGs
[2024-03-03T04:47:03.534+0000] {logging_mixin.py:188} INFO - [2024-03-03T04:47:03.533+0000] {dag.py:3834} INFO - Setting next_dagrun for example_dynamic_task_mapping to 2022-03-04 00:00:00+00:00, run_after=2022-03-05 00:00:00+00:00
[2024-03-03T04:47:03.678+0000] {processor.py:183} INFO - Processing /home/airflow/.local/lib/python3.11/site-packages/airflow/example_dags/example_dynamic_task_mapping.py took 0.421 seconds
[2024-03-03T04:47:34.001+0000] {processor.py:161} INFO - Started process (PID=187) to work on /home/airflow/.local/lib/python3.11/site-packages/airflow/example_dags/example_dynamic_task_mapping.py
[2024-03-03T04:47:34.007+0000] {processor.py:830} INFO - Processing file /home/airflow/.local/lib/python3.11/site-packages/airflow/example_dags/example_dynamic_task_mapping.py for tasks to queue
[2024-03-03T04:47:34.018+0000] {logging_mixin.py:188} INFO - [2024-03-03T04:47:34.017+0000] {dagbag.py:540} INFO - Filling up the DagBag from /home/airflow/.local/lib/python3.11/site-packages/airflow/example_dags/example_dynamic_task_mapping.py
[2024-03-03T04:47:34.363+0000] {processor.py:840} INFO - DAG(s) 'example_dynamic_task_mapping' retrieved from /home/airflow/.local/lib/python3.11/site-packages/airflow/example_dags/example_dynamic_task_mapping.py
[2024-03-03T04:47:34.688+0000] {logging_mixin.py:188} INFO - [2024-03-03T04:47:34.687+0000] {dag.py:3047} INFO - Sync 1 DAGs
[2024-03-03T04:47:35.030+0000] {logging_mixin.py:188} INFO - [2024-03-03T04:47:35.030+0000] {dag.py:3834} INFO - Setting next_dagrun for example_dynamic_task_mapping to 2022-03-04 00:00:00+00:00, run_after=2022-03-05 00:00:00+00:00
[2024-03-03T04:47:35.104+0000] {processor.py:183} INFO - Processing /home/airflow/.local/lib/python3.11/site-packages/airflow/example_dags/example_dynamic_task_mapping.py took 1.115 seconds
