[2024-03-03T04:46:13.453+0000] {processor.py:161} INFO - Started process (PID=58) to work on /home/airflow/.local/lib/python3.11/site-packages/airflow/example_dags/example_kubernetes_executor.py
[2024-03-03T04:46:13.460+0000] {processor.py:830} INFO - Processing file /home/airflow/.local/lib/python3.11/site-packages/airflow/example_dags/example_kubernetes_executor.py for tasks to queue
[2024-03-03T04:46:13.474+0000] {logging_mixin.py:188} INFO - [2024-03-03T04:46:13.474+0000] {dagbag.py:540} INFO - Filling up the DagBag from /home/airflow/.local/lib/python3.11/site-packages/airflow/example_dags/example_kubernetes_executor.py
[2024-03-03T04:46:13.599+0000] {processor.py:840} INFO - DAG(s) 'example_kubernetes_executor' retrieved from /home/airflow/.local/lib/python3.11/site-packages/airflow/example_dags/example_kubernetes_executor.py
[2024-03-03T04:46:14.403+0000] {logging_mixin.py:188} INFO - [2024-03-03T04:46:14.402+0000] {override.py:1769} INFO - Created Permission View: can read on DAG:example_kubernetes_executor
[2024-03-03T04:46:14.499+0000] {logging_mixin.py:188} INFO - [2024-03-03T04:46:14.494+0000] {override.py:1769} INFO - Created Permission View: can delete on DAG:example_kubernetes_executor
[2024-03-03T04:46:14.583+0000] {logging_mixin.py:188} INFO - [2024-03-03T04:46:14.581+0000] {override.py:1769} INFO - Created Permission View: can edit on DAG:example_kubernetes_executor
[2024-03-03T04:46:14.584+0000] {logging_mixin.py:188} INFO - [2024-03-03T04:46:14.584+0000] {dag.py:3047} INFO - Sync 1 DAGs
[2024-03-03T04:46:14.694+0000] {logging_mixin.py:188} INFO - [2024-03-03T04:46:14.693+0000] {dag.py:3069} INFO - Creating ORM DAG for example_kubernetes_executor
[2024-03-03T04:46:14.703+0000] {logging_mixin.py:188} INFO - [2024-03-03T04:46:14.703+0000] {dag.py:3834} INFO - Setting next_dagrun for example_kubernetes_executor to None, run_after=None
[2024-03-03T04:46:14.889+0000] {processor.py:183} INFO - Processing /home/airflow/.local/lib/python3.11/site-packages/airflow/example_dags/example_kubernetes_executor.py took 1.451 seconds
[2024-03-03T04:46:47.958+0000] {processor.py:161} INFO - Started process (PID=113) to work on /home/airflow/.local/lib/python3.11/site-packages/airflow/example_dags/example_kubernetes_executor.py
[2024-03-03T04:46:47.962+0000] {processor.py:830} INFO - Processing file /home/airflow/.local/lib/python3.11/site-packages/airflow/example_dags/example_kubernetes_executor.py for tasks to queue
[2024-03-03T04:46:47.971+0000] {logging_mixin.py:188} INFO - [2024-03-03T04:46:47.970+0000] {dagbag.py:540} INFO - Filling up the DagBag from /home/airflow/.local/lib/python3.11/site-packages/airflow/example_dags/example_kubernetes_executor.py
[2024-03-03T04:46:48.004+0000] {processor.py:840} INFO - DAG(s) 'example_kubernetes_executor' retrieved from /home/airflow/.local/lib/python3.11/site-packages/airflow/example_dags/example_kubernetes_executor.py
[2024-03-03T04:46:48.226+0000] {logging_mixin.py:188} INFO - [2024-03-03T04:46:48.226+0000] {dag.py:3047} INFO - Sync 1 DAGs
[2024-03-03T04:46:48.269+0000] {logging_mixin.py:188} INFO - [2024-03-03T04:46:48.268+0000] {dag.py:3834} INFO - Setting next_dagrun for example_kubernetes_executor to None, run_after=None
[2024-03-03T04:46:48.378+0000] {processor.py:183} INFO - Processing /home/airflow/.local/lib/python3.11/site-packages/airflow/example_dags/example_kubernetes_executor.py took 0.427 seconds
[2024-03-03T04:47:18.920+0000] {processor.py:161} INFO - Started process (PID=166) to work on /home/airflow/.local/lib/python3.11/site-packages/airflow/example_dags/example_kubernetes_executor.py
[2024-03-03T04:47:18.924+0000] {processor.py:830} INFO - Processing file /home/airflow/.local/lib/python3.11/site-packages/airflow/example_dags/example_kubernetes_executor.py for tasks to queue
[2024-03-03T04:47:18.931+0000] {logging_mixin.py:188} INFO - [2024-03-03T04:47:18.930+0000] {dagbag.py:540} INFO - Filling up the DagBag from /home/airflow/.local/lib/python3.11/site-packages/airflow/example_dags/example_kubernetes_executor.py
[2024-03-03T04:47:19.137+0000] {processor.py:840} INFO - DAG(s) 'example_kubernetes_executor' retrieved from /home/airflow/.local/lib/python3.11/site-packages/airflow/example_dags/example_kubernetes_executor.py
[2024-03-03T04:47:19.309+0000] {logging_mixin.py:188} INFO - [2024-03-03T04:47:19.309+0000] {dag.py:3047} INFO - Sync 1 DAGs
[2024-03-03T04:47:19.368+0000] {logging_mixin.py:188} INFO - [2024-03-03T04:47:19.367+0000] {dag.py:3834} INFO - Setting next_dagrun for example_kubernetes_executor to None, run_after=None
[2024-03-03T04:47:19.468+0000] {processor.py:183} INFO - Processing /home/airflow/.local/lib/python3.11/site-packages/airflow/example_dags/example_kubernetes_executor.py took 0.558 seconds
