[2024-03-03T04:46:21.049+0000] {processor.py:161} INFO - Started process (PID=66) to work on /home/airflow/.local/lib/python3.11/site-packages/airflow/example_dags/example_dag_decorator.py
[2024-03-03T04:46:21.059+0000] {processor.py:830} INFO - Processing file /home/airflow/.local/lib/python3.11/site-packages/airflow/example_dags/example_dag_decorator.py for tasks to queue
[2024-03-03T04:46:21.077+0000] {logging_mixin.py:188} INFO - [2024-03-03T04:46:21.074+0000] {dagbag.py:540} INFO - Filling up the DagBag from /home/airflow/.local/lib/python3.11/site-packages/airflow/example_dags/example_dag_decorator.py
[2024-03-03T04:46:23.207+0000] {processor.py:840} INFO - DAG(s) 'example_dag_decorator' retrieved from /home/airflow/.local/lib/python3.11/site-packages/airflow/example_dags/example_dag_decorator.py
[2024-03-03T04:46:23.892+0000] {logging_mixin.py:188} INFO - [2024-03-03T04:46:23.888+0000] {override.py:1769} INFO - Created Permission View: can read on DAG:example_dag_decorator
[2024-03-03T04:46:23.940+0000] {logging_mixin.py:188} INFO - [2024-03-03T04:46:23.940+0000] {override.py:1769} INFO - Created Permission View: can delete on DAG:example_dag_decorator
[2024-03-03T04:46:23.973+0000] {logging_mixin.py:188} INFO - [2024-03-03T04:46:23.972+0000] {override.py:1769} INFO - Created Permission View: can edit on DAG:example_dag_decorator
[2024-03-03T04:46:23.977+0000] {logging_mixin.py:188} INFO - [2024-03-03T04:46:23.976+0000] {dag.py:3047} INFO - Sync 1 DAGs
[2024-03-03T04:46:24.010+0000] {logging_mixin.py:188} INFO - [2024-03-03T04:46:24.010+0000] {dag.py:3069} INFO - Creating ORM DAG for example_dag_decorator
[2024-03-03T04:46:24.012+0000] {logging_mixin.py:188} INFO - [2024-03-03T04:46:24.012+0000] {dag.py:3834} INFO - Setting next_dagrun for example_dag_decorator to None, run_after=None
[2024-03-03T04:46:24.066+0000] {processor.py:183} INFO - Processing /home/airflow/.local/lib/python3.11/site-packages/airflow/example_dags/example_dag_decorator.py took 3.048 seconds
[2024-03-03T04:46:54.408+0000] {processor.py:161} INFO - Started process (PID=121) to work on /home/airflow/.local/lib/python3.11/site-packages/airflow/example_dags/example_dag_decorator.py
[2024-03-03T04:46:54.413+0000] {processor.py:830} INFO - Processing file /home/airflow/.local/lib/python3.11/site-packages/airflow/example_dags/example_dag_decorator.py for tasks to queue
[2024-03-03T04:46:54.421+0000] {logging_mixin.py:188} INFO - [2024-03-03T04:46:54.419+0000] {dagbag.py:540} INFO - Filling up the DagBag from /home/airflow/.local/lib/python3.11/site-packages/airflow/example_dags/example_dag_decorator.py
[2024-03-03T04:46:55.830+0000] {processor.py:840} INFO - DAG(s) 'example_dag_decorator' retrieved from /home/airflow/.local/lib/python3.11/site-packages/airflow/example_dags/example_dag_decorator.py
[2024-03-03T04:46:57.468+0000] {logging_mixin.py:188} INFO - [2024-03-03T04:46:57.467+0000] {dag.py:3047} INFO - Sync 1 DAGs
[2024-03-03T04:46:57.519+0000] {logging_mixin.py:188} INFO - [2024-03-03T04:46:57.517+0000] {dag.py:3834} INFO - Setting next_dagrun for example_dag_decorator to None, run_after=None
[2024-03-03T04:46:57.601+0000] {processor.py:183} INFO - Processing /home/airflow/.local/lib/python3.11/site-packages/airflow/example_dags/example_dag_decorator.py took 3.220 seconds
[2024-03-03T04:47:28.108+0000] {processor.py:161} INFO - Started process (PID=179) to work on /home/airflow/.local/lib/python3.11/site-packages/airflow/example_dags/example_dag_decorator.py
[2024-03-03T04:47:28.114+0000] {processor.py:830} INFO - Processing file /home/airflow/.local/lib/python3.11/site-packages/airflow/example_dags/example_dag_decorator.py for tasks to queue
[2024-03-03T04:47:28.144+0000] {logging_mixin.py:188} INFO - [2024-03-03T04:47:28.142+0000] {dagbag.py:540} INFO - Filling up the DagBag from /home/airflow/.local/lib/python3.11/site-packages/airflow/example_dags/example_dag_decorator.py
[2024-03-03T04:47:29.036+0000] {processor.py:840} INFO - DAG(s) 'example_dag_decorator' retrieved from /home/airflow/.local/lib/python3.11/site-packages/airflow/example_dags/example_dag_decorator.py
[2024-03-03T04:47:29.669+0000] {logging_mixin.py:188} INFO - [2024-03-03T04:47:29.669+0000] {dag.py:3047} INFO - Sync 1 DAGs
[2024-03-03T04:47:29.702+0000] {logging_mixin.py:188} INFO - [2024-03-03T04:47:29.702+0000] {dag.py:3834} INFO - Setting next_dagrun for example_dag_decorator to None, run_after=None
[2024-03-03T04:47:29.764+0000] {processor.py:183} INFO - Processing /home/airflow/.local/lib/python3.11/site-packages/airflow/example_dags/example_dag_decorator.py took 1.664 seconds
