[2024-03-03T04:46:20.413+0000] {processor.py:161} INFO - Started process (PID=65) to work on /home/airflow/.local/lib/python3.11/site-packages/airflow/example_dags/example_latest_only_with_trigger.py
[2024-03-03T04:46:20.429+0000] {processor.py:830} INFO - Processing file /home/airflow/.local/lib/python3.11/site-packages/airflow/example_dags/example_latest_only_with_trigger.py for tasks to queue
[2024-03-03T04:46:20.454+0000] {logging_mixin.py:188} INFO - [2024-03-03T04:46:20.454+0000] {dagbag.py:540} INFO - Filling up the DagBag from /home/airflow/.local/lib/python3.11/site-packages/airflow/example_dags/example_latest_only_with_trigger.py
[2024-03-03T04:46:20.545+0000] {processor.py:840} INFO - DAG(s) 'latest_only_with_trigger' retrieved from /home/airflow/.local/lib/python3.11/site-packages/airflow/example_dags/example_latest_only_with_trigger.py
[2024-03-03T04:46:21.620+0000] {logging_mixin.py:188} INFO - [2024-03-03T04:46:21.618+0000] {override.py:1769} INFO - Created Permission View: can read on DAG:latest_only_with_trigger
[2024-03-03T04:46:21.792+0000] {logging_mixin.py:188} INFO - [2024-03-03T04:46:21.791+0000] {override.py:1769} INFO - Created Permission View: can delete on DAG:latest_only_with_trigger
[2024-03-03T04:46:21.860+0000] {logging_mixin.py:188} INFO - [2024-03-03T04:46:21.860+0000] {override.py:1769} INFO - Created Permission View: can edit on DAG:latest_only_with_trigger
[2024-03-03T04:46:21.863+0000] {logging_mixin.py:188} INFO - [2024-03-03T04:46:21.863+0000] {dag.py:3047} INFO - Sync 1 DAGs
[2024-03-03T04:46:21.955+0000] {logging_mixin.py:188} INFO - [2024-03-03T04:46:21.955+0000] {dag.py:3069} INFO - Creating ORM DAG for latest_only_with_trigger
[2024-03-03T04:46:22.031+0000] {logging_mixin.py:188} INFO - [2024-03-03T04:46:22.031+0000] {dag.py:3834} INFO - Setting next_dagrun for latest_only_with_trigger to 2024-03-03 00:00:00+00:00, run_after=2024-03-03 04:00:00+00:00
[2024-03-03T04:46:22.170+0000] {processor.py:183} INFO - Processing /home/airflow/.local/lib/python3.11/site-packages/airflow/example_dags/example_latest_only_with_trigger.py took 1.800 seconds
[2024-03-03T04:46:52.308+0000] {processor.py:161} INFO - Started process (PID=120) to work on /home/airflow/.local/lib/python3.11/site-packages/airflow/example_dags/example_latest_only_with_trigger.py
[2024-03-03T04:46:52.311+0000] {processor.py:830} INFO - Processing file /home/airflow/.local/lib/python3.11/site-packages/airflow/example_dags/example_latest_only_with_trigger.py for tasks to queue
[2024-03-03T04:46:52.316+0000] {logging_mixin.py:188} INFO - [2024-03-03T04:46:52.315+0000] {dagbag.py:540} INFO - Filling up the DagBag from /home/airflow/.local/lib/python3.11/site-packages/airflow/example_dags/example_latest_only_with_trigger.py
[2024-03-03T04:46:52.337+0000] {processor.py:840} INFO - DAG(s) 'latest_only_with_trigger' retrieved from /home/airflow/.local/lib/python3.11/site-packages/airflow/example_dags/example_latest_only_with_trigger.py
[2024-03-03T04:46:52.405+0000] {logging_mixin.py:188} INFO - [2024-03-03T04:46:52.405+0000] {dag.py:3047} INFO - Sync 1 DAGs
[2024-03-03T04:46:52.468+0000] {logging_mixin.py:188} INFO - [2024-03-03T04:46:52.468+0000] {dag.py:3834} INFO - Setting next_dagrun for latest_only_with_trigger to 2024-03-03 00:00:00+00:00, run_after=2024-03-03 04:00:00+00:00
[2024-03-03T04:46:52.529+0000] {processor.py:183} INFO - Processing /home/airflow/.local/lib/python3.11/site-packages/airflow/example_dags/example_latest_only_with_trigger.py took 0.231 seconds
[2024-03-03T04:47:23.266+0000] {processor.py:161} INFO - Started process (PID=174) to work on /home/airflow/.local/lib/python3.11/site-packages/airflow/example_dags/example_latest_only_with_trigger.py
[2024-03-03T04:47:23.273+0000] {processor.py:830} INFO - Processing file /home/airflow/.local/lib/python3.11/site-packages/airflow/example_dags/example_latest_only_with_trigger.py for tasks to queue
[2024-03-03T04:47:23.285+0000] {logging_mixin.py:188} INFO - [2024-03-03T04:47:23.281+0000] {dagbag.py:540} INFO - Filling up the DagBag from /home/airflow/.local/lib/python3.11/site-packages/airflow/example_dags/example_latest_only_with_trigger.py
[2024-03-03T04:47:23.334+0000] {processor.py:840} INFO - DAG(s) 'latest_only_with_trigger' retrieved from /home/airflow/.local/lib/python3.11/site-packages/airflow/example_dags/example_latest_only_with_trigger.py
[2024-03-03T04:47:23.434+0000] {logging_mixin.py:188} INFO - [2024-03-03T04:47:23.433+0000] {dag.py:3047} INFO - Sync 1 DAGs
[2024-03-03T04:47:23.601+0000] {logging_mixin.py:188} INFO - [2024-03-03T04:47:23.600+0000] {dag.py:3834} INFO - Setting next_dagrun for latest_only_with_trigger to 2024-03-03 00:00:00+00:00, run_after=2024-03-03 04:00:00+00:00
[2024-03-03T04:47:23.693+0000] {processor.py:183} INFO - Processing /home/airflow/.local/lib/python3.11/site-packages/airflow/example_dags/example_latest_only_with_trigger.py took 0.460 seconds
