[2024-03-03T04:46:22.315+0000] {processor.py:161} INFO - Started process (PID=67) to work on /home/airflow/.local/lib/python3.11/site-packages/airflow/example_dags/example_params_trigger_ui.py
[2024-03-03T04:46:22.320+0000] {processor.py:830} INFO - Processing file /home/airflow/.local/lib/python3.11/site-packages/airflow/example_dags/example_params_trigger_ui.py for tasks to queue
[2024-03-03T04:46:22.342+0000] {logging_mixin.py:188} INFO - [2024-03-03T04:46:22.341+0000] {dagbag.py:540} INFO - Filling up the DagBag from /home/airflow/.local/lib/python3.11/site-packages/airflow/example_dags/example_params_trigger_ui.py
[2024-03-03T04:46:22.548+0000] {processor.py:840} INFO - DAG(s) 'example_params_trigger_ui' retrieved from /home/airflow/.local/lib/python3.11/site-packages/airflow/example_dags/example_params_trigger_ui.py
[2024-03-03T04:46:23.428+0000] {logging_mixin.py:188} INFO - [2024-03-03T04:46:23.427+0000] {override.py:1769} INFO - Created Permission View: can read on DAG:example_params_trigger_ui
[2024-03-03T04:46:23.494+0000] {logging_mixin.py:188} INFO - [2024-03-03T04:46:23.494+0000] {override.py:1769} INFO - Created Permission View: can delete on DAG:example_params_trigger_ui
[2024-03-03T04:46:23.581+0000] {logging_mixin.py:188} INFO - [2024-03-03T04:46:23.580+0000] {override.py:1769} INFO - Created Permission View: can edit on DAG:example_params_trigger_ui
[2024-03-03T04:46:23.587+0000] {logging_mixin.py:188} INFO - [2024-03-03T04:46:23.587+0000] {dag.py:3047} INFO - Sync 1 DAGs
[2024-03-03T04:46:23.680+0000] {logging_mixin.py:188} INFO - [2024-03-03T04:46:23.680+0000] {dag.py:3069} INFO - Creating ORM DAG for example_params_trigger_ui
[2024-03-03T04:46:23.685+0000] {logging_mixin.py:188} INFO - [2024-03-03T04:46:23.684+0000] {dag.py:3834} INFO - Setting next_dagrun for example_params_trigger_ui to None, run_after=None
[2024-03-03T04:46:23.789+0000] {processor.py:183} INFO - Processing /home/airflow/.local/lib/python3.11/site-packages/airflow/example_dags/example_params_trigger_ui.py took 1.501 seconds
[2024-03-03T04:46:54.477+0000] {processor.py:161} INFO - Started process (PID=122) to work on /home/airflow/.local/lib/python3.11/site-packages/airflow/example_dags/example_params_trigger_ui.py
[2024-03-03T04:46:54.490+0000] {processor.py:830} INFO - Processing file /home/airflow/.local/lib/python3.11/site-packages/airflow/example_dags/example_params_trigger_ui.py for tasks to queue
[2024-03-03T04:46:54.497+0000] {logging_mixin.py:188} INFO - [2024-03-03T04:46:54.496+0000] {dagbag.py:540} INFO - Filling up the DagBag from /home/airflow/.local/lib/python3.11/site-packages/airflow/example_dags/example_params_trigger_ui.py
[2024-03-03T04:46:54.574+0000] {processor.py:840} INFO - DAG(s) 'example_params_trigger_ui' retrieved from /home/airflow/.local/lib/python3.11/site-packages/airflow/example_dags/example_params_trigger_ui.py
[2024-03-03T04:46:54.771+0000] {logging_mixin.py:188} INFO - [2024-03-03T04:46:54.770+0000] {dag.py:3047} INFO - Sync 1 DAGs
[2024-03-03T04:46:55.076+0000] {logging_mixin.py:188} INFO - [2024-03-03T04:46:55.076+0000] {dag.py:3834} INFO - Setting next_dagrun for example_params_trigger_ui to None, run_after=None
[2024-03-03T04:46:55.331+0000] {processor.py:183} INFO - Processing /home/airflow/.local/lib/python3.11/site-packages/airflow/example_dags/example_params_trigger_ui.py took 0.868 seconds
[2024-03-03T04:47:25.648+0000] {processor.py:161} INFO - Started process (PID=176) to work on /home/airflow/.local/lib/python3.11/site-packages/airflow/example_dags/example_params_trigger_ui.py
[2024-03-03T04:47:25.652+0000] {processor.py:830} INFO - Processing file /home/airflow/.local/lib/python3.11/site-packages/airflow/example_dags/example_params_trigger_ui.py for tasks to queue
[2024-03-03T04:47:25.663+0000] {logging_mixin.py:188} INFO - [2024-03-03T04:47:25.663+0000] {dagbag.py:540} INFO - Filling up the DagBag from /home/airflow/.local/lib/python3.11/site-packages/airflow/example_dags/example_params_trigger_ui.py
[2024-03-03T04:47:25.950+0000] {processor.py:840} INFO - DAG(s) 'example_params_trigger_ui' retrieved from /home/airflow/.local/lib/python3.11/site-packages/airflow/example_dags/example_params_trigger_ui.py
[2024-03-03T04:47:26.085+0000] {logging_mixin.py:188} INFO - [2024-03-03T04:47:26.085+0000] {dag.py:3047} INFO - Sync 1 DAGs
[2024-03-03T04:47:26.130+0000] {logging_mixin.py:188} INFO - [2024-03-03T04:47:26.127+0000] {dag.py:3834} INFO - Setting next_dagrun for example_params_trigger_ui to None, run_after=None
[2024-03-03T04:47:26.466+0000] {processor.py:183} INFO - Processing /home/airflow/.local/lib/python3.11/site-packages/airflow/example_dags/example_params_trigger_ui.py took 0.826 seconds
