[2024-03-03T04:46:31.355+0000] {processor.py:161} INFO - Started process (PID=78) to work on /home/airflow/.local/lib/python3.11/site-packages/airflow/example_dags/example_short_circuit_decorator.py
[2024-03-03T04:46:31.372+0000] {processor.py:830} INFO - Processing file /home/airflow/.local/lib/python3.11/site-packages/airflow/example_dags/example_short_circuit_decorator.py for tasks to queue
[2024-03-03T04:46:31.377+0000] {logging_mixin.py:188} INFO - [2024-03-03T04:46:31.377+0000] {dagbag.py:540} INFO - Filling up the DagBag from /home/airflow/.local/lib/python3.11/site-packages/airflow/example_dags/example_short_circuit_decorator.py
[2024-03-03T04:46:31.423+0000] {processor.py:840} INFO - DAG(s) 'example_short_circuit_decorator' retrieved from /home/airflow/.local/lib/python3.11/site-packages/airflow/example_dags/example_short_circuit_decorator.py
[2024-03-03T04:46:32.123+0000] {logging_mixin.py:188} INFO - [2024-03-03T04:46:32.121+0000] {override.py:1769} INFO - Created Permission View: can read on DAG:example_short_circuit_decorator
[2024-03-03T04:46:32.352+0000] {logging_mixin.py:188} INFO - [2024-03-03T04:46:32.351+0000] {override.py:1769} INFO - Created Permission View: can delete on DAG:example_short_circuit_decorator
[2024-03-03T04:46:32.475+0000] {logging_mixin.py:188} INFO - [2024-03-03T04:46:32.474+0000] {override.py:1769} INFO - Created Permission View: can edit on DAG:example_short_circuit_decorator
[2024-03-03T04:46:32.479+0000] {logging_mixin.py:188} INFO - [2024-03-03T04:46:32.478+0000] {dag.py:3047} INFO - Sync 1 DAGs
[2024-03-03T04:46:32.520+0000] {logging_mixin.py:188} INFO - [2024-03-03T04:46:32.520+0000] {dag.py:3069} INFO - Creating ORM DAG for example_short_circuit_decorator
[2024-03-03T04:46:32.572+0000] {logging_mixin.py:188} INFO - [2024-03-03T04:46:32.572+0000] {dag.py:3834} INFO - Setting next_dagrun for example_short_circuit_decorator to 2024-03-02 00:00:00+00:00, run_after=2024-03-03 00:00:00+00:00
[2024-03-03T04:46:32.670+0000] {processor.py:183} INFO - Processing /home/airflow/.local/lib/python3.11/site-packages/airflow/example_dags/example_short_circuit_decorator.py took 1.334 seconds
[2024-03-03T04:47:03.308+0000] {processor.py:161} INFO - Started process (PID=133) to work on /home/airflow/.local/lib/python3.11/site-packages/airflow/example_dags/example_short_circuit_decorator.py
[2024-03-03T04:47:03.334+0000] {processor.py:830} INFO - Processing file /home/airflow/.local/lib/python3.11/site-packages/airflow/example_dags/example_short_circuit_decorator.py for tasks to queue
[2024-03-03T04:47:03.347+0000] {logging_mixin.py:188} INFO - [2024-03-03T04:47:03.346+0000] {dagbag.py:540} INFO - Filling up the DagBag from /home/airflow/.local/lib/python3.11/site-packages/airflow/example_dags/example_short_circuit_decorator.py
[2024-03-03T04:47:03.414+0000] {processor.py:840} INFO - DAG(s) 'example_short_circuit_decorator' retrieved from /home/airflow/.local/lib/python3.11/site-packages/airflow/example_dags/example_short_circuit_decorator.py
[2024-03-03T04:47:03.540+0000] {logging_mixin.py:188} INFO - [2024-03-03T04:47:03.539+0000] {dag.py:3047} INFO - Sync 1 DAGs
[2024-03-03T04:47:03.777+0000] {logging_mixin.py:188} INFO - [2024-03-03T04:47:03.776+0000] {dag.py:3834} INFO - Setting next_dagrun for example_short_circuit_decorator to 2024-03-02 00:00:00+00:00, run_after=2024-03-03 00:00:00+00:00
[2024-03-03T04:47:03.950+0000] {processor.py:183} INFO - Processing /home/airflow/.local/lib/python3.11/site-packages/airflow/example_dags/example_short_circuit_decorator.py took 0.655 seconds
[2024-03-03T04:47:34.453+0000] {processor.py:161} INFO - Started process (PID=188) to work on /home/airflow/.local/lib/python3.11/site-packages/airflow/example_dags/example_short_circuit_decorator.py
[2024-03-03T04:47:34.476+0000] {processor.py:830} INFO - Processing file /home/airflow/.local/lib/python3.11/site-packages/airflow/example_dags/example_short_circuit_decorator.py for tasks to queue
[2024-03-03T04:47:34.510+0000] {logging_mixin.py:188} INFO - [2024-03-03T04:47:34.503+0000] {dagbag.py:540} INFO - Filling up the DagBag from /home/airflow/.local/lib/python3.11/site-packages/airflow/example_dags/example_short_circuit_decorator.py
[2024-03-03T04:47:34.693+0000] {processor.py:840} INFO - DAG(s) 'example_short_circuit_decorator' retrieved from /home/airflow/.local/lib/python3.11/site-packages/airflow/example_dags/example_short_circuit_decorator.py
[2024-03-03T04:47:34.968+0000] {logging_mixin.py:188} INFO - [2024-03-03T04:47:34.968+0000] {dag.py:3047} INFO - Sync 1 DAGs
[2024-03-03T04:47:35.094+0000] {logging_mixin.py:188} INFO - [2024-03-03T04:47:35.094+0000] {dag.py:3834} INFO - Setting next_dagrun for example_short_circuit_decorator to 2024-03-02 00:00:00+00:00, run_after=2024-03-03 00:00:00+00:00
[2024-03-03T04:47:35.213+0000] {processor.py:183} INFO - Processing /home/airflow/.local/lib/python3.11/site-packages/airflow/example_dags/example_short_circuit_decorator.py took 0.794 seconds
