[2024-03-03T04:46:25.402+0000] {processor.py:161} INFO - Started process (PID=71) to work on /home/airflow/.local/lib/python3.11/site-packages/airflow/example_dags/example_task_group_decorator.py
[2024-03-03T04:46:25.405+0000] {processor.py:830} INFO - Processing file /home/airflow/.local/lib/python3.11/site-packages/airflow/example_dags/example_task_group_decorator.py for tasks to queue
[2024-03-03T04:46:25.416+0000] {logging_mixin.py:188} INFO - [2024-03-03T04:46:25.415+0000] {dagbag.py:540} INFO - Filling up the DagBag from /home/airflow/.local/lib/python3.11/site-packages/airflow/example_dags/example_task_group_decorator.py
[2024-03-03T04:46:25.513+0000] {processor.py:840} INFO - DAG(s) 'example_task_group_decorator' retrieved from /home/airflow/.local/lib/python3.11/site-packages/airflow/example_dags/example_task_group_decorator.py
[2024-03-03T04:46:26.104+0000] {logging_mixin.py:188} INFO - [2024-03-03T04:46:26.102+0000] {override.py:1769} INFO - Created Permission View: can read on DAG:example_task_group_decorator
[2024-03-03T04:46:26.177+0000] {logging_mixin.py:188} INFO - [2024-03-03T04:46:26.176+0000] {override.py:1769} INFO - Created Permission View: can delete on DAG:example_task_group_decorator
[2024-03-03T04:46:26.220+0000] {logging_mixin.py:188} INFO - [2024-03-03T04:46:26.219+0000] {override.py:1769} INFO - Created Permission View: can edit on DAG:example_task_group_decorator
[2024-03-03T04:46:26.222+0000] {logging_mixin.py:188} INFO - [2024-03-03T04:46:26.221+0000] {dag.py:3047} INFO - Sync 1 DAGs
[2024-03-03T04:46:26.286+0000] {logging_mixin.py:188} INFO - [2024-03-03T04:46:26.278+0000] {dag.py:3069} INFO - Creating ORM DAG for example_task_group_decorator
[2024-03-03T04:46:26.324+0000] {logging_mixin.py:188} INFO - [2024-03-03T04:46:26.323+0000] {dag.py:3834} INFO - Setting next_dagrun for example_task_group_decorator to 2024-03-02 00:00:00+00:00, run_after=2024-03-03 00:00:00+00:00
[2024-03-03T04:46:26.395+0000] {processor.py:183} INFO - Processing /home/airflow/.local/lib/python3.11/site-packages/airflow/example_dags/example_task_group_decorator.py took 1.008 seconds
[2024-03-03T04:46:57.326+0000] {processor.py:161} INFO - Started process (PID=126) to work on /home/airflow/.local/lib/python3.11/site-packages/airflow/example_dags/example_task_group_decorator.py
[2024-03-03T04:46:57.335+0000] {processor.py:830} INFO - Processing file /home/airflow/.local/lib/python3.11/site-packages/airflow/example_dags/example_task_group_decorator.py for tasks to queue
[2024-03-03T04:46:57.348+0000] {logging_mixin.py:188} INFO - [2024-03-03T04:46:57.346+0000] {dagbag.py:540} INFO - Filling up the DagBag from /home/airflow/.local/lib/python3.11/site-packages/airflow/example_dags/example_task_group_decorator.py
[2024-03-03T04:46:57.469+0000] {processor.py:840} INFO - DAG(s) 'example_task_group_decorator' retrieved from /home/airflow/.local/lib/python3.11/site-packages/airflow/example_dags/example_task_group_decorator.py
[2024-03-03T04:46:57.652+0000] {logging_mixin.py:188} INFO - [2024-03-03T04:46:57.652+0000] {dag.py:3047} INFO - Sync 1 DAGs
[2024-03-03T04:46:57.738+0000] {logging_mixin.py:188} INFO - [2024-03-03T04:46:57.736+0000] {dag.py:3834} INFO - Setting next_dagrun for example_task_group_decorator to 2024-03-02 00:00:00+00:00, run_after=2024-03-03 00:00:00+00:00
[2024-03-03T04:46:57.828+0000] {processor.py:183} INFO - Processing /home/airflow/.local/lib/python3.11/site-packages/airflow/example_dags/example_task_group_decorator.py took 0.515 seconds
[2024-03-03T04:47:28.803+0000] {processor.py:161} INFO - Started process (PID=181) to work on /home/airflow/.local/lib/python3.11/site-packages/airflow/example_dags/example_task_group_decorator.py
[2024-03-03T04:47:28.808+0000] {processor.py:830} INFO - Processing file /home/airflow/.local/lib/python3.11/site-packages/airflow/example_dags/example_task_group_decorator.py for tasks to queue
[2024-03-03T04:47:28.814+0000] {logging_mixin.py:188} INFO - [2024-03-03T04:47:28.813+0000] {dagbag.py:540} INFO - Filling up the DagBag from /home/airflow/.local/lib/python3.11/site-packages/airflow/example_dags/example_task_group_decorator.py
[2024-03-03T04:47:28.881+0000] {processor.py:840} INFO - DAG(s) 'example_task_group_decorator' retrieved from /home/airflow/.local/lib/python3.11/site-packages/airflow/example_dags/example_task_group_decorator.py
[2024-03-03T04:47:28.986+0000] {logging_mixin.py:188} INFO - [2024-03-03T04:47:28.985+0000] {dag.py:3047} INFO - Sync 1 DAGs
[2024-03-03T04:47:29.057+0000] {logging_mixin.py:188} INFO - [2024-03-03T04:47:29.056+0000] {dag.py:3834} INFO - Setting next_dagrun for example_task_group_decorator to 2024-03-02 00:00:00+00:00, run_after=2024-03-03 00:00:00+00:00
[2024-03-03T04:47:29.108+0000] {processor.py:183} INFO - Processing /home/airflow/.local/lib/python3.11/site-packages/airflow/example_dags/example_task_group_decorator.py took 0.314 seconds
