[2024-03-03T04:46:37.233+0000] {processor.py:161} INFO - Started process (PID=85) to work on /home/airflow/.local/lib/python3.11/site-packages/airflow/example_dags/example_xcomargs.py
[2024-03-03T04:46:37.239+0000] {processor.py:830} INFO - Processing file /home/airflow/.local/lib/python3.11/site-packages/airflow/example_dags/example_xcomargs.py for tasks to queue
[2024-03-03T04:46:37.283+0000] {logging_mixin.py:188} INFO - [2024-03-03T04:46:37.281+0000] {dagbag.py:540} INFO - Filling up the DagBag from /home/airflow/.local/lib/python3.11/site-packages/airflow/example_dags/example_xcomargs.py
[2024-03-03T04:46:37.342+0000] {processor.py:840} INFO - DAG(s) 'example_xcom_args', 'example_xcom_args_with_operators' retrieved from /home/airflow/.local/lib/python3.11/site-packages/airflow/example_dags/example_xcomargs.py
[2024-03-03T04:46:37.946+0000] {logging_mixin.py:188} INFO - [2024-03-03T04:46:37.941+0000] {override.py:1769} INFO - Created Permission View: can read on DAG:example_xcom_args
[2024-03-03T04:46:37.990+0000] {logging_mixin.py:188} INFO - [2024-03-03T04:46:37.989+0000] {override.py:1769} INFO - Created Permission View: can delete on DAG:example_xcom_args
[2024-03-03T04:46:38.415+0000] {logging_mixin.py:188} INFO - [2024-03-03T04:46:38.415+0000] {override.py:1769} INFO - Created Permission View: can edit on DAG:example_xcom_args
[2024-03-03T04:46:38.629+0000] {logging_mixin.py:188} INFO - [2024-03-03T04:46:38.628+0000] {override.py:1769} INFO - Created Permission View: can read on DAG:example_xcom_args_with_operators
[2024-03-03T04:46:38.675+0000] {logging_mixin.py:188} INFO - [2024-03-03T04:46:38.674+0000] {override.py:1769} INFO - Created Permission View: can delete on DAG:example_xcom_args_with_operators
[2024-03-03T04:46:38.714+0000] {logging_mixin.py:188} INFO - [2024-03-03T04:46:38.714+0000] {override.py:1769} INFO - Created Permission View: can edit on DAG:example_xcom_args_with_operators
[2024-03-03T04:46:38.716+0000] {logging_mixin.py:188} INFO - [2024-03-03T04:46:38.715+0000] {dag.py:3047} INFO - Sync 2 DAGs
[2024-03-03T04:46:38.865+0000] {logging_mixin.py:188} INFO - [2024-03-03T04:46:38.856+0000] {dag.py:3069} INFO - Creating ORM DAG for example_xcom_args_with_operators
[2024-03-03T04:46:38.905+0000] {logging_mixin.py:188} INFO - [2024-03-03T04:46:38.905+0000] {dag.py:3069} INFO - Creating ORM DAG for example_xcom_args
[2024-03-03T04:46:38.916+0000] {logging_mixin.py:188} INFO - [2024-03-03T04:46:38.914+0000] {dag.py:3834} INFO - Setting next_dagrun for example_xcom_args to None, run_after=None
[2024-03-03T04:46:38.935+0000] {logging_mixin.py:188} INFO - [2024-03-03T04:46:38.934+0000] {dag.py:3834} INFO - Setting next_dagrun for example_xcom_args_with_operators to None, run_after=None
[2024-03-03T04:46:39.021+0000] {processor.py:183} INFO - Processing /home/airflow/.local/lib/python3.11/site-packages/airflow/example_dags/example_xcomargs.py took 1.838 seconds
[2024-03-03T04:47:09.590+0000] {processor.py:161} INFO - Started process (PID=140) to work on /home/airflow/.local/lib/python3.11/site-packages/airflow/example_dags/example_xcomargs.py
[2024-03-03T04:47:09.596+0000] {processor.py:830} INFO - Processing file /home/airflow/.local/lib/python3.11/site-packages/airflow/example_dags/example_xcomargs.py for tasks to queue
[2024-03-03T04:47:09.620+0000] {logging_mixin.py:188} INFO - [2024-03-03T04:47:09.619+0000] {dagbag.py:540} INFO - Filling up the DagBag from /home/airflow/.local/lib/python3.11/site-packages/airflow/example_dags/example_xcomargs.py
[2024-03-03T04:47:09.670+0000] {processor.py:840} INFO - DAG(s) 'example_xcom_args_with_operators', 'example_xcom_args' retrieved from /home/airflow/.local/lib/python3.11/site-packages/airflow/example_dags/example_xcomargs.py
[2024-03-03T04:47:09.771+0000] {logging_mixin.py:188} INFO - [2024-03-03T04:47:09.771+0000] {dag.py:3047} INFO - Sync 2 DAGs
[2024-03-03T04:47:09.839+0000] {logging_mixin.py:188} INFO - [2024-03-03T04:47:09.838+0000] {dag.py:3834} INFO - Setting next_dagrun for example_xcom_args to None, run_after=None
[2024-03-03T04:47:09.856+0000] {logging_mixin.py:188} INFO - [2024-03-03T04:47:09.856+0000] {dag.py:3834} INFO - Setting next_dagrun for example_xcom_args_with_operators to None, run_after=None
[2024-03-03T04:47:10.180+0000] {processor.py:183} INFO - Processing /home/airflow/.local/lib/python3.11/site-packages/airflow/example_dags/example_xcomargs.py took 0.604 seconds
[2024-03-03T04:47:40.720+0000] {processor.py:161} INFO - Started process (PID=195) to work on /home/airflow/.local/lib/python3.11/site-packages/airflow/example_dags/example_xcomargs.py
[2024-03-03T04:47:40.726+0000] {processor.py:830} INFO - Processing file /home/airflow/.local/lib/python3.11/site-packages/airflow/example_dags/example_xcomargs.py for tasks to queue
[2024-03-03T04:47:40.732+0000] {logging_mixin.py:188} INFO - [2024-03-03T04:47:40.731+0000] {dagbag.py:540} INFO - Filling up the DagBag from /home/airflow/.local/lib/python3.11/site-packages/airflow/example_dags/example_xcomargs.py
[2024-03-03T04:47:40.797+0000] {processor.py:840} INFO - DAG(s) 'example_xcom_args_with_operators', 'example_xcom_args' retrieved from /home/airflow/.local/lib/python3.11/site-packages/airflow/example_dags/example_xcomargs.py
[2024-03-03T04:47:40.893+0000] {logging_mixin.py:188} INFO - [2024-03-03T04:47:40.893+0000] {dag.py:3047} INFO - Sync 2 DAGs
[2024-03-03T04:47:40.939+0000] {logging_mixin.py:188} INFO - [2024-03-03T04:47:40.938+0000] {dag.py:3834} INFO - Setting next_dagrun for example_xcom_args to None, run_after=None
[2024-03-03T04:47:40.953+0000] {logging_mixin.py:188} INFO - [2024-03-03T04:47:40.952+0000] {dag.py:3834} INFO - Setting next_dagrun for example_xcom_args_with_operators to None, run_after=None
[2024-03-03T04:47:41.009+0000] {processor.py:183} INFO - Processing /home/airflow/.local/lib/python3.11/site-packages/airflow/example_dags/example_xcomargs.py took 0.315 seconds
