[2024-03-03T04:46:14.586+0000] {processor.py:161} INFO - Started process (PID=59) to work on /home/airflow/.local/lib/python3.11/site-packages/airflow/example_dags/example_xcom.py
[2024-03-03T04:46:14.595+0000] {processor.py:830} INFO - Processing file /home/airflow/.local/lib/python3.11/site-packages/airflow/example_dags/example_xcom.py for tasks to queue
[2024-03-03T04:46:14.617+0000] {logging_mixin.py:188} INFO - [2024-03-03T04:46:14.615+0000] {dagbag.py:540} INFO - Filling up the DagBag from /home/airflow/.local/lib/python3.11/site-packages/airflow/example_dags/example_xcom.py
[2024-03-03T04:46:14.686+0000] {processor.py:840} INFO - DAG(s) 'example_xcom' retrieved from /home/airflow/.local/lib/python3.11/site-packages/airflow/example_dags/example_xcom.py
[2024-03-03T04:46:15.647+0000] {logging_mixin.py:188} INFO - [2024-03-03T04:46:15.646+0000] {override.py:1769} INFO - Created Permission View: can read on DAG:example_xcom
[2024-03-03T04:46:15.738+0000] {logging_mixin.py:188} INFO - [2024-03-03T04:46:15.738+0000] {override.py:1769} INFO - Created Permission View: can delete on DAG:example_xcom
[2024-03-03T04:46:15.807+0000] {logging_mixin.py:188} INFO - [2024-03-03T04:46:15.807+0000] {override.py:1769} INFO - Created Permission View: can edit on DAG:example_xcom
[2024-03-03T04:46:15.812+0000] {logging_mixin.py:188} INFO - [2024-03-03T04:46:15.811+0000] {dag.py:3047} INFO - Sync 1 DAGs
[2024-03-03T04:46:15.900+0000] {logging_mixin.py:188} INFO - [2024-03-03T04:46:15.900+0000] {dag.py:3069} INFO - Creating ORM DAG for example_xcom
[2024-03-03T04:46:16.004+0000] {logging_mixin.py:188} INFO - [2024-03-03T04:46:16.004+0000] {dag.py:3834} INFO - Setting next_dagrun for example_xcom to 2021-01-01 00:00:00+00:00, run_after=2021-01-01 00:00:00+00:00
[2024-03-03T04:46:16.322+0000] {processor.py:183} INFO - Processing /home/airflow/.local/lib/python3.11/site-packages/airflow/example_dags/example_xcom.py took 1.777 seconds
[2024-03-03T04:46:48.464+0000] {processor.py:161} INFO - Started process (PID=114) to work on /home/airflow/.local/lib/python3.11/site-packages/airflow/example_dags/example_xcom.py
[2024-03-03T04:46:48.469+0000] {processor.py:830} INFO - Processing file /home/airflow/.local/lib/python3.11/site-packages/airflow/example_dags/example_xcom.py for tasks to queue
[2024-03-03T04:46:48.477+0000] {logging_mixin.py:188} INFO - [2024-03-03T04:46:48.476+0000] {dagbag.py:540} INFO - Filling up the DagBag from /home/airflow/.local/lib/python3.11/site-packages/airflow/example_dags/example_xcom.py
[2024-03-03T04:46:48.499+0000] {processor.py:840} INFO - DAG(s) 'example_xcom' retrieved from /home/airflow/.local/lib/python3.11/site-packages/airflow/example_dags/example_xcom.py
[2024-03-03T04:46:48.578+0000] {logging_mixin.py:188} INFO - [2024-03-03T04:46:48.577+0000] {dag.py:3047} INFO - Sync 1 DAGs
[2024-03-03T04:46:48.661+0000] {logging_mixin.py:188} INFO - [2024-03-03T04:46:48.660+0000] {dag.py:3834} INFO - Setting next_dagrun for example_xcom to 2021-01-01 00:00:00+00:00, run_after=2021-01-01 00:00:00+00:00
[2024-03-03T04:46:48.718+0000] {processor.py:183} INFO - Processing /home/airflow/.local/lib/python3.11/site-packages/airflow/example_dags/example_xcom.py took 0.267 seconds
[2024-03-03T04:47:19.079+0000] {processor.py:161} INFO - Started process (PID=167) to work on /home/airflow/.local/lib/python3.11/site-packages/airflow/example_dags/example_xcom.py
[2024-03-03T04:47:19.084+0000] {processor.py:830} INFO - Processing file /home/airflow/.local/lib/python3.11/site-packages/airflow/example_dags/example_xcom.py for tasks to queue
[2024-03-03T04:47:19.091+0000] {logging_mixin.py:188} INFO - [2024-03-03T04:47:19.090+0000] {dagbag.py:540} INFO - Filling up the DagBag from /home/airflow/.local/lib/python3.11/site-packages/airflow/example_dags/example_xcom.py
[2024-03-03T04:47:19.119+0000] {processor.py:840} INFO - DAG(s) 'example_xcom' retrieved from /home/airflow/.local/lib/python3.11/site-packages/airflow/example_dags/example_xcom.py
[2024-03-03T04:47:19.210+0000] {logging_mixin.py:188} INFO - [2024-03-03T04:47:19.209+0000] {dag.py:3047} INFO - Sync 1 DAGs
[2024-03-03T04:47:19.297+0000] {logging_mixin.py:188} INFO - [2024-03-03T04:47:19.296+0000] {dag.py:3834} INFO - Setting next_dagrun for example_xcom to 2021-01-01 00:00:00+00:00, run_after=2021-01-01 00:00:00+00:00
[2024-03-03T04:47:19.345+0000] {processor.py:183} INFO - Processing /home/airflow/.local/lib/python3.11/site-packages/airflow/example_dags/example_xcom.py took 0.275 seconds
