[2024-03-03T04:46:44.141+0000] {processor.py:161} INFO - Started process (PID=102) to work on /home/airflow/.local/lib/python3.11/site-packages/airflow/example_dags/example_setup_teardown_taskflow.py
[2024-03-03T04:46:44.144+0000] {processor.py:830} INFO - Processing file /home/airflow/.local/lib/python3.11/site-packages/airflow/example_dags/example_setup_teardown_taskflow.py for tasks to queue
[2024-03-03T04:46:44.152+0000] {logging_mixin.py:188} INFO - [2024-03-03T04:46:44.151+0000] {dagbag.py:540} INFO - Filling up the DagBag from /home/airflow/.local/lib/python3.11/site-packages/airflow/example_dags/example_setup_teardown_taskflow.py
[2024-03-03T04:46:44.192+0000] {processor.py:840} INFO - DAG(s) 'example_setup_teardown_taskflow' retrieved from /home/airflow/.local/lib/python3.11/site-packages/airflow/example_dags/example_setup_teardown_taskflow.py
[2024-03-03T04:46:44.712+0000] {logging_mixin.py:188} INFO - [2024-03-03T04:46:44.710+0000] {override.py:1769} INFO - Created Permission View: can read on DAG:example_setup_teardown_taskflow
[2024-03-03T04:46:44.769+0000] {logging_mixin.py:188} INFO - [2024-03-03T04:46:44.768+0000] {override.py:1769} INFO - Created Permission View: can delete on DAG:example_setup_teardown_taskflow
[2024-03-03T04:46:44.803+0000] {logging_mixin.py:188} INFO - [2024-03-03T04:46:44.802+0000] {override.py:1769} INFO - Created Permission View: can edit on DAG:example_setup_teardown_taskflow
[2024-03-03T04:46:44.812+0000] {logging_mixin.py:188} INFO - [2024-03-03T04:46:44.812+0000] {dag.py:3047} INFO - Sync 1 DAGs
[2024-03-03T04:46:44.870+0000] {logging_mixin.py:188} INFO - [2024-03-03T04:46:44.869+0000] {dag.py:3069} INFO - Creating ORM DAG for example_setup_teardown_taskflow
[2024-03-03T04:46:44.907+0000] {logging_mixin.py:188} INFO - [2024-03-03T04:46:44.906+0000] {dag.py:3834} INFO - Setting next_dagrun for example_setup_teardown_taskflow to 2024-03-02 00:00:00+00:00, run_after=2024-03-03 00:00:00+00:00
[2024-03-03T04:46:44.987+0000] {processor.py:183} INFO - Processing /home/airflow/.local/lib/python3.11/site-packages/airflow/example_dags/example_setup_teardown_taskflow.py took 0.853 seconds
[2024-03-03T04:47:16.018+0000] {processor.py:161} INFO - Started process (PID=157) to work on /home/airflow/.local/lib/python3.11/site-packages/airflow/example_dags/example_setup_teardown_taskflow.py
[2024-03-03T04:47:16.023+0000] {processor.py:830} INFO - Processing file /home/airflow/.local/lib/python3.11/site-packages/airflow/example_dags/example_setup_teardown_taskflow.py for tasks to queue
[2024-03-03T04:47:16.030+0000] {logging_mixin.py:188} INFO - [2024-03-03T04:47:16.030+0000] {dagbag.py:540} INFO - Filling up the DagBag from /home/airflow/.local/lib/python3.11/site-packages/airflow/example_dags/example_setup_teardown_taskflow.py
[2024-03-03T04:47:16.098+0000] {processor.py:840} INFO - DAG(s) 'example_setup_teardown_taskflow' retrieved from /home/airflow/.local/lib/python3.11/site-packages/airflow/example_dags/example_setup_teardown_taskflow.py
[2024-03-03T04:47:16.630+0000] {logging_mixin.py:188} INFO - [2024-03-03T04:47:16.627+0000] {dag.py:3047} INFO - Sync 1 DAGs
[2024-03-03T04:47:16.844+0000] {logging_mixin.py:188} INFO - [2024-03-03T04:47:16.843+0000] {dag.py:3834} INFO - Setting next_dagrun for example_setup_teardown_taskflow to 2024-03-02 00:00:00+00:00, run_after=2024-03-03 00:00:00+00:00
[2024-03-03T04:47:17.022+0000] {processor.py:183} INFO - Processing /home/airflow/.local/lib/python3.11/site-packages/airflow/example_dags/example_setup_teardown_taskflow.py took 1.025 seconds
[2024-03-03T04:47:54.769+0000] {processor.py:161} INFO - Started process (PID=213) to work on /home/airflow/.local/lib/python3.11/site-packages/airflow/example_dags/example_setup_teardown_taskflow.py
[2024-03-03T04:47:54.850+0000] {processor.py:830} INFO - Processing file /home/airflow/.local/lib/python3.11/site-packages/airflow/example_dags/example_setup_teardown_taskflow.py for tasks to queue
[2024-03-03T04:47:54.861+0000] {logging_mixin.py:188} INFO - [2024-03-03T04:47:54.859+0000] {dagbag.py:540} INFO - Filling up the DagBag from /home/airflow/.local/lib/python3.11/site-packages/airflow/example_dags/example_setup_teardown_taskflow.py
[2024-03-03T04:47:55.036+0000] {processor.py:840} INFO - DAG(s) 'example_setup_teardown_taskflow' retrieved from /home/airflow/.local/lib/python3.11/site-packages/airflow/example_dags/example_setup_teardown_taskflow.py
[2024-03-03T04:47:55.235+0000] {logging_mixin.py:188} INFO - [2024-03-03T04:47:55.235+0000] {dag.py:3047} INFO - Sync 1 DAGs
[2024-03-03T04:47:55.438+0000] {logging_mixin.py:188} INFO - [2024-03-03T04:47:55.437+0000] {dag.py:3834} INFO - Setting next_dagrun for example_setup_teardown_taskflow to 2024-03-02 00:00:00+00:00, run_after=2024-03-03 00:00:00+00:00
[2024-03-03T04:47:55.587+0000] {processor.py:183} INFO - Processing /home/airflow/.local/lib/python3.11/site-packages/airflow/example_dags/example_setup_teardown_taskflow.py took 0.874 seconds
