[2024-03-03T04:46:34.934+0000] {processor.py:161} INFO - Started process (PID=82) to work on /home/airflow/.local/lib/python3.11/site-packages/airflow/example_dags/example_subdag_operator.py
[2024-03-03T04:46:34.941+0000] {processor.py:830} INFO - Processing file /home/airflow/.local/lib/python3.11/site-packages/airflow/example_dags/example_subdag_operator.py for tasks to queue
[2024-03-03T04:46:34.950+0000] {logging_mixin.py:188} INFO - [2024-03-03T04:46:34.949+0000] {dagbag.py:540} INFO - Filling up the DagBag from /home/airflow/.local/lib/python3.11/site-packages/airflow/example_dags/example_subdag_operator.py
[2024-03-03T04:46:35.083+0000] {processor.py:840} INFO - DAG(s) 'example_subdag_operator.section-1', 'example_subdag_operator.section-2', 'example_subdag_operator' retrieved from /home/airflow/.local/lib/python3.11/site-packages/airflow/example_dags/example_subdag_operator.py
[2024-03-03T04:46:35.934+0000] {logging_mixin.py:188} INFO - [2024-03-03T04:46:35.933+0000] {override.py:1769} INFO - Created Permission View: can read on DAG:example_subdag_operator
[2024-03-03T04:46:35.978+0000] {logging_mixin.py:188} INFO - [2024-03-03T04:46:35.977+0000] {override.py:1769} INFO - Created Permission View: can delete on DAG:example_subdag_operator
[2024-03-03T04:46:35.997+0000] {logging_mixin.py:188} INFO - [2024-03-03T04:46:35.997+0000] {override.py:1769} INFO - Created Permission View: can edit on DAG:example_subdag_operator
[2024-03-03T04:46:35.999+0000] {logging_mixin.py:188} INFO - [2024-03-03T04:46:35.998+0000] {dag.py:3047} INFO - Sync 3 DAGs
[2024-03-03T04:46:36.033+0000] {logging_mixin.py:188} INFO - [2024-03-03T04:46:36.032+0000] {dag.py:3069} INFO - Creating ORM DAG for example_subdag_operator
[2024-03-03T04:46:36.036+0000] {logging_mixin.py:188} INFO - [2024-03-03T04:46:36.036+0000] {dag.py:3069} INFO - Creating ORM DAG for example_subdag_operator.section-1
[2024-03-03T04:46:36.039+0000] {logging_mixin.py:188} INFO - [2024-03-03T04:46:36.038+0000] {dag.py:3069} INFO - Creating ORM DAG for example_subdag_operator.section-2
[2024-03-03T04:46:36.079+0000] {logging_mixin.py:188} INFO - [2024-03-03T04:46:36.078+0000] {dag.py:3834} INFO - Setting next_dagrun for example_subdag_operator to 2022-01-01 00:00:00+00:00, run_after=2022-01-01 00:00:00+00:00
[2024-03-03T04:46:36.081+0000] {logging_mixin.py:188} INFO - [2024-03-03T04:46:36.081+0000] {dag.py:3834} INFO - Setting next_dagrun for example_subdag_operator.section-1 to None, run_after=None
[2024-03-03T04:46:36.083+0000] {logging_mixin.py:188} INFO - [2024-03-03T04:46:36.083+0000] {dag.py:3834} INFO - Setting next_dagrun for example_subdag_operator.section-2 to None, run_after=None
[2024-03-03T04:46:36.111+0000] {logging_mixin.py:188} INFO - [2024-03-03T04:46:36.110+0000] {dag.py:3047} INFO - Sync 2 DAGs
[2024-03-03T04:46:36.135+0000] {logging_mixin.py:188} INFO - [2024-03-03T04:46:36.135+0000] {dag.py:3834} INFO - Setting next_dagrun for example_subdag_operator.section-1 to None, run_after=None
[2024-03-03T04:46:36.154+0000] {logging_mixin.py:188} INFO - [2024-03-03T04:46:36.153+0000] {dag.py:3834} INFO - Setting next_dagrun for example_subdag_operator.section-2 to None, run_after=None
[2024-03-03T04:46:36.245+0000] {processor.py:183} INFO - Processing /home/airflow/.local/lib/python3.11/site-packages/airflow/example_dags/example_subdag_operator.py took 1.333 seconds
[2024-03-03T04:47:08.144+0000] {processor.py:161} INFO - Started process (PID=137) to work on /home/airflow/.local/lib/python3.11/site-packages/airflow/example_dags/example_subdag_operator.py
[2024-03-03T04:47:08.163+0000] {processor.py:830} INFO - Processing file /home/airflow/.local/lib/python3.11/site-packages/airflow/example_dags/example_subdag_operator.py for tasks to queue
[2024-03-03T04:47:08.179+0000] {logging_mixin.py:188} INFO - [2024-03-03T04:47:08.178+0000] {dagbag.py:540} INFO - Filling up the DagBag from /home/airflow/.local/lib/python3.11/site-packages/airflow/example_dags/example_subdag_operator.py
[2024-03-03T04:47:08.297+0000] {processor.py:840} INFO - DAG(s) 'example_subdag_operator.section-1', 'example_subdag_operator.section-2', 'example_subdag_operator' retrieved from /home/airflow/.local/lib/python3.11/site-packages/airflow/example_dags/example_subdag_operator.py
[2024-03-03T04:47:08.454+0000] {logging_mixin.py:188} INFO - [2024-03-03T04:47:08.454+0000] {dag.py:3047} INFO - Sync 3 DAGs
[2024-03-03T04:47:08.569+0000] {logging_mixin.py:188} INFO - [2024-03-03T04:47:08.566+0000] {dag.py:3834} INFO - Setting next_dagrun for example_subdag_operator to 2022-01-01 00:00:00+00:00, run_after=2022-01-01 00:00:00+00:00
[2024-03-03T04:47:08.599+0000] {logging_mixin.py:188} INFO - [2024-03-03T04:47:08.598+0000] {dag.py:3834} INFO - Setting next_dagrun for example_subdag_operator.section-1 to None, run_after=None
[2024-03-03T04:47:08.604+0000] {logging_mixin.py:188} INFO - [2024-03-03T04:47:08.602+0000] {dag.py:3834} INFO - Setting next_dagrun for example_subdag_operator.section-2 to None, run_after=None
[2024-03-03T04:47:08.652+0000] {logging_mixin.py:188} INFO - [2024-03-03T04:47:08.651+0000] {dag.py:3047} INFO - Sync 2 DAGs
[2024-03-03T04:47:08.711+0000] {logging_mixin.py:188} INFO - [2024-03-03T04:47:08.709+0000] {dag.py:3834} INFO - Setting next_dagrun for example_subdag_operator.section-1 to None, run_after=None
[2024-03-03T04:47:08.721+0000] {logging_mixin.py:188} INFO - [2024-03-03T04:47:08.720+0000] {dag.py:3834} INFO - Setting next_dagrun for example_subdag_operator.section-2 to None, run_after=None
[2024-03-03T04:47:08.822+0000] {processor.py:183} INFO - Processing /home/airflow/.local/lib/python3.11/site-packages/airflow/example_dags/example_subdag_operator.py took 0.699 seconds
[2024-03-03T04:47:39.714+0000] {processor.py:161} INFO - Started process (PID=192) to work on /home/airflow/.local/lib/python3.11/site-packages/airflow/example_dags/example_subdag_operator.py
[2024-03-03T04:47:39.726+0000] {processor.py:830} INFO - Processing file /home/airflow/.local/lib/python3.11/site-packages/airflow/example_dags/example_subdag_operator.py for tasks to queue
[2024-03-03T04:47:39.735+0000] {logging_mixin.py:188} INFO - [2024-03-03T04:47:39.735+0000] {dagbag.py:540} INFO - Filling up the DagBag from /home/airflow/.local/lib/python3.11/site-packages/airflow/example_dags/example_subdag_operator.py
[2024-03-03T04:47:39.913+0000] {processor.py:840} INFO - DAG(s) 'example_subdag_operator.section-1', 'example_subdag_operator.section-2', 'example_subdag_operator' retrieved from /home/airflow/.local/lib/python3.11/site-packages/airflow/example_dags/example_subdag_operator.py
[2024-03-03T04:47:39.968+0000] {logging_mixin.py:188} INFO - [2024-03-03T04:47:39.967+0000] {dag.py:3047} INFO - Sync 3 DAGs
[2024-03-03T04:47:40.099+0000] {logging_mixin.py:188} INFO - [2024-03-03T04:47:40.098+0000] {dag.py:3834} INFO - Setting next_dagrun for example_subdag_operator to 2022-01-01 00:00:00+00:00, run_after=2022-01-01 00:00:00+00:00
[2024-03-03T04:47:40.136+0000] {logging_mixin.py:188} INFO - [2024-03-03T04:47:40.135+0000] {dag.py:3834} INFO - Setting next_dagrun for example_subdag_operator.section-1 to None, run_after=None
[2024-03-03T04:47:40.147+0000] {logging_mixin.py:188} INFO - [2024-03-03T04:47:40.146+0000] {dag.py:3834} INFO - Setting next_dagrun for example_subdag_operator.section-2 to None, run_after=None
[2024-03-03T04:47:40.213+0000] {logging_mixin.py:188} INFO - [2024-03-03T04:47:40.213+0000] {dag.py:3047} INFO - Sync 2 DAGs
[2024-03-03T04:47:40.240+0000] {logging_mixin.py:188} INFO - [2024-03-03T04:47:40.240+0000] {dag.py:3834} INFO - Setting next_dagrun for example_subdag_operator.section-1 to None, run_after=None
[2024-03-03T04:47:40.244+0000] {logging_mixin.py:188} INFO - [2024-03-03T04:47:40.243+0000] {dag.py:3834} INFO - Setting next_dagrun for example_subdag_operator.section-2 to None, run_after=None
[2024-03-03T04:47:40.287+0000] {processor.py:183} INFO - Processing /home/airflow/.local/lib/python3.11/site-packages/airflow/example_dags/example_subdag_operator.py took 0.591 seconds
