[2024-03-03T04:46:33.937+0000] {processor.py:161} INFO - Started process (PID=81) to work on /home/airflow/.local/lib/python3.11/site-packages/airflow/example_dags/example_python_decorator.py
[2024-03-03T04:46:33.945+0000] {processor.py:830} INFO - Processing file /home/airflow/.local/lib/python3.11/site-packages/airflow/example_dags/example_python_decorator.py for tasks to queue
[2024-03-03T04:46:33.950+0000] {logging_mixin.py:188} INFO - [2024-03-03T04:46:33.949+0000] {dagbag.py:540} INFO - Filling up the DagBag from /home/airflow/.local/lib/python3.11/site-packages/airflow/example_dags/example_python_decorator.py
[2024-03-03T04:46:34.013+0000] {processor.py:840} INFO - DAG(s) 'example_python_decorator' retrieved from /home/airflow/.local/lib/python3.11/site-packages/airflow/example_dags/example_python_decorator.py
[2024-03-03T04:46:34.526+0000] {logging_mixin.py:188} INFO - [2024-03-03T04:46:34.524+0000] {override.py:1769} INFO - Created Permission View: can read on DAG:example_python_decorator
[2024-03-03T04:46:34.673+0000] {logging_mixin.py:188} INFO - [2024-03-03T04:46:34.671+0000] {override.py:1769} INFO - Created Permission View: can delete on DAG:example_python_decorator
[2024-03-03T04:46:34.710+0000] {logging_mixin.py:188} INFO - [2024-03-03T04:46:34.710+0000] {override.py:1769} INFO - Created Permission View: can edit on DAG:example_python_decorator
[2024-03-03T04:46:34.712+0000] {logging_mixin.py:188} INFO - [2024-03-03T04:46:34.711+0000] {dag.py:3047} INFO - Sync 1 DAGs
[2024-03-03T04:46:34.766+0000] {logging_mixin.py:188} INFO - [2024-03-03T04:46:34.766+0000] {dag.py:3069} INFO - Creating ORM DAG for example_python_decorator
[2024-03-03T04:46:34.769+0000] {logging_mixin.py:188} INFO - [2024-03-03T04:46:34.769+0000] {dag.py:3834} INFO - Setting next_dagrun for example_python_decorator to None, run_after=None
[2024-03-03T04:46:34.824+0000] {processor.py:183} INFO - Processing /home/airflow/.local/lib/python3.11/site-packages/airflow/example_dags/example_python_decorator.py took 0.902 seconds
[2024-03-03T04:47:07.748+0000] {processor.py:161} INFO - Started process (PID=136) to work on /home/airflow/.local/lib/python3.11/site-packages/airflow/example_dags/example_python_decorator.py
[2024-03-03T04:47:07.771+0000] {processor.py:830} INFO - Processing file /home/airflow/.local/lib/python3.11/site-packages/airflow/example_dags/example_python_decorator.py for tasks to queue
[2024-03-03T04:47:07.804+0000] {logging_mixin.py:188} INFO - [2024-03-03T04:47:07.794+0000] {dagbag.py:540} INFO - Filling up the DagBag from /home/airflow/.local/lib/python3.11/site-packages/airflow/example_dags/example_python_decorator.py
[2024-03-03T04:47:07.951+0000] {processor.py:840} INFO - DAG(s) 'example_python_decorator' retrieved from /home/airflow/.local/lib/python3.11/site-packages/airflow/example_dags/example_python_decorator.py
[2024-03-03T04:47:08.106+0000] {logging_mixin.py:188} INFO - [2024-03-03T04:47:08.104+0000] {dag.py:3047} INFO - Sync 1 DAGs
[2024-03-03T04:47:08.179+0000] {logging_mixin.py:188} INFO - [2024-03-03T04:47:08.178+0000] {dag.py:3834} INFO - Setting next_dagrun for example_python_decorator to None, run_after=None
[2024-03-03T04:47:08.295+0000] {processor.py:183} INFO - Processing /home/airflow/.local/lib/python3.11/site-packages/airflow/example_dags/example_python_decorator.py took 0.634 seconds
[2024-03-03T04:47:39.588+0000] {processor.py:161} INFO - Started process (PID=191) to work on /home/airflow/.local/lib/python3.11/site-packages/airflow/example_dags/example_python_decorator.py
[2024-03-03T04:47:39.598+0000] {processor.py:830} INFO - Processing file /home/airflow/.local/lib/python3.11/site-packages/airflow/example_dags/example_python_decorator.py for tasks to queue
[2024-03-03T04:47:39.620+0000] {logging_mixin.py:188} INFO - [2024-03-03T04:47:39.619+0000] {dagbag.py:540} INFO - Filling up the DagBag from /home/airflow/.local/lib/python3.11/site-packages/airflow/example_dags/example_python_decorator.py
[2024-03-03T04:47:39.735+0000] {processor.py:840} INFO - DAG(s) 'example_python_decorator' retrieved from /home/airflow/.local/lib/python3.11/site-packages/airflow/example_dags/example_python_decorator.py
[2024-03-03T04:47:39.810+0000] {logging_mixin.py:188} INFO - [2024-03-03T04:47:39.810+0000] {dag.py:3047} INFO - Sync 1 DAGs
[2024-03-03T04:47:39.877+0000] {logging_mixin.py:188} INFO - [2024-03-03T04:47:39.877+0000] {dag.py:3834} INFO - Setting next_dagrun for example_python_decorator to None, run_after=None
[2024-03-03T04:47:40.067+0000] {processor.py:183} INFO - Processing /home/airflow/.local/lib/python3.11/site-packages/airflow/example_dags/example_python_decorator.py took 0.497 seconds
