[2024-03-03T04:46:26.618+0000] {processor.py:161} INFO - Started process (PID=72) to work on /home/airflow/.local/lib/python3.11/site-packages/airflow/example_dags/example_bash_operator.py
[2024-03-03T04:46:26.624+0000] {processor.py:830} INFO - Processing file /home/airflow/.local/lib/python3.11/site-packages/airflow/example_dags/example_bash_operator.py for tasks to queue
[2024-03-03T04:46:26.631+0000] {logging_mixin.py:188} INFO - [2024-03-03T04:46:26.630+0000] {dagbag.py:540} INFO - Filling up the DagBag from /home/airflow/.local/lib/python3.11/site-packages/airflow/example_dags/example_bash_operator.py
[2024-03-03T04:46:26.710+0000] {processor.py:840} INFO - DAG(s) 'example_bash_operator' retrieved from /home/airflow/.local/lib/python3.11/site-packages/airflow/example_dags/example_bash_operator.py
[2024-03-03T04:46:27.411+0000] {logging_mixin.py:188} INFO - [2024-03-03T04:46:27.410+0000] {override.py:1769} INFO - Created Permission View: can read on DAG:example_bash_operator
[2024-03-03T04:46:27.444+0000] {logging_mixin.py:188} INFO - [2024-03-03T04:46:27.443+0000] {override.py:1769} INFO - Created Permission View: can delete on DAG:example_bash_operator
[2024-03-03T04:46:27.527+0000] {logging_mixin.py:188} INFO - [2024-03-03T04:46:27.526+0000] {override.py:1769} INFO - Created Permission View: can edit on DAG:example_bash_operator
[2024-03-03T04:46:27.623+0000] {logging_mixin.py:188} INFO - [2024-03-03T04:46:27.602+0000] {dag.py:3047} INFO - Sync 1 DAGs
[2024-03-03T04:46:27.773+0000] {logging_mixin.py:188} INFO - [2024-03-03T04:46:27.771+0000] {dag.py:3069} INFO - Creating ORM DAG for example_bash_operator
[2024-03-03T04:46:27.851+0000] {logging_mixin.py:188} INFO - [2024-03-03T04:46:27.850+0000] {dag.py:3834} INFO - Setting next_dagrun for example_bash_operator to 2024-03-02 00:00:00+00:00, run_after=2024-03-03 00:00:00+00:00
[2024-03-03T04:46:27.965+0000] {processor.py:183} INFO - Processing /home/airflow/.local/lib/python3.11/site-packages/airflow/example_dags/example_bash_operator.py took 1.374 seconds
[2024-03-03T04:46:58.718+0000] {processor.py:161} INFO - Started process (PID=127) to work on /home/airflow/.local/lib/python3.11/site-packages/airflow/example_dags/example_bash_operator.py
[2024-03-03T04:46:58.724+0000] {processor.py:830} INFO - Processing file /home/airflow/.local/lib/python3.11/site-packages/airflow/example_dags/example_bash_operator.py for tasks to queue
[2024-03-03T04:46:58.738+0000] {logging_mixin.py:188} INFO - [2024-03-03T04:46:58.734+0000] {dagbag.py:540} INFO - Filling up the DagBag from /home/airflow/.local/lib/python3.11/site-packages/airflow/example_dags/example_bash_operator.py
[2024-03-03T04:46:58.810+0000] {processor.py:840} INFO - DAG(s) 'example_bash_operator' retrieved from /home/airflow/.local/lib/python3.11/site-packages/airflow/example_dags/example_bash_operator.py
[2024-03-03T04:46:58.895+0000] {logging_mixin.py:188} INFO - [2024-03-03T04:46:58.895+0000] {dag.py:3047} INFO - Sync 1 DAGs
[2024-03-03T04:46:58.976+0000] {logging_mixin.py:188} INFO - [2024-03-03T04:46:58.976+0000] {dag.py:3834} INFO - Setting next_dagrun for example_bash_operator to 2024-03-02 00:00:00+00:00, run_after=2024-03-03 00:00:00+00:00
[2024-03-03T04:46:59.222+0000] {processor.py:183} INFO - Processing /home/airflow/.local/lib/python3.11/site-packages/airflow/example_dags/example_bash_operator.py took 0.521 seconds
[2024-03-03T04:47:29.824+0000] {processor.py:161} INFO - Started process (PID=182) to work on /home/airflow/.local/lib/python3.11/site-packages/airflow/example_dags/example_bash_operator.py
[2024-03-03T04:47:29.828+0000] {processor.py:830} INFO - Processing file /home/airflow/.local/lib/python3.11/site-packages/airflow/example_dags/example_bash_operator.py for tasks to queue
[2024-03-03T04:47:29.837+0000] {logging_mixin.py:188} INFO - [2024-03-03T04:47:29.836+0000] {dagbag.py:540} INFO - Filling up the DagBag from /home/airflow/.local/lib/python3.11/site-packages/airflow/example_dags/example_bash_operator.py
[2024-03-03T04:47:29.869+0000] {processor.py:840} INFO - DAG(s) 'example_bash_operator' retrieved from /home/airflow/.local/lib/python3.11/site-packages/airflow/example_dags/example_bash_operator.py
[2024-03-03T04:47:29.936+0000] {logging_mixin.py:188} INFO - [2024-03-03T04:47:29.935+0000] {dag.py:3047} INFO - Sync 1 DAGs
[2024-03-03T04:47:29.992+0000] {logging_mixin.py:188} INFO - [2024-03-03T04:47:29.992+0000] {dag.py:3834} INFO - Setting next_dagrun for example_bash_operator to 2024-03-02 00:00:00+00:00, run_after=2024-03-03 00:00:00+00:00
[2024-03-03T04:47:30.234+0000] {processor.py:183} INFO - Processing /home/airflow/.local/lib/python3.11/site-packages/airflow/example_dags/example_bash_operator.py took 0.421 seconds
