[2024-03-03T04:46:40.539+0000] {processor.py:161} INFO - Started process (PID=89) to work on /home/airflow/.local/lib/python3.11/site-packages/airflow/example_dags/example_branch_labels.py
[2024-03-03T04:46:40.543+0000] {processor.py:830} INFO - Processing file /home/airflow/.local/lib/python3.11/site-packages/airflow/example_dags/example_branch_labels.py for tasks to queue
[2024-03-03T04:46:40.549+0000] {logging_mixin.py:188} INFO - [2024-03-03T04:46:40.547+0000] {dagbag.py:540} INFO - Filling up the DagBag from /home/airflow/.local/lib/python3.11/site-packages/airflow/example_dags/example_branch_labels.py
[2024-03-03T04:46:40.581+0000] {processor.py:840} INFO - DAG(s) 'example_branch_labels' retrieved from /home/airflow/.local/lib/python3.11/site-packages/airflow/example_dags/example_branch_labels.py
[2024-03-03T04:46:41.162+0000] {logging_mixin.py:188} INFO - [2024-03-03T04:46:41.161+0000] {override.py:1769} INFO - Created Permission View: can read on DAG:example_branch_labels
[2024-03-03T04:46:41.211+0000] {logging_mixin.py:188} INFO - [2024-03-03T04:46:41.210+0000] {override.py:1769} INFO - Created Permission View: can delete on DAG:example_branch_labels
[2024-03-03T04:46:41.237+0000] {logging_mixin.py:188} INFO - [2024-03-03T04:46:41.236+0000] {override.py:1769} INFO - Created Permission View: can edit on DAG:example_branch_labels
[2024-03-03T04:46:41.239+0000] {logging_mixin.py:188} INFO - [2024-03-03T04:46:41.238+0000] {dag.py:3047} INFO - Sync 1 DAGs
[2024-03-03T04:46:41.281+0000] {logging_mixin.py:188} INFO - [2024-03-03T04:46:41.280+0000] {dag.py:3069} INFO - Creating ORM DAG for example_branch_labels
[2024-03-03T04:46:41.332+0000] {logging_mixin.py:188} INFO - [2024-03-03T04:46:41.331+0000] {dag.py:3834} INFO - Setting next_dagrun for example_branch_labels to 2024-03-02 00:00:00+00:00, run_after=2024-03-03 00:00:00+00:00
[2024-03-03T04:46:41.392+0000] {processor.py:183} INFO - Processing /home/airflow/.local/lib/python3.11/site-packages/airflow/example_dags/example_branch_labels.py took 0.870 seconds
[2024-03-03T04:47:11.985+0000] {processor.py:161} INFO - Started process (PID=144) to work on /home/airflow/.local/lib/python3.11/site-packages/airflow/example_dags/example_branch_labels.py
[2024-03-03T04:47:11.993+0000] {processor.py:830} INFO - Processing file /home/airflow/.local/lib/python3.11/site-packages/airflow/example_dags/example_branch_labels.py for tasks to queue
[2024-03-03T04:47:11.999+0000] {logging_mixin.py:188} INFO - [2024-03-03T04:47:11.997+0000] {dagbag.py:540} INFO - Filling up the DagBag from /home/airflow/.local/lib/python3.11/site-packages/airflow/example_dags/example_branch_labels.py
[2024-03-03T04:47:12.059+0000] {processor.py:840} INFO - DAG(s) 'example_branch_labels' retrieved from /home/airflow/.local/lib/python3.11/site-packages/airflow/example_dags/example_branch_labels.py
[2024-03-03T04:47:12.199+0000] {logging_mixin.py:188} INFO - [2024-03-03T04:47:12.198+0000] {dag.py:3047} INFO - Sync 1 DAGs
[2024-03-03T04:47:12.471+0000] {logging_mixin.py:188} INFO - [2024-03-03T04:47:12.470+0000] {dag.py:3834} INFO - Setting next_dagrun for example_branch_labels to 2024-03-02 00:00:00+00:00, run_after=2024-03-03 00:00:00+00:00
[2024-03-03T04:47:12.753+0000] {processor.py:183} INFO - Processing /home/airflow/.local/lib/python3.11/site-packages/airflow/example_dags/example_branch_labels.py took 0.777 seconds
[2024-03-03T04:47:44.318+0000] {processor.py:161} INFO - Started process (PID=205) to work on /home/airflow/.local/lib/python3.11/site-packages/airflow/example_dags/example_branch_labels.py
[2024-03-03T04:47:44.330+0000] {processor.py:830} INFO - Processing file /home/airflow/.local/lib/python3.11/site-packages/airflow/example_dags/example_branch_labels.py for tasks to queue
[2024-03-03T04:47:44.352+0000] {logging_mixin.py:188} INFO - [2024-03-03T04:47:44.347+0000] {dagbag.py:540} INFO - Filling up the DagBag from /home/airflow/.local/lib/python3.11/site-packages/airflow/example_dags/example_branch_labels.py
[2024-03-03T04:47:44.413+0000] {processor.py:840} INFO - DAG(s) 'example_branch_labels' retrieved from /home/airflow/.local/lib/python3.11/site-packages/airflow/example_dags/example_branch_labels.py
[2024-03-03T04:47:44.887+0000] {logging_mixin.py:188} INFO - [2024-03-03T04:47:44.885+0000] {dag.py:3047} INFO - Sync 1 DAGs
[2024-03-03T04:47:45.315+0000] {logging_mixin.py:188} INFO - [2024-03-03T04:47:45.314+0000] {dag.py:3834} INFO - Setting next_dagrun for example_branch_labels to 2024-03-02 00:00:00+00:00, run_after=2024-03-03 00:00:00+00:00
[2024-03-03T04:47:45.596+0000] {processor.py:183} INFO - Processing /home/airflow/.local/lib/python3.11/site-packages/airflow/example_dags/example_branch_labels.py took 1.305 seconds
