[2024-03-03T04:46:35.015+0000] {processor.py:161} INFO - Started process (PID=83) to work on /home/airflow/.local/lib/python3.11/site-packages/airflow/example_dags/example_trigger_controller_dag.py
[2024-03-03T04:46:35.027+0000] {processor.py:830} INFO - Processing file /home/airflow/.local/lib/python3.11/site-packages/airflow/example_dags/example_trigger_controller_dag.py for tasks to queue
[2024-03-03T04:46:35.035+0000] {logging_mixin.py:188} INFO - [2024-03-03T04:46:35.034+0000] {dagbag.py:540} INFO - Filling up the DagBag from /home/airflow/.local/lib/python3.11/site-packages/airflow/example_dags/example_trigger_controller_dag.py
[2024-03-03T04:46:35.076+0000] {processor.py:840} INFO - DAG(s) 'example_trigger_controller_dag' retrieved from /home/airflow/.local/lib/python3.11/site-packages/airflow/example_dags/example_trigger_controller_dag.py
[2024-03-03T04:46:35.959+0000] {logging_mixin.py:188} INFO - [2024-03-03T04:46:35.954+0000] {override.py:1769} INFO - Created Permission View: can read on DAG:example_trigger_controller_dag
[2024-03-03T04:46:36.015+0000] {logging_mixin.py:188} INFO - [2024-03-03T04:46:36.014+0000] {override.py:1769} INFO - Created Permission View: can delete on DAG:example_trigger_controller_dag
[2024-03-03T04:46:36.044+0000] {logging_mixin.py:188} INFO - [2024-03-03T04:46:36.043+0000] {override.py:1769} INFO - Created Permission View: can edit on DAG:example_trigger_controller_dag
[2024-03-03T04:46:36.047+0000] {logging_mixin.py:188} INFO - [2024-03-03T04:46:36.046+0000] {dag.py:3047} INFO - Sync 1 DAGs
[2024-03-03T04:46:36.112+0000] {logging_mixin.py:188} INFO - [2024-03-03T04:46:36.111+0000] {dag.py:3069} INFO - Creating ORM DAG for example_trigger_controller_dag
[2024-03-03T04:46:36.190+0000] {logging_mixin.py:188} INFO - [2024-03-03T04:46:36.189+0000] {dag.py:3834} INFO - Setting next_dagrun for example_trigger_controller_dag to 2021-01-01 00:00:00+00:00, run_after=2021-01-01 00:00:00+00:00
[2024-03-03T04:46:36.302+0000] {processor.py:183} INFO - Processing /home/airflow/.local/lib/python3.11/site-packages/airflow/example_dags/example_trigger_controller_dag.py took 1.309 seconds
[2024-03-03T04:47:08.543+0000] {processor.py:161} INFO - Started process (PID=138) to work on /home/airflow/.local/lib/python3.11/site-packages/airflow/example_dags/example_trigger_controller_dag.py
[2024-03-03T04:47:08.560+0000] {processor.py:830} INFO - Processing file /home/airflow/.local/lib/python3.11/site-packages/airflow/example_dags/example_trigger_controller_dag.py for tasks to queue
[2024-03-03T04:47:08.579+0000] {logging_mixin.py:188} INFO - [2024-03-03T04:47:08.578+0000] {dagbag.py:540} INFO - Filling up the DagBag from /home/airflow/.local/lib/python3.11/site-packages/airflow/example_dags/example_trigger_controller_dag.py
[2024-03-03T04:47:08.633+0000] {processor.py:840} INFO - DAG(s) 'example_trigger_controller_dag' retrieved from /home/airflow/.local/lib/python3.11/site-packages/airflow/example_dags/example_trigger_controller_dag.py
[2024-03-03T04:47:08.704+0000] {logging_mixin.py:188} INFO - [2024-03-03T04:47:08.704+0000] {dag.py:3047} INFO - Sync 1 DAGs
[2024-03-03T04:47:08.820+0000] {logging_mixin.py:188} INFO - [2024-03-03T04:47:08.818+0000] {dag.py:3834} INFO - Setting next_dagrun for example_trigger_controller_dag to 2021-01-01 00:00:00+00:00, run_after=2021-01-01 00:00:00+00:00
[2024-03-03T04:47:08.916+0000] {processor.py:183} INFO - Processing /home/airflow/.local/lib/python3.11/site-packages/airflow/example_dags/example_trigger_controller_dag.py took 0.387 seconds
[2024-03-03T04:47:40.211+0000] {processor.py:161} INFO - Started process (PID=193) to work on /home/airflow/.local/lib/python3.11/site-packages/airflow/example_dags/example_trigger_controller_dag.py
[2024-03-03T04:47:40.216+0000] {processor.py:830} INFO - Processing file /home/airflow/.local/lib/python3.11/site-packages/airflow/example_dags/example_trigger_controller_dag.py for tasks to queue
[2024-03-03T04:47:40.227+0000] {logging_mixin.py:188} INFO - [2024-03-03T04:47:40.224+0000] {dagbag.py:540} INFO - Filling up the DagBag from /home/airflow/.local/lib/python3.11/site-packages/airflow/example_dags/example_trigger_controller_dag.py
[2024-03-03T04:47:40.257+0000] {processor.py:840} INFO - DAG(s) 'example_trigger_controller_dag' retrieved from /home/airflow/.local/lib/python3.11/site-packages/airflow/example_dags/example_trigger_controller_dag.py
[2024-03-03T04:47:40.369+0000] {logging_mixin.py:188} INFO - [2024-03-03T04:47:40.368+0000] {dag.py:3047} INFO - Sync 1 DAGs
[2024-03-03T04:47:40.470+0000] {logging_mixin.py:188} INFO - [2024-03-03T04:47:40.470+0000] {dag.py:3834} INFO - Setting next_dagrun for example_trigger_controller_dag to 2021-01-01 00:00:00+00:00, run_after=2021-01-01 00:00:00+00:00
[2024-03-03T04:47:40.524+0000] {processor.py:183} INFO - Processing /home/airflow/.local/lib/python3.11/site-packages/airflow/example_dags/example_trigger_controller_dag.py took 0.367 seconds
