[2024-03-03T04:46:15.200+0000] {processor.py:161} INFO - Started process (PID=60) to work on /home/airflow/.local/lib/python3.11/site-packages/airflow/example_dags/example_time_delta_sensor_async.py
[2024-03-03T04:46:15.208+0000] {processor.py:830} INFO - Processing file /home/airflow/.local/lib/python3.11/site-packages/airflow/example_dags/example_time_delta_sensor_async.py for tasks to queue
[2024-03-03T04:46:15.226+0000] {logging_mixin.py:188} INFO - [2024-03-03T04:46:15.220+0000] {dagbag.py:540} INFO - Filling up the DagBag from /home/airflow/.local/lib/python3.11/site-packages/airflow/example_dags/example_time_delta_sensor_async.py
[2024-03-03T04:46:15.303+0000] {processor.py:840} INFO - DAG(s) 'example_time_delta_sensor_async' retrieved from /home/airflow/.local/lib/python3.11/site-packages/airflow/example_dags/example_time_delta_sensor_async.py
[2024-03-03T04:46:16.089+0000] {logging_mixin.py:188} INFO - [2024-03-03T04:46:16.088+0000] {override.py:1769} INFO - Created Permission View: can read on DAG:example_time_delta_sensor_async
[2024-03-03T04:46:16.249+0000] {logging_mixin.py:188} INFO - [2024-03-03T04:46:16.248+0000] {override.py:1769} INFO - Created Permission View: can delete on DAG:example_time_delta_sensor_async
[2024-03-03T04:46:16.346+0000] {logging_mixin.py:188} INFO - [2024-03-03T04:46:16.345+0000] {override.py:1769} INFO - Created Permission View: can edit on DAG:example_time_delta_sensor_async
[2024-03-03T04:46:16.350+0000] {logging_mixin.py:188} INFO - [2024-03-03T04:46:16.348+0000] {dag.py:3047} INFO - Sync 1 DAGs
[2024-03-03T04:46:16.527+0000] {logging_mixin.py:188} INFO - [2024-03-03T04:46:16.517+0000] {dag.py:3069} INFO - Creating ORM DAG for example_time_delta_sensor_async
[2024-03-03T04:46:16.535+0000] {logging_mixin.py:188} INFO - [2024-03-03T04:46:16.534+0000] {dag.py:3834} INFO - Setting next_dagrun for example_time_delta_sensor_async to None, run_after=None
[2024-03-03T04:46:16.721+0000] {processor.py:183} INFO - Processing /home/airflow/.local/lib/python3.11/site-packages/airflow/example_dags/example_time_delta_sensor_async.py took 1.583 seconds
[2024-03-03T04:46:48.936+0000] {processor.py:161} INFO - Started process (PID=115) to work on /home/airflow/.local/lib/python3.11/site-packages/airflow/example_dags/example_time_delta_sensor_async.py
[2024-03-03T04:46:48.945+0000] {processor.py:830} INFO - Processing file /home/airflow/.local/lib/python3.11/site-packages/airflow/example_dags/example_time_delta_sensor_async.py for tasks to queue
[2024-03-03T04:46:48.952+0000] {logging_mixin.py:188} INFO - [2024-03-03T04:46:48.951+0000] {dagbag.py:540} INFO - Filling up the DagBag from /home/airflow/.local/lib/python3.11/site-packages/airflow/example_dags/example_time_delta_sensor_async.py
[2024-03-03T04:46:49.028+0000] {processor.py:840} INFO - DAG(s) 'example_time_delta_sensor_async' retrieved from /home/airflow/.local/lib/python3.11/site-packages/airflow/example_dags/example_time_delta_sensor_async.py
[2024-03-03T04:46:49.109+0000] {logging_mixin.py:188} INFO - [2024-03-03T04:46:49.108+0000] {dag.py:3047} INFO - Sync 1 DAGs
[2024-03-03T04:46:49.147+0000] {logging_mixin.py:188} INFO - [2024-03-03T04:46:49.147+0000] {dag.py:3834} INFO - Setting next_dagrun for example_time_delta_sensor_async to None, run_after=None
[2024-03-03T04:46:49.198+0000] {processor.py:183} INFO - Processing /home/airflow/.local/lib/python3.11/site-packages/airflow/example_dags/example_time_delta_sensor_async.py took 0.358 seconds
[2024-03-03T04:47:19.482+0000] {processor.py:161} INFO - Started process (PID=168) to work on /home/airflow/.local/lib/python3.11/site-packages/airflow/example_dags/example_time_delta_sensor_async.py
[2024-03-03T04:47:19.485+0000] {processor.py:830} INFO - Processing file /home/airflow/.local/lib/python3.11/site-packages/airflow/example_dags/example_time_delta_sensor_async.py for tasks to queue
[2024-03-03T04:47:19.491+0000] {logging_mixin.py:188} INFO - [2024-03-03T04:47:19.490+0000] {dagbag.py:540} INFO - Filling up the DagBag from /home/airflow/.local/lib/python3.11/site-packages/airflow/example_dags/example_time_delta_sensor_async.py
[2024-03-03T04:47:19.518+0000] {processor.py:840} INFO - DAG(s) 'example_time_delta_sensor_async' retrieved from /home/airflow/.local/lib/python3.11/site-packages/airflow/example_dags/example_time_delta_sensor_async.py
[2024-03-03T04:47:19.576+0000] {logging_mixin.py:188} INFO - [2024-03-03T04:47:19.576+0000] {dag.py:3047} INFO - Sync 1 DAGs
[2024-03-03T04:47:19.612+0000] {logging_mixin.py:188} INFO - [2024-03-03T04:47:19.612+0000] {dag.py:3834} INFO - Setting next_dagrun for example_time_delta_sensor_async to None, run_after=None
[2024-03-03T04:47:19.675+0000] {processor.py:183} INFO - Processing /home/airflow/.local/lib/python3.11/site-packages/airflow/example_dags/example_time_delta_sensor_async.py took 0.212 seconds
