[2024-03-03T04:46:29.471+0000] {processor.py:161} INFO - Started process (PID=75) to work on /home/airflow/.local/lib/python3.11/site-packages/airflow/example_dags/example_task_group.py
[2024-03-03T04:46:29.478+0000] {processor.py:830} INFO - Processing file /home/airflow/.local/lib/python3.11/site-packages/airflow/example_dags/example_task_group.py for tasks to queue
[2024-03-03T04:46:29.496+0000] {logging_mixin.py:188} INFO - [2024-03-03T04:46:29.496+0000] {dagbag.py:540} INFO - Filling up the DagBag from /home/airflow/.local/lib/python3.11/site-packages/airflow/example_dags/example_task_group.py
[2024-03-03T04:46:29.579+0000] {processor.py:840} INFO - DAG(s) 'example_task_group' retrieved from /home/airflow/.local/lib/python3.11/site-packages/airflow/example_dags/example_task_group.py
[2024-03-03T04:46:30.651+0000] {logging_mixin.py:188} INFO - [2024-03-03T04:46:30.650+0000] {override.py:1769} INFO - Created Permission View: can read on DAG:example_task_group
[2024-03-03T04:46:30.720+0000] {logging_mixin.py:188} INFO - [2024-03-03T04:46:30.719+0000] {override.py:1769} INFO - Created Permission View: can delete on DAG:example_task_group
[2024-03-03T04:46:30.771+0000] {logging_mixin.py:188} INFO - [2024-03-03T04:46:30.770+0000] {override.py:1769} INFO - Created Permission View: can edit on DAG:example_task_group
[2024-03-03T04:46:30.778+0000] {logging_mixin.py:188} INFO - [2024-03-03T04:46:30.776+0000] {dag.py:3047} INFO - Sync 1 DAGs
[2024-03-03T04:46:30.896+0000] {logging_mixin.py:188} INFO - [2024-03-03T04:46:30.893+0000] {dag.py:3069} INFO - Creating ORM DAG for example_task_group
[2024-03-03T04:46:31.037+0000] {logging_mixin.py:188} INFO - [2024-03-03T04:46:31.037+0000] {dag.py:3834} INFO - Setting next_dagrun for example_task_group to 2024-03-02 00:00:00+00:00, run_after=2024-03-03 00:00:00+00:00
[2024-03-03T04:46:31.171+0000] {processor.py:183} INFO - Processing /home/airflow/.local/lib/python3.11/site-packages/airflow/example_dags/example_task_group.py took 1.726 seconds
[2024-03-03T04:47:01.602+0000] {processor.py:161} INFO - Started process (PID=130) to work on /home/airflow/.local/lib/python3.11/site-packages/airflow/example_dags/example_task_group.py
[2024-03-03T04:47:01.641+0000] {processor.py:830} INFO - Processing file /home/airflow/.local/lib/python3.11/site-packages/airflow/example_dags/example_task_group.py for tasks to queue
[2024-03-03T04:47:01.666+0000] {logging_mixin.py:188} INFO - [2024-03-03T04:47:01.665+0000] {dagbag.py:540} INFO - Filling up the DagBag from /home/airflow/.local/lib/python3.11/site-packages/airflow/example_dags/example_task_group.py
[2024-03-03T04:47:01.751+0000] {processor.py:840} INFO - DAG(s) 'example_task_group' retrieved from /home/airflow/.local/lib/python3.11/site-packages/airflow/example_dags/example_task_group.py
[2024-03-03T04:47:01.851+0000] {logging_mixin.py:188} INFO - [2024-03-03T04:47:01.847+0000] {dag.py:3047} INFO - Sync 1 DAGs
[2024-03-03T04:47:01.926+0000] {logging_mixin.py:188} INFO - [2024-03-03T04:47:01.925+0000] {dag.py:3834} INFO - Setting next_dagrun for example_task_group to 2024-03-02 00:00:00+00:00, run_after=2024-03-03 00:00:00+00:00
[2024-03-03T04:47:02.030+0000] {processor.py:183} INFO - Processing /home/airflow/.local/lib/python3.11/site-packages/airflow/example_dags/example_task_group.py took 0.448 seconds
[2024-03-03T04:47:32.592+0000] {processor.py:161} INFO - Started process (PID=185) to work on /home/airflow/.local/lib/python3.11/site-packages/airflow/example_dags/example_task_group.py
[2024-03-03T04:47:32.595+0000] {processor.py:830} INFO - Processing file /home/airflow/.local/lib/python3.11/site-packages/airflow/example_dags/example_task_group.py for tasks to queue
[2024-03-03T04:47:32.602+0000] {logging_mixin.py:188} INFO - [2024-03-03T04:47:32.601+0000] {dagbag.py:540} INFO - Filling up the DagBag from /home/airflow/.local/lib/python3.11/site-packages/airflow/example_dags/example_task_group.py
[2024-03-03T04:47:32.638+0000] {processor.py:840} INFO - DAG(s) 'example_task_group' retrieved from /home/airflow/.local/lib/python3.11/site-packages/airflow/example_dags/example_task_group.py
[2024-03-03T04:47:32.782+0000] {logging_mixin.py:188} INFO - [2024-03-03T04:47:32.782+0000] {dag.py:3047} INFO - Sync 1 DAGs
[2024-03-03T04:47:32.872+0000] {logging_mixin.py:188} INFO - [2024-03-03T04:47:32.871+0000] {dag.py:3834} INFO - Setting next_dagrun for example_task_group to 2024-03-02 00:00:00+00:00, run_after=2024-03-03 00:00:00+00:00
[2024-03-03T04:47:32.941+0000] {processor.py:183} INFO - Processing /home/airflow/.local/lib/python3.11/site-packages/airflow/example_dags/example_task_group.py took 0.358 seconds
