[2024-03-03T04:46:43.093+0000] {processor.py:161} INFO - Started process (PID=99) to work on /home/airflow/.local/lib/python3.11/site-packages/airflow/example_dags/example_sla_dag.py
[2024-03-03T04:46:43.097+0000] {processor.py:830} INFO - Processing file /home/airflow/.local/lib/python3.11/site-packages/airflow/example_dags/example_sla_dag.py for tasks to queue
[2024-03-03T04:46:43.104+0000] {logging_mixin.py:188} INFO - [2024-03-03T04:46:43.103+0000] {dagbag.py:540} INFO - Filling up the DagBag from /home/airflow/.local/lib/python3.11/site-packages/airflow/example_dags/example_sla_dag.py
[2024-03-03T04:46:43.127+0000] {processor.py:840} INFO - DAG(s) 'example_sla_dag' retrieved from /home/airflow/.local/lib/python3.11/site-packages/airflow/example_dags/example_sla_dag.py
[2024-03-03T04:46:43.615+0000] {logging_mixin.py:188} INFO - [2024-03-03T04:46:43.612+0000] {override.py:1769} INFO - Created Permission View: can read on DAG:example_sla_dag
[2024-03-03T04:46:43.681+0000] {logging_mixin.py:188} INFO - [2024-03-03T04:46:43.681+0000] {override.py:1769} INFO - Created Permission View: can delete on DAG:example_sla_dag
[2024-03-03T04:46:43.707+0000] {logging_mixin.py:188} INFO - [2024-03-03T04:46:43.707+0000] {override.py:1769} INFO - Created Permission View: can edit on DAG:example_sla_dag
[2024-03-03T04:46:43.713+0000] {logging_mixin.py:188} INFO - [2024-03-03T04:46:43.713+0000] {dag.py:3047} INFO - Sync 1 DAGs
[2024-03-03T04:46:43.751+0000] {logging_mixin.py:188} INFO - [2024-03-03T04:46:43.750+0000] {dag.py:3069} INFO - Creating ORM DAG for example_sla_dag
[2024-03-03T04:46:43.799+0000] {logging_mixin.py:188} INFO - [2024-03-03T04:46:43.799+0000] {dag.py:3834} INFO - Setting next_dagrun for example_sla_dag to 2024-03-03 04:44:00+00:00, run_after=2024-03-03 04:46:00+00:00
[2024-03-03T04:46:43.848+0000] {processor.py:183} INFO - Processing /home/airflow/.local/lib/python3.11/site-packages/airflow/example_dags/example_sla_dag.py took 0.767 seconds
[2024-03-03T04:47:15.052+0000] {processor.py:161} INFO - Started process (PID=154) to work on /home/airflow/.local/lib/python3.11/site-packages/airflow/example_dags/example_sla_dag.py
[2024-03-03T04:47:15.054+0000] {processor.py:830} INFO - Processing file /home/airflow/.local/lib/python3.11/site-packages/airflow/example_dags/example_sla_dag.py for tasks to queue
[2024-03-03T04:47:15.065+0000] {logging_mixin.py:188} INFO - [2024-03-03T04:47:15.064+0000] {dagbag.py:540} INFO - Filling up the DagBag from /home/airflow/.local/lib/python3.11/site-packages/airflow/example_dags/example_sla_dag.py
[2024-03-03T04:47:15.119+0000] {processor.py:840} INFO - DAG(s) 'example_sla_dag' retrieved from /home/airflow/.local/lib/python3.11/site-packages/airflow/example_dags/example_sla_dag.py
[2024-03-03T04:47:15.218+0000] {logging_mixin.py:188} INFO - [2024-03-03T04:47:15.218+0000] {dag.py:3047} INFO - Sync 1 DAGs
[2024-03-03T04:47:15.304+0000] {logging_mixin.py:188} INFO - [2024-03-03T04:47:15.304+0000] {dag.py:3834} INFO - Setting next_dagrun for example_sla_dag to 2024-03-03 04:44:00+00:00, run_after=2024-03-03 04:46:00+00:00
[2024-03-03T04:47:15.359+0000] {processor.py:183} INFO - Processing /home/airflow/.local/lib/python3.11/site-packages/airflow/example_dags/example_sla_dag.py took 0.315 seconds
[2024-03-03T04:47:52.122+0000] {processor.py:161} INFO - Started process (PID=210) to work on /home/airflow/.local/lib/python3.11/site-packages/airflow/example_dags/example_sla_dag.py
[2024-03-03T04:47:52.143+0000] {processor.py:830} INFO - Processing file /home/airflow/.local/lib/python3.11/site-packages/airflow/example_dags/example_sla_dag.py for tasks to queue
[2024-03-03T04:47:52.230+0000] {logging_mixin.py:188} INFO - [2024-03-03T04:47:52.228+0000] {dagbag.py:540} INFO - Filling up the DagBag from /home/airflow/.local/lib/python3.11/site-packages/airflow/example_dags/example_sla_dag.py
[2024-03-03T04:47:52.421+0000] {processor.py:840} INFO - DAG(s) 'example_sla_dag' retrieved from /home/airflow/.local/lib/python3.11/site-packages/airflow/example_dags/example_sla_dag.py
[2024-03-03T04:47:52.587+0000] {logging_mixin.py:188} INFO - [2024-03-03T04:47:52.586+0000] {dag.py:3047} INFO - Sync 1 DAGs
[2024-03-03T04:47:52.808+0000] {logging_mixin.py:188} INFO - [2024-03-03T04:47:52.807+0000] {dag.py:3834} INFO - Setting next_dagrun for example_sla_dag to 2024-03-03 04:44:00+00:00, run_after=2024-03-03 04:46:00+00:00
[2024-03-03T04:47:53.553+0000] {processor.py:183} INFO - Processing /home/airflow/.local/lib/python3.11/site-packages/airflow/example_dags/example_sla_dag.py took 1.448 seconds
