[2024-03-03T04:46:24.187+0000] {processor.py:161} INFO - Started process (PID=69) to work on /home/airflow/.local/lib/python3.11/site-packages/airflow/example_dags/example_latest_only.py
[2024-03-03T04:46:24.201+0000] {processor.py:830} INFO - Processing file /home/airflow/.local/lib/python3.11/site-packages/airflow/example_dags/example_latest_only.py for tasks to queue
[2024-03-03T04:46:24.207+0000] {logging_mixin.py:188} INFO - [2024-03-03T04:46:24.205+0000] {dagbag.py:540} INFO - Filling up the DagBag from /home/airflow/.local/lib/python3.11/site-packages/airflow/example_dags/example_latest_only.py
[2024-03-03T04:46:24.344+0000] {processor.py:840} INFO - DAG(s) 'latest_only' retrieved from /home/airflow/.local/lib/python3.11/site-packages/airflow/example_dags/example_latest_only.py
[2024-03-03T04:46:25.077+0000] {logging_mixin.py:188} INFO - [2024-03-03T04:46:25.075+0000] {override.py:1769} INFO - Created Permission View: can read on DAG:latest_only
[2024-03-03T04:46:25.123+0000] {logging_mixin.py:188} INFO - [2024-03-03T04:46:25.121+0000] {override.py:1769} INFO - Created Permission View: can delete on DAG:latest_only
[2024-03-03T04:46:25.143+0000] {logging_mixin.py:188} INFO - [2024-03-03T04:46:25.142+0000] {override.py:1769} INFO - Created Permission View: can edit on DAG:latest_only
[2024-03-03T04:46:25.145+0000] {logging_mixin.py:188} INFO - [2024-03-03T04:46:25.144+0000] {dag.py:3047} INFO - Sync 1 DAGs
[2024-03-03T04:46:25.175+0000] {logging_mixin.py:188} INFO - [2024-03-03T04:46:25.174+0000] {dag.py:3069} INFO - Creating ORM DAG for latest_only
[2024-03-03T04:46:25.204+0000] {logging_mixin.py:188} INFO - [2024-03-03T04:46:25.204+0000] {dag.py:3834} INFO - Setting next_dagrun for latest_only to 2024-03-03 00:00:00+00:00, run_after=2024-03-03 04:00:00+00:00
[2024-03-03T04:46:25.258+0000] {processor.py:183} INFO - Processing /home/airflow/.local/lib/python3.11/site-packages/airflow/example_dags/example_latest_only.py took 1.095 seconds
[2024-03-03T04:46:56.003+0000] {processor.py:161} INFO - Started process (PID=124) to work on /home/airflow/.local/lib/python3.11/site-packages/airflow/example_dags/example_latest_only.py
[2024-03-03T04:46:56.011+0000] {processor.py:830} INFO - Processing file /home/airflow/.local/lib/python3.11/site-packages/airflow/example_dags/example_latest_only.py for tasks to queue
[2024-03-03T04:46:56.016+0000] {logging_mixin.py:188} INFO - [2024-03-03T04:46:56.015+0000] {dagbag.py:540} INFO - Filling up the DagBag from /home/airflow/.local/lib/python3.11/site-packages/airflow/example_dags/example_latest_only.py
[2024-03-03T04:46:56.067+0000] {processor.py:840} INFO - DAG(s) 'latest_only' retrieved from /home/airflow/.local/lib/python3.11/site-packages/airflow/example_dags/example_latest_only.py
[2024-03-03T04:46:56.134+0000] {logging_mixin.py:188} INFO - [2024-03-03T04:46:56.134+0000] {dag.py:3047} INFO - Sync 1 DAGs
[2024-03-03T04:46:56.239+0000] {logging_mixin.py:188} INFO - [2024-03-03T04:46:56.239+0000] {dag.py:3834} INFO - Setting next_dagrun for latest_only to 2024-03-03 00:00:00+00:00, run_after=2024-03-03 04:00:00+00:00
[2024-03-03T04:46:56.462+0000] {processor.py:183} INFO - Processing /home/airflow/.local/lib/python3.11/site-packages/airflow/example_dags/example_latest_only.py took 0.473 seconds
[2024-03-03T04:47:26.843+0000] {processor.py:161} INFO - Started process (PID=178) to work on /home/airflow/.local/lib/python3.11/site-packages/airflow/example_dags/example_latest_only.py
[2024-03-03T04:47:26.847+0000] {processor.py:830} INFO - Processing file /home/airflow/.local/lib/python3.11/site-packages/airflow/example_dags/example_latest_only.py for tasks to queue
[2024-03-03T04:47:26.856+0000] {logging_mixin.py:188} INFO - [2024-03-03T04:47:26.855+0000] {dagbag.py:540} INFO - Filling up the DagBag from /home/airflow/.local/lib/python3.11/site-packages/airflow/example_dags/example_latest_only.py
[2024-03-03T04:47:26.877+0000] {processor.py:840} INFO - DAG(s) 'latest_only' retrieved from /home/airflow/.local/lib/python3.11/site-packages/airflow/example_dags/example_latest_only.py
[2024-03-03T04:47:26.936+0000] {logging_mixin.py:188} INFO - [2024-03-03T04:47:26.935+0000] {dag.py:3047} INFO - Sync 1 DAGs
[2024-03-03T04:47:26.994+0000] {logging_mixin.py:188} INFO - [2024-03-03T04:47:26.994+0000] {dag.py:3834} INFO - Setting next_dagrun for latest_only to 2024-03-03 00:00:00+00:00, run_after=2024-03-03 04:00:00+00:00
[2024-03-03T04:47:27.036+0000] {processor.py:183} INFO - Processing /home/airflow/.local/lib/python3.11/site-packages/airflow/example_dags/example_latest_only.py took 0.206 seconds
