[2024-03-03T04:46:42.102+0000] {processor.py:161} INFO - Started process (PID=98) to work on /home/airflow/.local/lib/python3.11/site-packages/airflow/example_dags/example_complex.py
[2024-03-03T04:46:42.113+0000] {processor.py:830} INFO - Processing file /home/airflow/.local/lib/python3.11/site-packages/airflow/example_dags/example_complex.py for tasks to queue
[2024-03-03T04:46:42.127+0000] {logging_mixin.py:188} INFO - [2024-03-03T04:46:42.126+0000] {dagbag.py:540} INFO - Filling up the DagBag from /home/airflow/.local/lib/python3.11/site-packages/airflow/example_dags/example_complex.py
[2024-03-03T04:46:42.180+0000] {processor.py:840} INFO - DAG(s) 'example_complex' retrieved from /home/airflow/.local/lib/python3.11/site-packages/airflow/example_dags/example_complex.py
[2024-03-03T04:46:42.725+0000] {logging_mixin.py:188} INFO - [2024-03-03T04:46:42.720+0000] {override.py:1769} INFO - Created Permission View: can read on DAG:example_complex
[2024-03-03T04:46:42.816+0000] {logging_mixin.py:188} INFO - [2024-03-03T04:46:42.815+0000] {override.py:1769} INFO - Created Permission View: can delete on DAG:example_complex
[2024-03-03T04:46:42.838+0000] {logging_mixin.py:188} INFO - [2024-03-03T04:46:42.838+0000] {override.py:1769} INFO - Created Permission View: can edit on DAG:example_complex
[2024-03-03T04:46:42.841+0000] {logging_mixin.py:188} INFO - [2024-03-03T04:46:42.841+0000] {dag.py:3047} INFO - Sync 1 DAGs
[2024-03-03T04:46:42.877+0000] {logging_mixin.py:188} INFO - [2024-03-03T04:46:42.876+0000] {dag.py:3069} INFO - Creating ORM DAG for example_complex
[2024-03-03T04:46:42.886+0000] {logging_mixin.py:188} INFO - [2024-03-03T04:46:42.882+0000] {dag.py:3834} INFO - Setting next_dagrun for example_complex to None, run_after=None
[2024-03-03T04:46:42.982+0000] {processor.py:183} INFO - Processing /home/airflow/.local/lib/python3.11/site-packages/airflow/example_dags/example_complex.py took 0.900 seconds
[2024-03-03T04:47:14.060+0000] {processor.py:161} INFO - Started process (PID=153) to work on /home/airflow/.local/lib/python3.11/site-packages/airflow/example_dags/example_complex.py
[2024-03-03T04:47:14.085+0000] {processor.py:830} INFO - Processing file /home/airflow/.local/lib/python3.11/site-packages/airflow/example_dags/example_complex.py for tasks to queue
[2024-03-03T04:47:14.119+0000] {logging_mixin.py:188} INFO - [2024-03-03T04:47:14.111+0000] {dagbag.py:540} INFO - Filling up the DagBag from /home/airflow/.local/lib/python3.11/site-packages/airflow/example_dags/example_complex.py
[2024-03-03T04:47:14.285+0000] {processor.py:840} INFO - DAG(s) 'example_complex' retrieved from /home/airflow/.local/lib/python3.11/site-packages/airflow/example_dags/example_complex.py
[2024-03-03T04:47:14.675+0000] {logging_mixin.py:188} INFO - [2024-03-03T04:47:14.675+0000] {dag.py:3047} INFO - Sync 1 DAGs
[2024-03-03T04:47:14.787+0000] {logging_mixin.py:188} INFO - [2024-03-03T04:47:14.783+0000] {dag.py:3834} INFO - Setting next_dagrun for example_complex to None, run_after=None
[2024-03-03T04:47:14.983+0000] {processor.py:183} INFO - Processing /home/airflow/.local/lib/python3.11/site-packages/airflow/example_dags/example_complex.py took 0.956 seconds
[2024-03-03T04:47:46.326+0000] {processor.py:161} INFO - Started process (PID=208) to work on /home/airflow/.local/lib/python3.11/site-packages/airflow/example_dags/example_complex.py
[2024-03-03T04:47:46.349+0000] {processor.py:830} INFO - Processing file /home/airflow/.local/lib/python3.11/site-packages/airflow/example_dags/example_complex.py for tasks to queue
[2024-03-03T04:47:46.397+0000] {logging_mixin.py:188} INFO - [2024-03-03T04:47:46.391+0000] {dagbag.py:540} INFO - Filling up the DagBag from /home/airflow/.local/lib/python3.11/site-packages/airflow/example_dags/example_complex.py
[2024-03-03T04:47:46.700+0000] {processor.py:840} INFO - DAG(s) 'example_complex' retrieved from /home/airflow/.local/lib/python3.11/site-packages/airflow/example_dags/example_complex.py
[2024-03-03T04:47:49.119+0000] {logging_mixin.py:188} INFO - [2024-03-03T04:47:49.084+0000] {dag.py:3047} INFO - Sync 1 DAGs
[2024-03-03T04:47:50.187+0000] {logging_mixin.py:188} INFO - [2024-03-03T04:47:50.187+0000] {dag.py:3834} INFO - Setting next_dagrun for example_complex to None, run_after=None
[2024-03-03T04:47:51.034+0000] {processor.py:183} INFO - Processing /home/airflow/.local/lib/python3.11/site-packages/airflow/example_dags/example_complex.py took 4.908 seconds
