[2024-03-03T04:46:29.639+0000] {processor.py:161} INFO - Started process (PID=76) to work on /home/airflow/.local/lib/python3.11/site-packages/airflow/example_dags/example_branch_operator_decorator.py
[2024-03-03T04:46:29.644+0000] {processor.py:830} INFO - Processing file /home/airflow/.local/lib/python3.11/site-packages/airflow/example_dags/example_branch_operator_decorator.py for tasks to queue
[2024-03-03T04:46:29.650+0000] {logging_mixin.py:188} INFO - [2024-03-03T04:46:29.649+0000] {dagbag.py:540} INFO - Filling up the DagBag from /home/airflow/.local/lib/python3.11/site-packages/airflow/example_dags/example_branch_operator_decorator.py
[2024-03-03T04:46:29.849+0000] {processor.py:840} INFO - DAG(s) 'example_branch_python_operator_decorator' retrieved from /home/airflow/.local/lib/python3.11/site-packages/airflow/example_dags/example_branch_operator_decorator.py
[2024-03-03T04:46:30.831+0000] {logging_mixin.py:188} INFO - [2024-03-03T04:46:30.830+0000] {override.py:1769} INFO - Created Permission View: can read on DAG:example_branch_python_operator_decorator
[2024-03-03T04:46:30.905+0000] {logging_mixin.py:188} INFO - [2024-03-03T04:46:30.904+0000] {override.py:1769} INFO - Created Permission View: can delete on DAG:example_branch_python_operator_decorator
[2024-03-03T04:46:30.939+0000] {logging_mixin.py:188} INFO - [2024-03-03T04:46:30.937+0000] {override.py:1769} INFO - Created Permission View: can edit on DAG:example_branch_python_operator_decorator
[2024-03-03T04:46:30.947+0000] {logging_mixin.py:188} INFO - [2024-03-03T04:46:30.946+0000] {dag.py:3047} INFO - Sync 1 DAGs
[2024-03-03T04:46:31.085+0000] {logging_mixin.py:188} INFO - [2024-03-03T04:46:31.084+0000] {dag.py:3069} INFO - Creating ORM DAG for example_branch_python_operator_decorator
[2024-03-03T04:46:31.130+0000] {logging_mixin.py:188} INFO - [2024-03-03T04:46:31.129+0000] {dag.py:3834} INFO - Setting next_dagrun for example_branch_python_operator_decorator to 2024-03-02 00:00:00+00:00, run_after=2024-03-03 00:00:00+00:00
[2024-03-03T04:46:31.225+0000] {processor.py:183} INFO - Processing /home/airflow/.local/lib/python3.11/site-packages/airflow/example_dags/example_branch_operator_decorator.py took 1.610 seconds
[2024-03-03T04:47:01.654+0000] {processor.py:161} INFO - Started process (PID=131) to work on /home/airflow/.local/lib/python3.11/site-packages/airflow/example_dags/example_branch_operator_decorator.py
[2024-03-03T04:47:01.658+0000] {processor.py:830} INFO - Processing file /home/airflow/.local/lib/python3.11/site-packages/airflow/example_dags/example_branch_operator_decorator.py for tasks to queue
[2024-03-03T04:47:01.667+0000] {logging_mixin.py:188} INFO - [2024-03-03T04:47:01.666+0000] {dagbag.py:540} INFO - Filling up the DagBag from /home/airflow/.local/lib/python3.11/site-packages/airflow/example_dags/example_branch_operator_decorator.py
[2024-03-03T04:47:01.868+0000] {processor.py:840} INFO - DAG(s) 'example_branch_python_operator_decorator' retrieved from /home/airflow/.local/lib/python3.11/site-packages/airflow/example_dags/example_branch_operator_decorator.py
[2024-03-03T04:47:01.939+0000] {logging_mixin.py:188} INFO - [2024-03-03T04:47:01.939+0000] {dag.py:3047} INFO - Sync 1 DAGs
[2024-03-03T04:47:02.034+0000] {logging_mixin.py:188} INFO - [2024-03-03T04:47:02.033+0000] {dag.py:3834} INFO - Setting next_dagrun for example_branch_python_operator_decorator to 2024-03-02 00:00:00+00:00, run_after=2024-03-03 00:00:00+00:00
[2024-03-03T04:47:02.122+0000] {processor.py:183} INFO - Processing /home/airflow/.local/lib/python3.11/site-packages/airflow/example_dags/example_branch_operator_decorator.py took 0.526 seconds
[2024-03-03T04:47:32.632+0000] {processor.py:161} INFO - Started process (PID=186) to work on /home/airflow/.local/lib/python3.11/site-packages/airflow/example_dags/example_branch_operator_decorator.py
[2024-03-03T04:47:32.637+0000] {processor.py:830} INFO - Processing file /home/airflow/.local/lib/python3.11/site-packages/airflow/example_dags/example_branch_operator_decorator.py for tasks to queue
[2024-03-03T04:47:32.648+0000] {logging_mixin.py:188} INFO - [2024-03-03T04:47:32.647+0000] {dagbag.py:540} INFO - Filling up the DagBag from /home/airflow/.local/lib/python3.11/site-packages/airflow/example_dags/example_branch_operator_decorator.py
[2024-03-03T04:47:32.726+0000] {processor.py:840} INFO - DAG(s) 'example_branch_python_operator_decorator' retrieved from /home/airflow/.local/lib/python3.11/site-packages/airflow/example_dags/example_branch_operator_decorator.py
[2024-03-03T04:47:32.810+0000] {logging_mixin.py:188} INFO - [2024-03-03T04:47:32.809+0000] {dag.py:3047} INFO - Sync 1 DAGs
[2024-03-03T04:47:32.864+0000] {logging_mixin.py:188} INFO - [2024-03-03T04:47:32.863+0000] {dag.py:3834} INFO - Setting next_dagrun for example_branch_python_operator_decorator to 2024-03-02 00:00:00+00:00, run_after=2024-03-03 00:00:00+00:00
[2024-03-03T04:47:32.917+0000] {processor.py:183} INFO - Processing /home/airflow/.local/lib/python3.11/site-packages/airflow/example_dags/example_branch_operator_decorator.py took 0.306 seconds
