[2024-03-03T04:46:32.673+0000] {processor.py:161} INFO - Started process (PID=79) to work on /home/airflow/.local/lib/python3.11/site-packages/airflow/example_dags/example_branch_datetime_operator.py
[2024-03-03T04:46:32.678+0000] {processor.py:830} INFO - Processing file /home/airflow/.local/lib/python3.11/site-packages/airflow/example_dags/example_branch_datetime_operator.py for tasks to queue
[2024-03-03T04:46:32.697+0000] {logging_mixin.py:188} INFO - [2024-03-03T04:46:32.696+0000] {dagbag.py:540} INFO - Filling up the DagBag from /home/airflow/.local/lib/python3.11/site-packages/airflow/example_dags/example_branch_datetime_operator.py
[2024-03-03T04:46:32.790+0000] {processor.py:840} INFO - DAG(s) 'example_branch_datetime_operator', 'example_branch_datetime_operator_2', 'example_branch_datetime_operator_3' retrieved from /home/airflow/.local/lib/python3.11/site-packages/airflow/example_dags/example_branch_datetime_operator.py
[2024-03-03T04:46:33.282+0000] {logging_mixin.py:188} INFO - [2024-03-03T04:46:33.281+0000] {override.py:1769} INFO - Created Permission View: can read on DAG:example_branch_datetime_operator
[2024-03-03T04:46:33.352+0000] {logging_mixin.py:188} INFO - [2024-03-03T04:46:33.351+0000] {override.py:1769} INFO - Created Permission View: can delete on DAG:example_branch_datetime_operator
[2024-03-03T04:46:33.419+0000] {logging_mixin.py:188} INFO - [2024-03-03T04:46:33.418+0000] {override.py:1769} INFO - Created Permission View: can edit on DAG:example_branch_datetime_operator
[2024-03-03T04:46:33.536+0000] {logging_mixin.py:188} INFO - [2024-03-03T04:46:33.534+0000] {override.py:1769} INFO - Created Permission View: can read on DAG:example_branch_datetime_operator_2
[2024-03-03T04:46:33.553+0000] {logging_mixin.py:188} INFO - [2024-03-03T04:46:33.552+0000] {override.py:1769} INFO - Created Permission View: can delete on DAG:example_branch_datetime_operator_2
[2024-03-03T04:46:33.571+0000] {logging_mixin.py:188} INFO - [2024-03-03T04:46:33.570+0000] {override.py:1769} INFO - Created Permission View: can edit on DAG:example_branch_datetime_operator_2
[2024-03-03T04:46:33.605+0000] {logging_mixin.py:188} INFO - [2024-03-03T04:46:33.605+0000] {override.py:1769} INFO - Created Permission View: can read on DAG:example_branch_datetime_operator_3
[2024-03-03T04:46:33.626+0000] {logging_mixin.py:188} INFO - [2024-03-03T04:46:33.625+0000] {override.py:1769} INFO - Created Permission View: can delete on DAG:example_branch_datetime_operator_3
[2024-03-03T04:46:33.647+0000] {logging_mixin.py:188} INFO - [2024-03-03T04:46:33.647+0000] {override.py:1769} INFO - Created Permission View: can edit on DAG:example_branch_datetime_operator_3
[2024-03-03T04:46:33.649+0000] {logging_mixin.py:188} INFO - [2024-03-03T04:46:33.649+0000] {dag.py:3047} INFO - Sync 3 DAGs
[2024-03-03T04:46:33.691+0000] {logging_mixin.py:188} INFO - [2024-03-03T04:46:33.690+0000] {dag.py:3069} INFO - Creating ORM DAG for example_branch_datetime_operator
[2024-03-03T04:46:33.693+0000] {logging_mixin.py:188} INFO - [2024-03-03T04:46:33.693+0000] {dag.py:3069} INFO - Creating ORM DAG for example_branch_datetime_operator_3
[2024-03-03T04:46:33.695+0000] {logging_mixin.py:188} INFO - [2024-03-03T04:46:33.695+0000] {dag.py:3069} INFO - Creating ORM DAG for example_branch_datetime_operator_2
[2024-03-03T04:46:33.723+0000] {logging_mixin.py:188} INFO - [2024-03-03T04:46:33.723+0000] {dag.py:3834} INFO - Setting next_dagrun for example_branch_datetime_operator to 2024-03-02 00:00:00+00:00, run_after=2024-03-03 00:00:00+00:00
[2024-03-03T04:46:33.729+0000] {logging_mixin.py:188} INFO - [2024-03-03T04:46:33.729+0000] {dag.py:3834} INFO - Setting next_dagrun for example_branch_datetime_operator_2 to 2024-03-02 00:00:00+00:00, run_after=2024-03-03 00:00:00+00:00
[2024-03-03T04:46:33.735+0000] {logging_mixin.py:188} INFO - [2024-03-03T04:46:33.735+0000] {dag.py:3834} INFO - Setting next_dagrun for example_branch_datetime_operator_3 to 2024-03-02 00:00:00+00:00, run_after=2024-03-03 00:00:00+00:00
[2024-03-03T04:46:33.791+0000] {processor.py:183} INFO - Processing /home/airflow/.local/lib/python3.11/site-packages/airflow/example_dags/example_branch_datetime_operator.py took 1.169 seconds
[2024-03-03T04:47:04.038+0000] {processor.py:161} INFO - Started process (PID=135) to work on /home/airflow/.local/lib/python3.11/site-packages/airflow/example_dags/example_branch_datetime_operator.py
[2024-03-03T04:47:04.041+0000] {processor.py:830} INFO - Processing file /home/airflow/.local/lib/python3.11/site-packages/airflow/example_dags/example_branch_datetime_operator.py for tasks to queue
[2024-03-03T04:47:04.047+0000] {logging_mixin.py:188} INFO - [2024-03-03T04:47:04.047+0000] {dagbag.py:540} INFO - Filling up the DagBag from /home/airflow/.local/lib/python3.11/site-packages/airflow/example_dags/example_branch_datetime_operator.py
[2024-03-03T04:47:04.824+0000] {processor.py:840} INFO - DAG(s) 'example_branch_datetime_operator_2', 'example_branch_datetime_operator_3', 'example_branch_datetime_operator' retrieved from /home/airflow/.local/lib/python3.11/site-packages/airflow/example_dags/example_branch_datetime_operator.py
[2024-03-03T04:47:07.073+0000] {logging_mixin.py:188} INFO - [2024-03-03T04:47:07.072+0000] {dag.py:3047} INFO - Sync 3 DAGs
[2024-03-03T04:47:07.802+0000] {logging_mixin.py:188} INFO - [2024-03-03T04:47:07.802+0000] {dag.py:3834} INFO - Setting next_dagrun for example_branch_datetime_operator to 2024-03-02 00:00:00+00:00, run_after=2024-03-03 00:00:00+00:00
[2024-03-03T04:47:07.829+0000] {logging_mixin.py:188} INFO - [2024-03-03T04:47:07.829+0000] {dag.py:3834} INFO - Setting next_dagrun for example_branch_datetime_operator_2 to 2024-03-02 00:00:00+00:00, run_after=2024-03-03 00:00:00+00:00
[2024-03-03T04:47:07.871+0000] {logging_mixin.py:188} INFO - [2024-03-03T04:47:07.870+0000] {dag.py:3834} INFO - Setting next_dagrun for example_branch_datetime_operator_3 to 2024-03-02 00:00:00+00:00, run_after=2024-03-03 00:00:00+00:00
[2024-03-03T04:47:07.981+0000] {processor.py:183} INFO - Processing /home/airflow/.local/lib/python3.11/site-packages/airflow/example_dags/example_branch_datetime_operator.py took 3.953 seconds
[2024-03-03T04:47:38.428+0000] {processor.py:161} INFO - Started process (PID=189) to work on /home/airflow/.local/lib/python3.11/site-packages/airflow/example_dags/example_branch_datetime_operator.py
[2024-03-03T04:47:38.441+0000] {processor.py:830} INFO - Processing file /home/airflow/.local/lib/python3.11/site-packages/airflow/example_dags/example_branch_datetime_operator.py for tasks to queue
[2024-03-03T04:47:38.450+0000] {logging_mixin.py:188} INFO - [2024-03-03T04:47:38.449+0000] {dagbag.py:540} INFO - Filling up the DagBag from /home/airflow/.local/lib/python3.11/site-packages/airflow/example_dags/example_branch_datetime_operator.py
[2024-03-03T04:47:38.675+0000] {processor.py:840} INFO - DAG(s) 'example_branch_datetime_operator_2', 'example_branch_datetime_operator', 'example_branch_datetime_operator_3' retrieved from /home/airflow/.local/lib/python3.11/site-packages/airflow/example_dags/example_branch_datetime_operator.py
[2024-03-03T04:47:39.100+0000] {logging_mixin.py:188} INFO - [2024-03-03T04:47:39.100+0000] {dag.py:3047} INFO - Sync 3 DAGs
[2024-03-03T04:47:39.319+0000] {logging_mixin.py:188} INFO - [2024-03-03T04:47:39.319+0000] {dag.py:3834} INFO - Setting next_dagrun for example_branch_datetime_operator to 2024-03-02 00:00:00+00:00, run_after=2024-03-03 00:00:00+00:00
[2024-03-03T04:47:39.399+0000] {logging_mixin.py:188} INFO - [2024-03-03T04:47:39.386+0000] {dag.py:3834} INFO - Setting next_dagrun for example_branch_datetime_operator_2 to 2024-03-02 00:00:00+00:00, run_after=2024-03-03 00:00:00+00:00
[2024-03-03T04:47:39.459+0000] {logging_mixin.py:188} INFO - [2024-03-03T04:47:39.454+0000] {dag.py:3834} INFO - Setting next_dagrun for example_branch_datetime_operator_3 to 2024-03-02 00:00:00+00:00, run_after=2024-03-03 00:00:00+00:00
[2024-03-03T04:47:39.557+0000] {processor.py:183} INFO - Processing /home/airflow/.local/lib/python3.11/site-packages/airflow/example_dags/example_branch_datetime_operator.py took 1.186 seconds
