[2024-03-03T04:46:39.188+0000] {processor.py:161} INFO - Started process (PID=87) to work on /home/airflow/.local/lib/python3.11/site-packages/airflow/example_dags/example_trigger_target_dag.py
[2024-03-03T04:46:39.209+0000] {processor.py:830} INFO - Processing file /home/airflow/.local/lib/python3.11/site-packages/airflow/example_dags/example_trigger_target_dag.py for tasks to queue
[2024-03-03T04:46:39.249+0000] {logging_mixin.py:188} INFO - [2024-03-03T04:46:39.246+0000] {dagbag.py:540} INFO - Filling up the DagBag from /home/airflow/.local/lib/python3.11/site-packages/airflow/example_dags/example_trigger_target_dag.py
[2024-03-03T04:46:39.353+0000] {processor.py:840} INFO - DAG(s) 'example_trigger_target_dag' retrieved from /home/airflow/.local/lib/python3.11/site-packages/airflow/example_dags/example_trigger_target_dag.py
[2024-03-03T04:46:40.205+0000] {logging_mixin.py:188} INFO - [2024-03-03T04:46:40.202+0000] {override.py:1769} INFO - Created Permission View: can read on DAG:example_trigger_target_dag
[2024-03-03T04:46:40.237+0000] {logging_mixin.py:188} INFO - [2024-03-03T04:46:40.236+0000] {override.py:1769} INFO - Created Permission View: can delete on DAG:example_trigger_target_dag
[2024-03-03T04:46:40.263+0000] {logging_mixin.py:188} INFO - [2024-03-03T04:46:40.262+0000] {override.py:1769} INFO - Created Permission View: can edit on DAG:example_trigger_target_dag
[2024-03-03T04:46:40.264+0000] {logging_mixin.py:188} INFO - [2024-03-03T04:46:40.264+0000] {dag.py:3047} INFO - Sync 1 DAGs
[2024-03-03T04:46:40.313+0000] {logging_mixin.py:188} INFO - [2024-03-03T04:46:40.311+0000] {dag.py:3069} INFO - Creating ORM DAG for example_trigger_target_dag
[2024-03-03T04:46:40.316+0000] {logging_mixin.py:188} INFO - [2024-03-03T04:46:40.316+0000] {dag.py:3834} INFO - Setting next_dagrun for example_trigger_target_dag to None, run_after=None
[2024-03-03T04:46:40.371+0000] {processor.py:183} INFO - Processing /home/airflow/.local/lib/python3.11/site-packages/airflow/example_dags/example_trigger_target_dag.py took 1.243 seconds
[2024-03-03T04:47:10.898+0000] {processor.py:161} INFO - Started process (PID=142) to work on /home/airflow/.local/lib/python3.11/site-packages/airflow/example_dags/example_trigger_target_dag.py
[2024-03-03T04:47:10.903+0000] {processor.py:830} INFO - Processing file /home/airflow/.local/lib/python3.11/site-packages/airflow/example_dags/example_trigger_target_dag.py for tasks to queue
[2024-03-03T04:47:10.910+0000] {logging_mixin.py:188} INFO - [2024-03-03T04:47:10.909+0000] {dagbag.py:540} INFO - Filling up the DagBag from /home/airflow/.local/lib/python3.11/site-packages/airflow/example_dags/example_trigger_target_dag.py
[2024-03-03T04:47:10.975+0000] {processor.py:840} INFO - DAG(s) 'example_trigger_target_dag' retrieved from /home/airflow/.local/lib/python3.11/site-packages/airflow/example_dags/example_trigger_target_dag.py
[2024-03-03T04:47:11.075+0000] {logging_mixin.py:188} INFO - [2024-03-03T04:47:11.074+0000] {dag.py:3047} INFO - Sync 1 DAGs
[2024-03-03T04:47:11.120+0000] {logging_mixin.py:188} INFO - [2024-03-03T04:47:11.119+0000] {dag.py:3834} INFO - Setting next_dagrun for example_trigger_target_dag to None, run_after=None
[2024-03-03T04:47:11.263+0000] {processor.py:183} INFO - Processing /home/airflow/.local/lib/python3.11/site-packages/airflow/example_dags/example_trigger_target_dag.py took 0.376 seconds
[2024-03-03T04:47:42.304+0000] {processor.py:161} INFO - Started process (PID=197) to work on /home/airflow/.local/lib/python3.11/site-packages/airflow/example_dags/example_trigger_target_dag.py
[2024-03-03T04:47:42.310+0000] {processor.py:830} INFO - Processing file /home/airflow/.local/lib/python3.11/site-packages/airflow/example_dags/example_trigger_target_dag.py for tasks to queue
[2024-03-03T04:47:42.347+0000] {logging_mixin.py:188} INFO - [2024-03-03T04:47:42.337+0000] {dagbag.py:540} INFO - Filling up the DagBag from /home/airflow/.local/lib/python3.11/site-packages/airflow/example_dags/example_trigger_target_dag.py
[2024-03-03T04:47:42.668+0000] {processor.py:840} INFO - DAG(s) 'example_trigger_target_dag' retrieved from /home/airflow/.local/lib/python3.11/site-packages/airflow/example_dags/example_trigger_target_dag.py
[2024-03-03T04:47:43.010+0000] {logging_mixin.py:188} INFO - [2024-03-03T04:47:43.002+0000] {dag.py:3047} INFO - Sync 1 DAGs
[2024-03-03T04:47:43.413+0000] {logging_mixin.py:188} INFO - [2024-03-03T04:47:43.410+0000] {dag.py:3834} INFO - Setting next_dagrun for example_trigger_target_dag to None, run_after=None
[2024-03-03T04:47:43.816+0000] {processor.py:183} INFO - Processing /home/airflow/.local/lib/python3.11/site-packages/airflow/example_dags/example_trigger_target_dag.py took 1.570 seconds
