[2024-03-03T04:46:23.921+0000] {processor.py:161} INFO - Started process (PID=68) to work on /home/airflow/.local/lib/python3.11/site-packages/airflow/example_dags/example_branch_python_dop_operator_3.py
[2024-03-03T04:46:23.928+0000] {processor.py:830} INFO - Processing file /home/airflow/.local/lib/python3.11/site-packages/airflow/example_dags/example_branch_python_dop_operator_3.py for tasks to queue
[2024-03-03T04:46:23.943+0000] {logging_mixin.py:188} INFO - [2024-03-03T04:46:23.942+0000] {dagbag.py:540} INFO - Filling up the DagBag from /home/airflow/.local/lib/python3.11/site-packages/airflow/example_dags/example_branch_python_dop_operator_3.py
[2024-03-03T04:46:24.009+0000] {processor.py:840} INFO - DAG(s) 'example_branch_dop_operator_v3' retrieved from /home/airflow/.local/lib/python3.11/site-packages/airflow/example_dags/example_branch_python_dop_operator_3.py
[2024-03-03T04:46:24.733+0000] {logging_mixin.py:188} INFO - [2024-03-03T04:46:24.732+0000] {override.py:1769} INFO - Created Permission View: can read on DAG:example_branch_dop_operator_v3
[2024-03-03T04:46:24.793+0000] {logging_mixin.py:188} INFO - [2024-03-03T04:46:24.792+0000] {override.py:1769} INFO - Created Permission View: can delete on DAG:example_branch_dop_operator_v3
[2024-03-03T04:46:24.821+0000] {logging_mixin.py:188} INFO - [2024-03-03T04:46:24.819+0000] {override.py:1769} INFO - Created Permission View: can edit on DAG:example_branch_dop_operator_v3
[2024-03-03T04:46:24.825+0000] {logging_mixin.py:188} INFO - [2024-03-03T04:46:24.824+0000] {dag.py:3047} INFO - Sync 1 DAGs
[2024-03-03T04:46:24.898+0000] {logging_mixin.py:188} INFO - [2024-03-03T04:46:24.898+0000] {dag.py:3069} INFO - Creating ORM DAG for example_branch_dop_operator_v3
[2024-03-03T04:46:24.985+0000] {logging_mixin.py:188} INFO - [2024-03-03T04:46:24.984+0000] {dag.py:3834} INFO - Setting next_dagrun for example_branch_dop_operator_v3 to 2024-03-03 04:45:00+00:00, run_after=2024-03-03 04:46:00+00:00
[2024-03-03T04:46:25.053+0000] {processor.py:183} INFO - Processing /home/airflow/.local/lib/python3.11/site-packages/airflow/example_dags/example_branch_python_dop_operator_3.py took 1.154 seconds
[2024-03-03T04:46:55.525+0000] {processor.py:161} INFO - Started process (PID=123) to work on /home/airflow/.local/lib/python3.11/site-packages/airflow/example_dags/example_branch_python_dop_operator_3.py
[2024-03-03T04:46:55.533+0000] {processor.py:830} INFO - Processing file /home/airflow/.local/lib/python3.11/site-packages/airflow/example_dags/example_branch_python_dop_operator_3.py for tasks to queue
[2024-03-03T04:46:55.559+0000] {logging_mixin.py:188} INFO - [2024-03-03T04:46:55.553+0000] {dagbag.py:540} INFO - Filling up the DagBag from /home/airflow/.local/lib/python3.11/site-packages/airflow/example_dags/example_branch_python_dop_operator_3.py
[2024-03-03T04:46:55.657+0000] {processor.py:840} INFO - DAG(s) 'example_branch_dop_operator_v3' retrieved from /home/airflow/.local/lib/python3.11/site-packages/airflow/example_dags/example_branch_python_dop_operator_3.py
[2024-03-03T04:46:55.762+0000] {logging_mixin.py:188} INFO - [2024-03-03T04:46:55.760+0000] {dag.py:3047} INFO - Sync 1 DAGs
[2024-03-03T04:46:55.864+0000] {logging_mixin.py:188} INFO - [2024-03-03T04:46:55.864+0000] {dag.py:3834} INFO - Setting next_dagrun for example_branch_dop_operator_v3 to 2024-03-03 04:45:00+00:00, run_after=2024-03-03 04:46:00+00:00
[2024-03-03T04:46:55.921+0000] {processor.py:183} INFO - Processing /home/airflow/.local/lib/python3.11/site-packages/airflow/example_dags/example_branch_python_dop_operator_3.py took 0.420 seconds
[2024-03-03T04:47:26.755+0000] {processor.py:161} INFO - Started process (PID=177) to work on /home/airflow/.local/lib/python3.11/site-packages/airflow/example_dags/example_branch_python_dop_operator_3.py
[2024-03-03T04:47:26.763+0000] {processor.py:830} INFO - Processing file /home/airflow/.local/lib/python3.11/site-packages/airflow/example_dags/example_branch_python_dop_operator_3.py for tasks to queue
[2024-03-03T04:47:26.792+0000] {logging_mixin.py:188} INFO - [2024-03-03T04:47:26.790+0000] {dagbag.py:540} INFO - Filling up the DagBag from /home/airflow/.local/lib/python3.11/site-packages/airflow/example_dags/example_branch_python_dop_operator_3.py
[2024-03-03T04:47:26.846+0000] {processor.py:840} INFO - DAG(s) 'example_branch_dop_operator_v3' retrieved from /home/airflow/.local/lib/python3.11/site-packages/airflow/example_dags/example_branch_python_dop_operator_3.py
[2024-03-03T04:47:26.914+0000] {logging_mixin.py:188} INFO - [2024-03-03T04:47:26.914+0000] {dag.py:3047} INFO - Sync 1 DAGs
[2024-03-03T04:47:27.010+0000] {logging_mixin.py:188} INFO - [2024-03-03T04:47:27.010+0000] {dag.py:3834} INFO - Setting next_dagrun for example_branch_dop_operator_v3 to 2024-03-03 04:46:00+00:00, run_after=2024-03-03 04:47:00+00:00
[2024-03-03T04:47:27.071+0000] {processor.py:183} INFO - Processing /home/airflow/.local/lib/python3.11/site-packages/airflow/example_dags/example_branch_python_dop_operator_3.py took 0.353 seconds
