[2024-03-03T04:46:19.143+0000] {processor.py:161} INFO - Started process (PID=64) to work on /home/airflow/.local/lib/python3.11/site-packages/airflow/example_dags/example_skip_dag.py
[2024-03-03T04:46:19.158+0000] {processor.py:830} INFO - Processing file /home/airflow/.local/lib/python3.11/site-packages/airflow/example_dags/example_skip_dag.py for tasks to queue
[2024-03-03T04:46:19.200+0000] {logging_mixin.py:188} INFO - [2024-03-03T04:46:19.198+0000] {dagbag.py:540} INFO - Filling up the DagBag from /home/airflow/.local/lib/python3.11/site-packages/airflow/example_dags/example_skip_dag.py
[2024-03-03T04:46:19.319+0000] {processor.py:840} INFO - DAG(s) 'example_skip_dag' retrieved from /home/airflow/.local/lib/python3.11/site-packages/airflow/example_dags/example_skip_dag.py
[2024-03-03T04:46:20.261+0000] {logging_mixin.py:188} INFO - [2024-03-03T04:46:20.251+0000] {override.py:1769} INFO - Created Permission View: can read on DAG:example_skip_dag
[2024-03-03T04:46:20.371+0000] {logging_mixin.py:188} INFO - [2024-03-03T04:46:20.371+0000] {override.py:1769} INFO - Created Permission View: can delete on DAG:example_skip_dag
[2024-03-03T04:46:20.444+0000] {logging_mixin.py:188} INFO - [2024-03-03T04:46:20.444+0000] {override.py:1769} INFO - Created Permission View: can edit on DAG:example_skip_dag
[2024-03-03T04:46:20.459+0000] {logging_mixin.py:188} INFO - [2024-03-03T04:46:20.459+0000] {dag.py:3047} INFO - Sync 1 DAGs
[2024-03-03T04:46:20.564+0000] {logging_mixin.py:188} INFO - [2024-03-03T04:46:20.561+0000] {dag.py:3069} INFO - Creating ORM DAG for example_skip_dag
[2024-03-03T04:46:20.640+0000] {logging_mixin.py:188} INFO - [2024-03-03T04:46:20.640+0000] {dag.py:3834} INFO - Setting next_dagrun for example_skip_dag to 2024-03-02 00:00:00+00:00, run_after=2024-03-03 00:00:00+00:00
[2024-03-03T04:46:20.782+0000] {processor.py:183} INFO - Processing /home/airflow/.local/lib/python3.11/site-packages/airflow/example_dags/example_skip_dag.py took 1.697 seconds
[2024-03-03T04:46:51.126+0000] {processor.py:161} INFO - Started process (PID=119) to work on /home/airflow/.local/lib/python3.11/site-packages/airflow/example_dags/example_skip_dag.py
[2024-03-03T04:46:51.132+0000] {processor.py:830} INFO - Processing file /home/airflow/.local/lib/python3.11/site-packages/airflow/example_dags/example_skip_dag.py for tasks to queue
[2024-03-03T04:46:51.141+0000] {logging_mixin.py:188} INFO - [2024-03-03T04:46:51.140+0000] {dagbag.py:540} INFO - Filling up the DagBag from /home/airflow/.local/lib/python3.11/site-packages/airflow/example_dags/example_skip_dag.py
[2024-03-03T04:46:51.217+0000] {processor.py:840} INFO - DAG(s) 'example_skip_dag' retrieved from /home/airflow/.local/lib/python3.11/site-packages/airflow/example_dags/example_skip_dag.py
[2024-03-03T04:46:51.318+0000] {logging_mixin.py:188} INFO - [2024-03-03T04:46:51.316+0000] {dag.py:3047} INFO - Sync 1 DAGs
[2024-03-03T04:46:51.405+0000] {logging_mixin.py:188} INFO - [2024-03-03T04:46:51.405+0000] {dag.py:3834} INFO - Setting next_dagrun for example_skip_dag to 2024-03-02 00:00:00+00:00, run_after=2024-03-03 00:00:00+00:00
[2024-03-03T04:46:51.464+0000] {processor.py:183} INFO - Processing /home/airflow/.local/lib/python3.11/site-packages/airflow/example_dags/example_skip_dag.py took 0.351 seconds
[2024-03-03T04:47:22.133+0000] {processor.py:161} INFO - Started process (PID=172) to work on /home/airflow/.local/lib/python3.11/site-packages/airflow/example_dags/example_skip_dag.py
[2024-03-03T04:47:22.146+0000] {processor.py:830} INFO - Processing file /home/airflow/.local/lib/python3.11/site-packages/airflow/example_dags/example_skip_dag.py for tasks to queue
[2024-03-03T04:47:22.152+0000] {logging_mixin.py:188} INFO - [2024-03-03T04:47:22.151+0000] {dagbag.py:540} INFO - Filling up the DagBag from /home/airflow/.local/lib/python3.11/site-packages/airflow/example_dags/example_skip_dag.py
[2024-03-03T04:47:22.204+0000] {processor.py:840} INFO - DAG(s) 'example_skip_dag' retrieved from /home/airflow/.local/lib/python3.11/site-packages/airflow/example_dags/example_skip_dag.py
[2024-03-03T04:47:22.303+0000] {logging_mixin.py:188} INFO - [2024-03-03T04:47:22.302+0000] {dag.py:3047} INFO - Sync 1 DAGs
[2024-03-03T04:47:22.397+0000] {logging_mixin.py:188} INFO - [2024-03-03T04:47:22.397+0000] {dag.py:3834} INFO - Setting next_dagrun for example_skip_dag to 2024-03-02 00:00:00+00:00, run_after=2024-03-03 00:00:00+00:00
[2024-03-03T04:47:22.489+0000] {processor.py:183} INFO - Processing /home/airflow/.local/lib/python3.11/site-packages/airflow/example_dags/example_skip_dag.py took 0.364 seconds
