[2024-03-03T04:46:12.665+0000] {processor.py:161} INFO - Started process (PID=57) to work on /home/airflow/.local/lib/python3.11/site-packages/airflow/example_dags/example_sensors.py
[2024-03-03T04:46:12.674+0000] {processor.py:830} INFO - Processing file /home/airflow/.local/lib/python3.11/site-packages/airflow/example_dags/example_sensors.py for tasks to queue
[2024-03-03T04:46:12.688+0000] {logging_mixin.py:188} INFO - [2024-03-03T04:46:12.687+0000] {dagbag.py:540} INFO - Filling up the DagBag from /home/airflow/.local/lib/python3.11/site-packages/airflow/example_dags/example_sensors.py
[2024-03-03T04:46:12.937+0000] {processor.py:840} INFO - DAG(s) 'example_sensors' retrieved from /home/airflow/.local/lib/python3.11/site-packages/airflow/example_dags/example_sensors.py
[2024-03-03T04:46:13.956+0000] {logging_mixin.py:188} INFO - [2024-03-03T04:46:13.954+0000] {override.py:1769} INFO - Created Permission View: can read on DAG:example_sensors
[2024-03-03T04:46:14.015+0000] {logging_mixin.py:188} INFO - [2024-03-03T04:46:14.014+0000] {override.py:1769} INFO - Created Permission View: can delete on DAG:example_sensors
[2024-03-03T04:46:14.153+0000] {logging_mixin.py:188} INFO - [2024-03-03T04:46:14.143+0000] {override.py:1769} INFO - Created Permission View: can edit on DAG:example_sensors
[2024-03-03T04:46:14.172+0000] {logging_mixin.py:188} INFO - [2024-03-03T04:46:14.158+0000] {dag.py:3047} INFO - Sync 1 DAGs
[2024-03-03T04:46:14.335+0000] {logging_mixin.py:188} INFO - [2024-03-03T04:46:14.334+0000] {dag.py:3069} INFO - Creating ORM DAG for example_sensors
[2024-03-03T04:46:14.342+0000] {logging_mixin.py:188} INFO - [2024-03-03T04:46:14.337+0000] {dag.py:3834} INFO - Setting next_dagrun for example_sensors to None, run_after=None
[2024-03-03T04:46:14.426+0000] {processor.py:183} INFO - Processing /home/airflow/.local/lib/python3.11/site-packages/airflow/example_dags/example_sensors.py took 1.875 seconds
[2024-03-03T04:46:47.641+0000] {processor.py:161} INFO - Started process (PID=112) to work on /home/airflow/.local/lib/python3.11/site-packages/airflow/example_dags/example_sensors.py
[2024-03-03T04:46:47.646+0000] {processor.py:830} INFO - Processing file /home/airflow/.local/lib/python3.11/site-packages/airflow/example_dags/example_sensors.py for tasks to queue
[2024-03-03T04:46:47.655+0000] {logging_mixin.py:188} INFO - [2024-03-03T04:46:47.654+0000] {dagbag.py:540} INFO - Filling up the DagBag from /home/airflow/.local/lib/python3.11/site-packages/airflow/example_dags/example_sensors.py
[2024-03-03T04:46:47.686+0000] {processor.py:840} INFO - DAG(s) 'example_sensors' retrieved from /home/airflow/.local/lib/python3.11/site-packages/airflow/example_dags/example_sensors.py
[2024-03-03T04:46:47.763+0000] {logging_mixin.py:188} INFO - [2024-03-03T04:46:47.763+0000] {dag.py:3047} INFO - Sync 1 DAGs
[2024-03-03T04:46:47.803+0000] {logging_mixin.py:188} INFO - [2024-03-03T04:46:47.802+0000] {dag.py:3834} INFO - Setting next_dagrun for example_sensors to None, run_after=None
[2024-03-03T04:46:47.868+0000] {processor.py:183} INFO - Processing /home/airflow/.local/lib/python3.11/site-packages/airflow/example_dags/example_sensors.py took 0.235 seconds
[2024-03-03T04:47:18.692+0000] {processor.py:161} INFO - Started process (PID=165) to work on /home/airflow/.local/lib/python3.11/site-packages/airflow/example_dags/example_sensors.py
[2024-03-03T04:47:18.697+0000] {processor.py:830} INFO - Processing file /home/airflow/.local/lib/python3.11/site-packages/airflow/example_dags/example_sensors.py for tasks to queue
[2024-03-03T04:47:18.709+0000] {logging_mixin.py:188} INFO - [2024-03-03T04:47:18.706+0000] {dagbag.py:540} INFO - Filling up the DagBag from /home/airflow/.local/lib/python3.11/site-packages/airflow/example_dags/example_sensors.py
[2024-03-03T04:47:18.746+0000] {processor.py:840} INFO - DAG(s) 'example_sensors' retrieved from /home/airflow/.local/lib/python3.11/site-packages/airflow/example_dags/example_sensors.py
[2024-03-03T04:47:18.847+0000] {logging_mixin.py:188} INFO - [2024-03-03T04:47:18.847+0000] {dag.py:3047} INFO - Sync 1 DAGs
[2024-03-03T04:47:18.907+0000] {logging_mixin.py:188} INFO - [2024-03-03T04:47:18.907+0000] {dag.py:3834} INFO - Setting next_dagrun for example_sensors to None, run_after=None
[2024-03-03T04:47:18.990+0000] {processor.py:183} INFO - Processing /home/airflow/.local/lib/python3.11/site-packages/airflow/example_dags/example_sensors.py took 0.310 seconds
