[2024-03-03T04:46:40.045+0000] {processor.py:161} INFO - Started process (PID=88) to work on /home/airflow/.local/lib/python3.11/site-packages/airflow/example_dags/example_setup_teardown.py
[2024-03-03T04:46:40.055+0000] {processor.py:830} INFO - Processing file /home/airflow/.local/lib/python3.11/site-packages/airflow/example_dags/example_setup_teardown.py for tasks to queue
[2024-03-03T04:46:40.065+0000] {logging_mixin.py:188} INFO - [2024-03-03T04:46:40.062+0000] {dagbag.py:540} INFO - Filling up the DagBag from /home/airflow/.local/lib/python3.11/site-packages/airflow/example_dags/example_setup_teardown.py
[2024-03-03T04:46:40.094+0000] {processor.py:840} INFO - DAG(s) 'example_setup_teardown' retrieved from /home/airflow/.local/lib/python3.11/site-packages/airflow/example_dags/example_setup_teardown.py
[2024-03-03T04:46:40.518+0000] {logging_mixin.py:188} INFO - [2024-03-03T04:46:40.516+0000] {override.py:1769} INFO - Created Permission View: can read on DAG:example_setup_teardown
[2024-03-03T04:46:40.564+0000] {logging_mixin.py:188} INFO - [2024-03-03T04:46:40.564+0000] {override.py:1769} INFO - Created Permission View: can delete on DAG:example_setup_teardown
[2024-03-03T04:46:40.608+0000] {logging_mixin.py:188} INFO - [2024-03-03T04:46:40.608+0000] {override.py:1769} INFO - Created Permission View: can edit on DAG:example_setup_teardown
[2024-03-03T04:46:40.611+0000] {logging_mixin.py:188} INFO - [2024-03-03T04:46:40.611+0000] {dag.py:3047} INFO - Sync 1 DAGs
[2024-03-03T04:46:40.722+0000] {logging_mixin.py:188} INFO - [2024-03-03T04:46:40.720+0000] {dag.py:3069} INFO - Creating ORM DAG for example_setup_teardown
[2024-03-03T04:46:40.785+0000] {logging_mixin.py:188} INFO - [2024-03-03T04:46:40.784+0000] {dag.py:3834} INFO - Setting next_dagrun for example_setup_teardown to 2024-03-02 00:00:00+00:00, run_after=2024-03-03 00:00:00+00:00
[2024-03-03T04:46:40.902+0000] {processor.py:183} INFO - Processing /home/airflow/.local/lib/python3.11/site-packages/airflow/example_dags/example_setup_teardown.py took 0.877 seconds
[2024-03-03T04:47:11.454+0000] {processor.py:161} INFO - Started process (PID=143) to work on /home/airflow/.local/lib/python3.11/site-packages/airflow/example_dags/example_setup_teardown.py
[2024-03-03T04:47:11.461+0000] {processor.py:830} INFO - Processing file /home/airflow/.local/lib/python3.11/site-packages/airflow/example_dags/example_setup_teardown.py for tasks to queue
[2024-03-03T04:47:11.470+0000] {logging_mixin.py:188} INFO - [2024-03-03T04:47:11.467+0000] {dagbag.py:540} INFO - Filling up the DagBag from /home/airflow/.local/lib/python3.11/site-packages/airflow/example_dags/example_setup_teardown.py
[2024-03-03T04:47:11.507+0000] {processor.py:840} INFO - DAG(s) 'example_setup_teardown' retrieved from /home/airflow/.local/lib/python3.11/site-packages/airflow/example_dags/example_setup_teardown.py
[2024-03-03T04:47:11.616+0000] {logging_mixin.py:188} INFO - [2024-03-03T04:47:11.616+0000] {dag.py:3047} INFO - Sync 1 DAGs
[2024-03-03T04:47:11.851+0000] {logging_mixin.py:188} INFO - [2024-03-03T04:47:11.849+0000] {dag.py:3834} INFO - Setting next_dagrun for example_setup_teardown to 2024-03-02 00:00:00+00:00, run_after=2024-03-03 00:00:00+00:00
[2024-03-03T04:47:11.956+0000] {processor.py:183} INFO - Processing /home/airflow/.local/lib/python3.11/site-packages/airflow/example_dags/example_setup_teardown.py took 0.523 seconds
[2024-03-03T04:47:42.556+0000] {processor.py:161} INFO - Started process (PID=198) to work on /home/airflow/.local/lib/python3.11/site-packages/airflow/example_dags/example_setup_teardown.py
[2024-03-03T04:47:42.623+0000] {processor.py:830} INFO - Processing file /home/airflow/.local/lib/python3.11/site-packages/airflow/example_dags/example_setup_teardown.py for tasks to queue
[2024-03-03T04:47:42.665+0000] {logging_mixin.py:188} INFO - [2024-03-03T04:47:42.664+0000] {dagbag.py:540} INFO - Filling up the DagBag from /home/airflow/.local/lib/python3.11/site-packages/airflow/example_dags/example_setup_teardown.py
[2024-03-03T04:47:42.888+0000] {processor.py:840} INFO - DAG(s) 'example_setup_teardown' retrieved from /home/airflow/.local/lib/python3.11/site-packages/airflow/example_dags/example_setup_teardown.py
[2024-03-03T04:47:43.127+0000] {logging_mixin.py:188} INFO - [2024-03-03T04:47:43.127+0000] {dag.py:3047} INFO - Sync 1 DAGs
[2024-03-03T04:47:43.516+0000] {logging_mixin.py:188} INFO - [2024-03-03T04:47:43.510+0000] {dag.py:3834} INFO - Setting next_dagrun for example_setup_teardown to 2024-03-02 00:00:00+00:00, run_after=2024-03-03 00:00:00+00:00
[2024-03-03T04:47:43.838+0000] {processor.py:183} INFO - Processing /home/airflow/.local/lib/python3.11/site-packages/airflow/example_dags/example_setup_teardown.py took 1.310 seconds
