[2024-03-03T04:46:36.368+0000] {processor.py:161} INFO - Started process (PID=84) to work on /home/airflow/.local/lib/python3.11/site-packages/airflow/example_dags/example_python_operator.py
[2024-03-03T04:46:36.377+0000] {processor.py:830} INFO - Processing file /home/airflow/.local/lib/python3.11/site-packages/airflow/example_dags/example_python_operator.py for tasks to queue
[2024-03-03T04:46:36.383+0000] {logging_mixin.py:188} INFO - [2024-03-03T04:46:36.382+0000] {dagbag.py:540} INFO - Filling up the DagBag from /home/airflow/.local/lib/python3.11/site-packages/airflow/example_dags/example_python_operator.py
[2024-03-03T04:46:36.420+0000] {processor.py:840} INFO - DAG(s) 'example_python_operator' retrieved from /home/airflow/.local/lib/python3.11/site-packages/airflow/example_dags/example_python_operator.py
[2024-03-03T04:46:37.240+0000] {logging_mixin.py:188} INFO - [2024-03-03T04:46:37.239+0000] {override.py:1769} INFO - Created Permission View: can read on DAG:example_python_operator
[2024-03-03T04:46:37.386+0000] {logging_mixin.py:188} INFO - [2024-03-03T04:46:37.386+0000] {override.py:1769} INFO - Created Permission View: can delete on DAG:example_python_operator
[2024-03-03T04:46:37.411+0000] {logging_mixin.py:188} INFO - [2024-03-03T04:46:37.410+0000] {override.py:1769} INFO - Created Permission View: can edit on DAG:example_python_operator
[2024-03-03T04:46:37.415+0000] {logging_mixin.py:188} INFO - [2024-03-03T04:46:37.414+0000] {dag.py:3047} INFO - Sync 1 DAGs
[2024-03-03T04:46:37.450+0000] {logging_mixin.py:188} INFO - [2024-03-03T04:46:37.449+0000] {dag.py:3069} INFO - Creating ORM DAG for example_python_operator
[2024-03-03T04:46:37.453+0000] {logging_mixin.py:188} INFO - [2024-03-03T04:46:37.452+0000] {dag.py:3834} INFO - Setting next_dagrun for example_python_operator to None, run_after=None
[2024-03-03T04:46:37.517+0000] {processor.py:183} INFO - Processing /home/airflow/.local/lib/python3.11/site-packages/airflow/example_dags/example_python_operator.py took 1.161 seconds
[2024-03-03T04:47:08.998+0000] {processor.py:161} INFO - Started process (PID=139) to work on /home/airflow/.local/lib/python3.11/site-packages/airflow/example_dags/example_python_operator.py
[2024-03-03T04:47:09.010+0000] {processor.py:830} INFO - Processing file /home/airflow/.local/lib/python3.11/site-packages/airflow/example_dags/example_python_operator.py for tasks to queue
[2024-03-03T04:47:09.021+0000] {logging_mixin.py:188} INFO - [2024-03-03T04:47:09.020+0000] {dagbag.py:540} INFO - Filling up the DagBag from /home/airflow/.local/lib/python3.11/site-packages/airflow/example_dags/example_python_operator.py
[2024-03-03T04:47:09.110+0000] {processor.py:840} INFO - DAG(s) 'example_python_operator' retrieved from /home/airflow/.local/lib/python3.11/site-packages/airflow/example_dags/example_python_operator.py
[2024-03-03T04:47:09.241+0000] {logging_mixin.py:188} INFO - [2024-03-03T04:47:09.241+0000] {dag.py:3047} INFO - Sync 1 DAGs
[2024-03-03T04:47:09.287+0000] {logging_mixin.py:188} INFO - [2024-03-03T04:47:09.287+0000] {dag.py:3834} INFO - Setting next_dagrun for example_python_operator to None, run_after=None
[2024-03-03T04:47:09.413+0000] {processor.py:183} INFO - Processing /home/airflow/.local/lib/python3.11/site-packages/airflow/example_dags/example_python_operator.py took 0.456 seconds
[2024-03-03T04:47:40.371+0000] {processor.py:161} INFO - Started process (PID=194) to work on /home/airflow/.local/lib/python3.11/site-packages/airflow/example_dags/example_python_operator.py
[2024-03-03T04:47:40.374+0000] {processor.py:830} INFO - Processing file /home/airflow/.local/lib/python3.11/site-packages/airflow/example_dags/example_python_operator.py for tasks to queue
[2024-03-03T04:47:40.382+0000] {logging_mixin.py:188} INFO - [2024-03-03T04:47:40.380+0000] {dagbag.py:540} INFO - Filling up the DagBag from /home/airflow/.local/lib/python3.11/site-packages/airflow/example_dags/example_python_operator.py
[2024-03-03T04:47:40.437+0000] {processor.py:840} INFO - DAG(s) 'example_python_operator' retrieved from /home/airflow/.local/lib/python3.11/site-packages/airflow/example_dags/example_python_operator.py
[2024-03-03T04:47:40.529+0000] {logging_mixin.py:188} INFO - [2024-03-03T04:47:40.529+0000] {dag.py:3047} INFO - Sync 1 DAGs
[2024-03-03T04:47:40.679+0000] {logging_mixin.py:188} INFO - [2024-03-03T04:47:40.678+0000] {dag.py:3834} INFO - Setting next_dagrun for example_python_operator to None, run_after=None
[2024-03-03T04:47:40.781+0000] {processor.py:183} INFO - Processing /home/airflow/.local/lib/python3.11/site-packages/airflow/example_dags/example_python_operator.py took 0.429 seconds
