[2024-03-03T04:46:37.644+0000] {processor.py:161} INFO - Started process (PID=86) to work on /home/airflow/.local/lib/python3.11/site-packages/airflow/example_dags/example_branch_operator.py
[2024-03-03T04:46:37.647+0000] {processor.py:830} INFO - Processing file /home/airflow/.local/lib/python3.11/site-packages/airflow/example_dags/example_branch_operator.py for tasks to queue
[2024-03-03T04:46:37.652+0000] {logging_mixin.py:188} INFO - [2024-03-03T04:46:37.651+0000] {dagbag.py:540} INFO - Filling up the DagBag from /home/airflow/.local/lib/python3.11/site-packages/airflow/example_dags/example_branch_operator.py
[2024-03-03T04:46:37.958+0000] {processor.py:840} INFO - DAG(s) 'example_branch_operator' retrieved from /home/airflow/.local/lib/python3.11/site-packages/airflow/example_dags/example_branch_operator.py
[2024-03-03T04:46:39.156+0000] {logging_mixin.py:188} INFO - [2024-03-03T04:46:39.149+0000] {override.py:1769} INFO - Created Permission View: can read on DAG:example_branch_operator
[2024-03-03T04:46:39.263+0000] {logging_mixin.py:188} INFO - [2024-03-03T04:46:39.262+0000] {override.py:1769} INFO - Created Permission View: can delete on DAG:example_branch_operator
[2024-03-03T04:46:39.362+0000] {logging_mixin.py:188} INFO - [2024-03-03T04:46:39.358+0000] {override.py:1769} INFO - Created Permission View: can edit on DAG:example_branch_operator
[2024-03-03T04:46:39.371+0000] {logging_mixin.py:188} INFO - [2024-03-03T04:46:39.370+0000] {dag.py:3047} INFO - Sync 1 DAGs
[2024-03-03T04:46:39.545+0000] {logging_mixin.py:188} INFO - [2024-03-03T04:46:39.545+0000] {dag.py:3069} INFO - Creating ORM DAG for example_branch_operator
[2024-03-03T04:46:39.769+0000] {logging_mixin.py:188} INFO - [2024-03-03T04:46:39.769+0000] {dag.py:3834} INFO - Setting next_dagrun for example_branch_operator to 2024-03-02 00:00:00+00:00, run_after=2024-03-03 00:00:00+00:00
[2024-03-03T04:46:39.936+0000] {processor.py:183} INFO - Processing /home/airflow/.local/lib/python3.11/site-packages/airflow/example_dags/example_branch_operator.py took 2.302 seconds
[2024-03-03T04:47:10.288+0000] {processor.py:161} INFO - Started process (PID=141) to work on /home/airflow/.local/lib/python3.11/site-packages/airflow/example_dags/example_branch_operator.py
[2024-03-03T04:47:10.292+0000] {processor.py:830} INFO - Processing file /home/airflow/.local/lib/python3.11/site-packages/airflow/example_dags/example_branch_operator.py for tasks to queue
[2024-03-03T04:47:10.305+0000] {logging_mixin.py:188} INFO - [2024-03-03T04:47:10.305+0000] {dagbag.py:540} INFO - Filling up the DagBag from /home/airflow/.local/lib/python3.11/site-packages/airflow/example_dags/example_branch_operator.py
[2024-03-03T04:47:10.444+0000] {processor.py:840} INFO - DAG(s) 'example_branch_operator' retrieved from /home/airflow/.local/lib/python3.11/site-packages/airflow/example_dags/example_branch_operator.py
[2024-03-03T04:47:10.526+0000] {logging_mixin.py:188} INFO - [2024-03-03T04:47:10.526+0000] {dag.py:3047} INFO - Sync 1 DAGs
[2024-03-03T04:47:10.658+0000] {logging_mixin.py:188} INFO - [2024-03-03T04:47:10.657+0000] {dag.py:3834} INFO - Setting next_dagrun for example_branch_operator to 2024-03-02 00:00:00+00:00, run_after=2024-03-03 00:00:00+00:00
[2024-03-03T04:47:10.750+0000] {processor.py:183} INFO - Processing /home/airflow/.local/lib/python3.11/site-packages/airflow/example_dags/example_branch_operator.py took 0.509 seconds
[2024-03-03T04:47:40.873+0000] {processor.py:161} INFO - Started process (PID=196) to work on /home/airflow/.local/lib/python3.11/site-packages/airflow/example_dags/example_branch_operator.py
[2024-03-03T04:47:40.877+0000] {processor.py:830} INFO - Processing file /home/airflow/.local/lib/python3.11/site-packages/airflow/example_dags/example_branch_operator.py for tasks to queue
[2024-03-03T04:47:40.884+0000] {logging_mixin.py:188} INFO - [2024-03-03T04:47:40.883+0000] {dagbag.py:540} INFO - Filling up the DagBag from /home/airflow/.local/lib/python3.11/site-packages/airflow/example_dags/example_branch_operator.py
[2024-03-03T04:47:40.938+0000] {processor.py:840} INFO - DAG(s) 'example_branch_operator' retrieved from /home/airflow/.local/lib/python3.11/site-packages/airflow/example_dags/example_branch_operator.py
[2024-03-03T04:47:41.044+0000] {logging_mixin.py:188} INFO - [2024-03-03T04:47:41.043+0000] {dag.py:3047} INFO - Sync 1 DAGs
[2024-03-03T04:47:41.126+0000] {logging_mixin.py:188} INFO - [2024-03-03T04:47:41.126+0000] {dag.py:3834} INFO - Setting next_dagrun for example_branch_operator to 2024-03-02 00:00:00+00:00, run_after=2024-03-03 00:00:00+00:00
[2024-03-03T04:47:41.190+0000] {processor.py:183} INFO - Processing /home/airflow/.local/lib/python3.11/site-packages/airflow/example_dags/example_branch_operator.py took 0.330 seconds
