[2024-03-03T04:46:16.619+0000] {processor.py:161} INFO - Started process (PID=61) to work on /home/airflow/.local/lib/python3.11/site-packages/airflow/example_dags/tutorial_dag.py
[2024-03-03T04:46:16.626+0000] {processor.py:830} INFO - Processing file /home/airflow/.local/lib/python3.11/site-packages/airflow/example_dags/tutorial_dag.py for tasks to queue
[2024-03-03T04:46:16.641+0000] {logging_mixin.py:188} INFO - [2024-03-03T04:46:16.638+0000] {dagbag.py:540} INFO - Filling up the DagBag from /home/airflow/.local/lib/python3.11/site-packages/airflow/example_dags/tutorial_dag.py
[2024-03-03T04:46:16.764+0000] {processor.py:840} INFO - DAG(s) 'tutorial_dag' retrieved from /home/airflow/.local/lib/python3.11/site-packages/airflow/example_dags/tutorial_dag.py
[2024-03-03T04:46:18.132+0000] {logging_mixin.py:188} INFO - [2024-03-03T04:46:18.130+0000] {override.py:1769} INFO - Created Permission View: can read on DAG:tutorial_dag
[2024-03-03T04:46:18.242+0000] {logging_mixin.py:188} INFO - [2024-03-03T04:46:18.241+0000] {override.py:1769} INFO - Created Permission View: can delete on DAG:tutorial_dag
[2024-03-03T04:46:18.309+0000] {logging_mixin.py:188} INFO - [2024-03-03T04:46:18.308+0000] {override.py:1769} INFO - Created Permission View: can edit on DAG:tutorial_dag
[2024-03-03T04:46:18.313+0000] {logging_mixin.py:188} INFO - [2024-03-03T04:46:18.313+0000] {dag.py:3047} INFO - Sync 1 DAGs
[2024-03-03T04:46:18.420+0000] {logging_mixin.py:188} INFO - [2024-03-03T04:46:18.419+0000] {dag.py:3069} INFO - Creating ORM DAG for tutorial_dag
[2024-03-03T04:46:18.434+0000] {logging_mixin.py:188} INFO - [2024-03-03T04:46:18.433+0000] {dag.py:3834} INFO - Setting next_dagrun for tutorial_dag to None, run_after=None
[2024-03-03T04:46:18.535+0000] {processor.py:183} INFO - Processing /home/airflow/.local/lib/python3.11/site-packages/airflow/example_dags/tutorial_dag.py took 1.937 seconds
[2024-03-03T04:46:49.284+0000] {processor.py:161} INFO - Started process (PID=116) to work on /home/airflow/.local/lib/python3.11/site-packages/airflow/example_dags/tutorial_dag.py
[2024-03-03T04:46:49.291+0000] {processor.py:830} INFO - Processing file /home/airflow/.local/lib/python3.11/site-packages/airflow/example_dags/tutorial_dag.py for tasks to queue
[2024-03-03T04:46:49.309+0000] {logging_mixin.py:188} INFO - [2024-03-03T04:46:49.306+0000] {dagbag.py:540} INFO - Filling up the DagBag from /home/airflow/.local/lib/python3.11/site-packages/airflow/example_dags/tutorial_dag.py
[2024-03-03T04:46:49.327+0000] {processor.py:840} INFO - DAG(s) 'tutorial_dag' retrieved from /home/airflow/.local/lib/python3.11/site-packages/airflow/example_dags/tutorial_dag.py
[2024-03-03T04:46:49.397+0000] {logging_mixin.py:188} INFO - [2024-03-03T04:46:49.397+0000] {dag.py:3047} INFO - Sync 1 DAGs
[2024-03-03T04:46:49.466+0000] {logging_mixin.py:188} INFO - [2024-03-03T04:46:49.465+0000] {dag.py:3834} INFO - Setting next_dagrun for tutorial_dag to None, run_after=None
[2024-03-03T04:46:49.564+0000] {processor.py:183} INFO - Processing /home/airflow/.local/lib/python3.11/site-packages/airflow/example_dags/tutorial_dag.py took 0.300 seconds
[2024-03-03T04:47:19.734+0000] {processor.py:161} INFO - Started process (PID=169) to work on /home/airflow/.local/lib/python3.11/site-packages/airflow/example_dags/tutorial_dag.py
[2024-03-03T04:47:19.737+0000] {processor.py:830} INFO - Processing file /home/airflow/.local/lib/python3.11/site-packages/airflow/example_dags/tutorial_dag.py for tasks to queue
[2024-03-03T04:47:19.744+0000] {logging_mixin.py:188} INFO - [2024-03-03T04:47:19.743+0000] {dagbag.py:540} INFO - Filling up the DagBag from /home/airflow/.local/lib/python3.11/site-packages/airflow/example_dags/tutorial_dag.py
[2024-03-03T04:47:19.773+0000] {processor.py:840} INFO - DAG(s) 'tutorial_dag' retrieved from /home/airflow/.local/lib/python3.11/site-packages/airflow/example_dags/tutorial_dag.py
[2024-03-03T04:47:19.837+0000] {logging_mixin.py:188} INFO - [2024-03-03T04:47:19.834+0000] {dag.py:3047} INFO - Sync 1 DAGs
[2024-03-03T04:47:19.876+0000] {logging_mixin.py:188} INFO - [2024-03-03T04:47:19.875+0000] {dag.py:3834} INFO - Setting next_dagrun for tutorial_dag to None, run_after=None
[2024-03-03T04:47:19.932+0000] {processor.py:183} INFO - Processing /home/airflow/.local/lib/python3.11/site-packages/airflow/example_dags/tutorial_dag.py took 0.208 seconds
