[2024-03-03T04:46:07.704+0000] {processor.py:161} INFO - Started process (PID=49) to work on /home/airflow/.local/lib/python3.11/site-packages/airflow/example_dags/tutorial_taskflow_api_virtualenv.py
[2024-03-03T04:46:07.713+0000] {processor.py:830} INFO - Processing file /home/airflow/.local/lib/python3.11/site-packages/airflow/example_dags/tutorial_taskflow_api_virtualenv.py for tasks to queue
[2024-03-03T04:46:07.773+0000] {logging_mixin.py:188} INFO - [2024-03-03T04:46:07.772+0000] {dagbag.py:540} INFO - Filling up the DagBag from /home/airflow/.local/lib/python3.11/site-packages/airflow/example_dags/tutorial_taskflow_api_virtualenv.py
[2024-03-03T04:46:08.204+0000] {processor.py:840} INFO - DAG(s) 'tutorial_taskflow_api_virtualenv' retrieved from /home/airflow/.local/lib/python3.11/site-packages/airflow/example_dags/tutorial_taskflow_api_virtualenv.py
[2024-03-03T04:46:10.672+0000] {logging_mixin.py:188} INFO - [2024-03-03T04:46:10.662+0000] {override.py:1769} INFO - Created Permission View: can read on DAG:tutorial_taskflow_api_virtualenv
[2024-03-03T04:46:10.819+0000] {logging_mixin.py:188} INFO - [2024-03-03T04:46:10.819+0000] {override.py:1769} INFO - Created Permission View: can delete on DAG:tutorial_taskflow_api_virtualenv
[2024-03-03T04:46:10.938+0000] {logging_mixin.py:188} INFO - [2024-03-03T04:46:10.906+0000] {override.py:1769} INFO - Created Permission View: can edit on DAG:tutorial_taskflow_api_virtualenv
[2024-03-03T04:46:10.943+0000] {logging_mixin.py:188} INFO - [2024-03-03T04:46:10.942+0000] {dag.py:3047} INFO - Sync 1 DAGs
[2024-03-03T04:46:11.115+0000] {logging_mixin.py:188} INFO - [2024-03-03T04:46:11.107+0000] {dag.py:3069} INFO - Creating ORM DAG for tutorial_taskflow_api_virtualenv
[2024-03-03T04:46:11.141+0000] {logging_mixin.py:188} INFO - [2024-03-03T04:46:11.137+0000] {dag.py:3834} INFO - Setting next_dagrun for tutorial_taskflow_api_virtualenv to None, run_after=None
[2024-03-03T04:46:11.350+0000] {processor.py:183} INFO - Processing /home/airflow/.local/lib/python3.11/site-packages/airflow/example_dags/tutorial_taskflow_api_virtualenv.py took 3.673 seconds
[2024-03-03T04:46:46.510+0000] {processor.py:161} INFO - Started process (PID=109) to work on /home/airflow/.local/lib/python3.11/site-packages/airflow/example_dags/tutorial_taskflow_api_virtualenv.py
[2024-03-03T04:46:46.519+0000] {processor.py:830} INFO - Processing file /home/airflow/.local/lib/python3.11/site-packages/airflow/example_dags/tutorial_taskflow_api_virtualenv.py for tasks to queue
[2024-03-03T04:46:46.523+0000] {logging_mixin.py:188} INFO - [2024-03-03T04:46:46.523+0000] {dagbag.py:540} INFO - Filling up the DagBag from /home/airflow/.local/lib/python3.11/site-packages/airflow/example_dags/tutorial_taskflow_api_virtualenv.py
[2024-03-03T04:46:46.570+0000] {processor.py:840} INFO - DAG(s) 'tutorial_taskflow_api_virtualenv' retrieved from /home/airflow/.local/lib/python3.11/site-packages/airflow/example_dags/tutorial_taskflow_api_virtualenv.py
[2024-03-03T04:46:46.625+0000] {logging_mixin.py:188} INFO - [2024-03-03T04:46:46.624+0000] {dag.py:3047} INFO - Sync 1 DAGs
[2024-03-03T04:46:46.660+0000] {logging_mixin.py:188} INFO - [2024-03-03T04:46:46.660+0000] {dag.py:3834} INFO - Setting next_dagrun for tutorial_taskflow_api_virtualenv to None, run_after=None
[2024-03-03T04:46:46.728+0000] {processor.py:183} INFO - Processing /home/airflow/.local/lib/python3.11/site-packages/airflow/example_dags/tutorial_taskflow_api_virtualenv.py took 0.240 seconds
[2024-03-03T04:47:16.897+0000] {processor.py:161} INFO - Started process (PID=159) to work on /home/airflow/.local/lib/python3.11/site-packages/airflow/example_dags/tutorial_taskflow_api_virtualenv.py
[2024-03-03T04:47:16.913+0000] {processor.py:830} INFO - Processing file /home/airflow/.local/lib/python3.11/site-packages/airflow/example_dags/tutorial_taskflow_api_virtualenv.py for tasks to queue
[2024-03-03T04:47:16.936+0000] {logging_mixin.py:188} INFO - [2024-03-03T04:47:16.934+0000] {dagbag.py:540} INFO - Filling up the DagBag from /home/airflow/.local/lib/python3.11/site-packages/airflow/example_dags/tutorial_taskflow_api_virtualenv.py
[2024-03-03T04:47:17.066+0000] {processor.py:840} INFO - DAG(s) 'tutorial_taskflow_api_virtualenv' retrieved from /home/airflow/.local/lib/python3.11/site-packages/airflow/example_dags/tutorial_taskflow_api_virtualenv.py
[2024-03-03T04:47:17.162+0000] {logging_mixin.py:188} INFO - [2024-03-03T04:47:17.161+0000] {dag.py:3047} INFO - Sync 1 DAGs
[2024-03-03T04:47:17.212+0000] {logging_mixin.py:188} INFO - [2024-03-03T04:47:17.212+0000] {dag.py:3834} INFO - Setting next_dagrun for tutorial_taskflow_api_virtualenv to None, run_after=None
[2024-03-03T04:47:17.291+0000] {processor.py:183} INFO - Processing /home/airflow/.local/lib/python3.11/site-packages/airflow/example_dags/tutorial_taskflow_api_virtualenv.py took 0.440 seconds
[2024-03-03T04:47:51.371+0000] {processor.py:161} INFO - Started process (PID=209) to work on /home/airflow/.local/lib/python3.11/site-packages/airflow/example_dags/tutorial_taskflow_api_virtualenv.py
[2024-03-03T04:47:51.384+0000] {processor.py:830} INFO - Processing file /home/airflow/.local/lib/python3.11/site-packages/airflow/example_dags/tutorial_taskflow_api_virtualenv.py for tasks to queue
[2024-03-03T04:47:51.421+0000] {logging_mixin.py:188} INFO - [2024-03-03T04:47:51.419+0000] {dagbag.py:540} INFO - Filling up the DagBag from /home/airflow/.local/lib/python3.11/site-packages/airflow/example_dags/tutorial_taskflow_api_virtualenv.py
[2024-03-03T04:47:51.548+0000] {processor.py:840} INFO - DAG(s) 'tutorial_taskflow_api_virtualenv' retrieved from /home/airflow/.local/lib/python3.11/site-packages/airflow/example_dags/tutorial_taskflow_api_virtualenv.py
[2024-03-03T04:47:51.719+0000] {logging_mixin.py:188} INFO - [2024-03-03T04:47:51.718+0000] {dag.py:3047} INFO - Sync 1 DAGs
[2024-03-03T04:47:51.795+0000] {logging_mixin.py:188} INFO - [2024-03-03T04:47:51.794+0000] {dag.py:3834} INFO - Setting next_dagrun for tutorial_taskflow_api_virtualenv to None, run_after=None
[2024-03-03T04:47:51.912+0000] {processor.py:183} INFO - Processing /home/airflow/.local/lib/python3.11/site-packages/airflow/example_dags/tutorial_taskflow_api_virtualenv.py took 0.584 seconds
