[2024-03-03T04:46:41.092+0000] {processor.py:161} INFO - Started process (PID=90) to work on /home/airflow/.local/lib/python3.11/site-packages/airflow/example_dags/tutorial_taskflow_api.py
[2024-03-03T04:46:41.095+0000] {processor.py:830} INFO - Processing file /home/airflow/.local/lib/python3.11/site-packages/airflow/example_dags/tutorial_taskflow_api.py for tasks to queue
[2024-03-03T04:46:41.128+0000] {logging_mixin.py:188} INFO - [2024-03-03T04:46:41.118+0000] {dagbag.py:540} INFO - Filling up the DagBag from /home/airflow/.local/lib/python3.11/site-packages/airflow/example_dags/tutorial_taskflow_api.py
[2024-03-03T04:46:41.178+0000] {processor.py:840} INFO - DAG(s) 'tutorial_taskflow_api' retrieved from /home/airflow/.local/lib/python3.11/site-packages/airflow/example_dags/tutorial_taskflow_api.py
[2024-03-03T04:46:41.665+0000] {logging_mixin.py:188} INFO - [2024-03-03T04:46:41.664+0000] {override.py:1769} INFO - Created Permission View: can read on DAG:tutorial_taskflow_api
[2024-03-03T04:46:41.729+0000] {logging_mixin.py:188} INFO - [2024-03-03T04:46:41.725+0000] {override.py:1769} INFO - Created Permission View: can delete on DAG:tutorial_taskflow_api
[2024-03-03T04:46:41.764+0000] {logging_mixin.py:188} INFO - [2024-03-03T04:46:41.764+0000] {override.py:1769} INFO - Created Permission View: can edit on DAG:tutorial_taskflow_api
[2024-03-03T04:46:41.766+0000] {logging_mixin.py:188} INFO - [2024-03-03T04:46:41.765+0000] {dag.py:3047} INFO - Sync 1 DAGs
[2024-03-03T04:46:41.801+0000] {logging_mixin.py:188} INFO - [2024-03-03T04:46:41.801+0000] {dag.py:3069} INFO - Creating ORM DAG for tutorial_taskflow_api
[2024-03-03T04:46:41.806+0000] {logging_mixin.py:188} INFO - [2024-03-03T04:46:41.806+0000] {dag.py:3834} INFO - Setting next_dagrun for tutorial_taskflow_api to None, run_after=None
[2024-03-03T04:46:41.874+0000] {processor.py:183} INFO - Processing /home/airflow/.local/lib/python3.11/site-packages/airflow/example_dags/tutorial_taskflow_api.py took 0.792 seconds
[2024-03-03T04:47:12.061+0000] {processor.py:161} INFO - Started process (PID=145) to work on /home/airflow/.local/lib/python3.11/site-packages/airflow/example_dags/tutorial_taskflow_api.py
[2024-03-03T04:47:12.072+0000] {processor.py:830} INFO - Processing file /home/airflow/.local/lib/python3.11/site-packages/airflow/example_dags/tutorial_taskflow_api.py for tasks to queue
[2024-03-03T04:47:12.084+0000] {logging_mixin.py:188} INFO - [2024-03-03T04:47:12.081+0000] {dagbag.py:540} INFO - Filling up the DagBag from /home/airflow/.local/lib/python3.11/site-packages/airflow/example_dags/tutorial_taskflow_api.py
[2024-03-03T04:47:12.132+0000] {processor.py:840} INFO - DAG(s) 'tutorial_taskflow_api' retrieved from /home/airflow/.local/lib/python3.11/site-packages/airflow/example_dags/tutorial_taskflow_api.py
[2024-03-03T04:47:12.359+0000] {logging_mixin.py:188} INFO - [2024-03-03T04:47:12.353+0000] {dag.py:3047} INFO - Sync 1 DAGs
[2024-03-03T04:47:12.424+0000] {logging_mixin.py:188} INFO - [2024-03-03T04:47:12.424+0000] {dag.py:3834} INFO - Setting next_dagrun for tutorial_taskflow_api to None, run_after=None
[2024-03-03T04:47:12.535+0000] {processor.py:183} INFO - Processing /home/airflow/.local/lib/python3.11/site-packages/airflow/example_dags/tutorial_taskflow_api.py took 0.483 seconds
[2024-03-03T04:47:44.974+0000] {processor.py:161} INFO - Started process (PID=206) to work on /home/airflow/.local/lib/python3.11/site-packages/airflow/example_dags/tutorial_taskflow_api.py
[2024-03-03T04:47:44.982+0000] {processor.py:830} INFO - Processing file /home/airflow/.local/lib/python3.11/site-packages/airflow/example_dags/tutorial_taskflow_api.py for tasks to queue
[2024-03-03T04:47:44.993+0000] {logging_mixin.py:188} INFO - [2024-03-03T04:47:44.991+0000] {dagbag.py:540} INFO - Filling up the DagBag from /home/airflow/.local/lib/python3.11/site-packages/airflow/example_dags/tutorial_taskflow_api.py
[2024-03-03T04:47:45.045+0000] {processor.py:840} INFO - DAG(s) 'tutorial_taskflow_api' retrieved from /home/airflow/.local/lib/python3.11/site-packages/airflow/example_dags/tutorial_taskflow_api.py
[2024-03-03T04:47:45.309+0000] {logging_mixin.py:188} INFO - [2024-03-03T04:47:45.308+0000] {dag.py:3047} INFO - Sync 1 DAGs
[2024-03-03T04:47:45.444+0000] {logging_mixin.py:188} INFO - [2024-03-03T04:47:45.444+0000] {dag.py:3834} INFO - Setting next_dagrun for tutorial_taskflow_api to None, run_after=None
[2024-03-03T04:47:45.719+0000] {processor.py:183} INFO - Processing /home/airflow/.local/lib/python3.11/site-packages/airflow/example_dags/tutorial_taskflow_api.py took 0.758 seconds
