[2024-03-03T04:46:11.756+0000] {processor.py:161} INFO - Started process (PID=56) to work on /home/airflow/.local/lib/python3.11/site-packages/airflow/example_dags/tutorial.py
[2024-03-03T04:46:11.774+0000] {processor.py:830} INFO - Processing file /home/airflow/.local/lib/python3.11/site-packages/airflow/example_dags/tutorial.py for tasks to queue
[2024-03-03T04:46:11.786+0000] {logging_mixin.py:188} INFO - [2024-03-03T04:46:11.782+0000] {dagbag.py:540} INFO - Filling up the DagBag from /home/airflow/.local/lib/python3.11/site-packages/airflow/example_dags/tutorial.py
[2024-03-03T04:46:11.820+0000] {processor.py:840} INFO - DAG(s) 'tutorial' retrieved from /home/airflow/.local/lib/python3.11/site-packages/airflow/example_dags/tutorial.py
[2024-03-03T04:46:12.757+0000] {logging_mixin.py:188} INFO - [2024-03-03T04:46:12.755+0000] {override.py:1769} INFO - Created Permission View: can read on DAG:tutorial
[2024-03-03T04:46:12.888+0000] {logging_mixin.py:188} INFO - [2024-03-03T04:46:12.887+0000] {override.py:1769} INFO - Created Permission View: can delete on DAG:tutorial
[2024-03-03T04:46:12.993+0000] {logging_mixin.py:188} INFO - [2024-03-03T04:46:12.989+0000] {override.py:1769} INFO - Created Permission View: can edit on DAG:tutorial
[2024-03-03T04:46:12.995+0000] {logging_mixin.py:188} INFO - [2024-03-03T04:46:12.995+0000] {dag.py:3047} INFO - Sync 1 DAGs
[2024-03-03T04:46:13.101+0000] {logging_mixin.py:188} INFO - [2024-03-03T04:46:13.100+0000] {dag.py:3069} INFO - Creating ORM DAG for tutorial
[2024-03-03T04:46:13.198+0000] {logging_mixin.py:188} INFO - [2024-03-03T04:46:13.197+0000] {dag.py:3834} INFO - Setting next_dagrun for tutorial to 2024-03-02 00:00:00+00:00, run_after=2024-03-03 00:00:00+00:00
[2024-03-03T04:46:13.281+0000] {processor.py:183} INFO - Processing /home/airflow/.local/lib/python3.11/site-packages/airflow/example_dags/tutorial.py took 1.541 seconds
[2024-03-03T04:46:47.154+0000] {processor.py:161} INFO - Started process (PID=111) to work on /home/airflow/.local/lib/python3.11/site-packages/airflow/example_dags/tutorial.py
[2024-03-03T04:46:47.158+0000] {processor.py:830} INFO - Processing file /home/airflow/.local/lib/python3.11/site-packages/airflow/example_dags/tutorial.py for tasks to queue
[2024-03-03T04:46:47.163+0000] {logging_mixin.py:188} INFO - [2024-03-03T04:46:47.162+0000] {dagbag.py:540} INFO - Filling up the DagBag from /home/airflow/.local/lib/python3.11/site-packages/airflow/example_dags/tutorial.py
[2024-03-03T04:46:47.186+0000] {processor.py:840} INFO - DAG(s) 'tutorial' retrieved from /home/airflow/.local/lib/python3.11/site-packages/airflow/example_dags/tutorial.py
[2024-03-03T04:46:47.253+0000] {logging_mixin.py:188} INFO - [2024-03-03T04:46:47.252+0000] {dag.py:3047} INFO - Sync 1 DAGs
[2024-03-03T04:46:47.313+0000] {logging_mixin.py:188} INFO - [2024-03-03T04:46:47.312+0000] {dag.py:3834} INFO - Setting next_dagrun for tutorial to 2024-03-02 00:00:00+00:00, run_after=2024-03-03 00:00:00+00:00
[2024-03-03T04:46:47.563+0000] {processor.py:183} INFO - Processing /home/airflow/.local/lib/python3.11/site-packages/airflow/example_dags/tutorial.py took 0.418 seconds
[2024-03-03T04:47:18.547+0000] {processor.py:161} INFO - Started process (PID=164) to work on /home/airflow/.local/lib/python3.11/site-packages/airflow/example_dags/tutorial.py
[2024-03-03T04:47:18.552+0000] {processor.py:830} INFO - Processing file /home/airflow/.local/lib/python3.11/site-packages/airflow/example_dags/tutorial.py for tasks to queue
[2024-03-03T04:47:18.565+0000] {logging_mixin.py:188} INFO - [2024-03-03T04:47:18.564+0000] {dagbag.py:540} INFO - Filling up the DagBag from /home/airflow/.local/lib/python3.11/site-packages/airflow/example_dags/tutorial.py
[2024-03-03T04:47:18.588+0000] {processor.py:840} INFO - DAG(s) 'tutorial' retrieved from /home/airflow/.local/lib/python3.11/site-packages/airflow/example_dags/tutorial.py
[2024-03-03T04:47:18.703+0000] {logging_mixin.py:188} INFO - [2024-03-03T04:47:18.703+0000] {dag.py:3047} INFO - Sync 1 DAGs
[2024-03-03T04:47:18.798+0000] {logging_mixin.py:188} INFO - [2024-03-03T04:47:18.797+0000] {dag.py:3834} INFO - Setting next_dagrun for tutorial to 2024-03-02 00:00:00+00:00, run_after=2024-03-03 00:00:00+00:00
[2024-03-03T04:47:18.845+0000] {processor.py:183} INFO - Processing /home/airflow/.local/lib/python3.11/site-packages/airflow/example_dags/tutorial.py took 0.308 seconds
[2024-03-03T04:47:58.081+0000] {processor.py:161} INFO - Started process (PID=216) to work on /home/airflow/.local/lib/python3.11/site-packages/airflow/example_dags/tutorial.py
[2024-03-03T04:47:58.130+0000] {processor.py:830} INFO - Processing file /home/airflow/.local/lib/python3.11/site-packages/airflow/example_dags/tutorial.py for tasks to queue
[2024-03-03T04:47:58.718+0000] {logging_mixin.py:188} INFO - [2024-03-03T04:47:58.717+0000] {dagbag.py:540} INFO - Filling up the DagBag from /home/airflow/.local/lib/python3.11/site-packages/airflow/example_dags/tutorial.py
[2024-03-03T04:47:59.131+0000] {processor.py:840} INFO - DAG(s) 'tutorial' retrieved from /home/airflow/.local/lib/python3.11/site-packages/airflow/example_dags/tutorial.py
[2024-03-03T04:47:59.680+0000] {logging_mixin.py:188} INFO - [2024-03-03T04:47:59.680+0000] {dag.py:3047} INFO - Sync 1 DAGs
[2024-03-03T04:48:00.031+0000] {logging_mixin.py:188} INFO - [2024-03-03T04:48:00.028+0000] {dag.py:3834} INFO - Setting next_dagrun for tutorial to 2024-03-02 00:00:00+00:00, run_after=2024-03-03 00:00:00+00:00
