[2024-03-03T04:46:05.888+0000] {manager.py:469} INFO - Processing files using up to 2 processes at a time 
[2024-03-03T04:46:05.897+0000] {manager.py:470} INFO - Process each file at most once every 30 seconds
[2024-03-03T04:46:05.906+0000] {manager.py:471} INFO - Checking for new files in /opt/airflow/dags every 300 seconds
[2024-03-03T04:46:05.941+0000] {manager.py:738} INFO - Searching for files in /opt/airflow/dags
[2024-03-03T04:46:06.239+0000] {manager.py:741} INFO - There are 48 files in /opt/airflow/dags
[2024-03-03T04:46:09.942+0000] {manager.py:879} INFO - 
================================================================================
DAG File Processing Stats

File Path                                                                                                                            PID  Runtime      # DAGs    # Errors  Last Runtime    Last Run
---------------------------------------------------------------------------------------------------------------------------------  -----  ---------  --------  ----------  --------------  ----------
/home/airflow/.local/lib/python3.11/site-packages/airflow/example_dags/tutorial_taskflow_api_virtualenv.py                            49  2.11s             0           0
/home/airflow/.local/lib/python3.11/site-packages/airflow/example_dags/tutorial_objectstorage.py                                      50  0.67s             0           0
/home/airflow/.local/lib/python3.11/site-packages/airflow/example_dags/tutorial.py                                                                          0           0
/home/airflow/.local/lib/python3.11/site-packages/airflow/example_dags/example_sensors.py                                                                   0           0
/home/airflow/.local/lib/python3.11/site-packages/airflow/example_dags/example_kubernetes_executor.py                                                       0           0
/home/airflow/.local/lib/python3.11/site-packages/airflow/example_dags/example_xcom.py                                                                      0           0
/home/airflow/.local/lib/python3.11/site-packages/airflow/example_dags/example_time_delta_sensor_async.py                                                   0           0
/home/airflow/.local/lib/python3.11/site-packages/airflow/example_dags/tutorial_dag.py                                                                      0           0
/home/airflow/.local/lib/python3.11/site-packages/airflow/example_dags/example_branch_day_of_week_operator.py                                               0           0
/home/airflow/.local/lib/python3.11/site-packages/airflow/example_dags/example_local_kubernetes_executor.py                                                 0           0
/home/airflow/.local/lib/python3.11/site-packages/airflow/example_dags/example_skip_dag.py                                                                  0           0
/home/airflow/.local/lib/python3.11/site-packages/airflow/example_dags/example_latest_only_with_trigger.py                                                  0           0
/home/airflow/.local/lib/python3.11/site-packages/airflow/example_dags/example_dag_decorator.py                                                             0           0
/home/airflow/.local/lib/python3.11/site-packages/airflow/example_dags/example_params_trigger_ui.py                                                         0           0
/home/airflow/.local/lib/python3.11/site-packages/airflow/example_dags/example_branch_python_dop_operator_3.py                                              0           0
/home/airflow/.local/lib/python3.11/site-packages/airflow/example_dags/example_latest_only.py                                                               0           0
/home/airflow/.local/lib/python3.11/site-packages/airflow/example_dags/example_dynamic_task_mapping_with_no_taskflow_operators.py                           0           0
/home/airflow/.local/lib/python3.11/site-packages/airflow/example_dags/example_task_group_decorator.py                                                      0           0
/home/airflow/.local/lib/python3.11/site-packages/airflow/example_dags/example_bash_operator.py                                                             0           0
/home/airflow/.local/lib/python3.11/site-packages/airflow/example_dags/example_nested_branch_dag.py                                                         0           0
/home/airflow/.local/lib/python3.11/site-packages/airflow/example_dags/example_external_task_marker_dag.py                                                  0           0
/home/airflow/.local/lib/python3.11/site-packages/airflow/example_dags/example_task_group.py                                                                0           0
/home/airflow/.local/lib/python3.11/site-packages/airflow/example_dags/example_branch_operator_decorator.py                                                 0           0
/home/airflow/.local/lib/python3.11/site-packages/airflow/example_dags/example_dynamic_task_mapping.py                                                      0           0
/home/airflow/.local/lib/python3.11/site-packages/airflow/example_dags/example_short_circuit_decorator.py                                                   0           0
/home/airflow/.local/lib/python3.11/site-packages/airflow/example_dags/example_branch_datetime_operator.py                                                  0           0
/home/airflow/.local/lib/python3.11/site-packages/airflow/example_dags/example_sensor_decorator.py                                                          0           0
/home/airflow/.local/lib/python3.11/site-packages/airflow/example_dags/example_python_decorator.py                                                          0           0
/home/airflow/.local/lib/python3.11/site-packages/airflow/example_dags/example_subdag_operator.py                                                           0           0
/home/airflow/.local/lib/python3.11/site-packages/airflow/example_dags/example_trigger_controller_dag.py                                                    0           0
/home/airflow/.local/lib/python3.11/site-packages/airflow/example_dags/example_python_operator.py                                                           0           0
/home/airflow/.local/lib/python3.11/site-packages/airflow/example_dags/example_xcomargs.py                                                                  0           0
/home/airflow/.local/lib/python3.11/site-packages/airflow/example_dags/example_branch_operator.py                                                           0           0
/home/airflow/.local/lib/python3.11/site-packages/airflow/example_dags/example_trigger_target_dag.py                                                        0           0
/home/airflow/.local/lib/python3.11/site-packages/airflow/example_dags/example_setup_teardown.py                                                            0           0
/home/airflow/.local/lib/python3.11/site-packages/airflow/example_dags/example_branch_labels.py                                                             0           0
/home/airflow/.local/lib/python3.11/site-packages/airflow/example_dags/tutorial_taskflow_api.py                                                             0           0
/home/airflow/.local/lib/python3.11/site-packages/airflow/example_dags/example_datasets.py                                                                  0           0
/home/airflow/.local/lib/python3.11/site-packages/airflow/example_dags/example_complex.py                                                                   0           0
/home/airflow/.local/lib/python3.11/site-packages/airflow/example_dags/example_sla_dag.py                                                                   0           0
/home/airflow/.local/lib/python3.11/site-packages/airflow/example_dags/example_passing_params_via_test_command.py                                           0           0
/home/airflow/.local/lib/python3.11/site-packages/airflow/example_dags/example_short_circuit_operator.py                                                    0           0
/home/airflow/.local/lib/python3.11/site-packages/airflow/example_dags/example_setup_teardown_taskflow.py                                                   0           0
/home/airflow/.local/lib/python3.11/site-packages/airflow/example_dags/example_params_ui_tutorial.py                                                        0           0
/home/airflow/.local/lib/python3.11/site-packages/airflow/example_dags/plugins/listener_plugin.py                                                           0           0
/home/airflow/.local/lib/python3.11/site-packages/airflow/example_dags/plugins/workday.py                                                                   0           0
/home/airflow/.local/lib/python3.11/site-packages/airflow/example_dags/plugins/event_listener.py                                                            0           0
/home/airflow/.local/lib/python3.11/site-packages/airflow/example_dags/subdags/subdag.py                                                                    0           0
================================================================================
[2024-03-03T04:46:40.042+0000] {manager.py:879} INFO - 
================================================================================
DAG File Processing Stats

File Path                                                                                                                            PID  Runtime      # DAGs    # Errors  Last Runtime    Last Run
---------------------------------------------------------------------------------------------------------------------------------  -----  ---------  --------  ----------  --------------  -------------------
/home/airflow/.local/lib/python3.11/site-packages/airflow/example_dags/tutorial_taskflow_api_virtualenv.py                                                  1           0  3.89s           2024-03-03T04:46:11
/home/airflow/.local/lib/python3.11/site-packages/airflow/example_dags/example_dag_decorator.py                                                             1           0  3.14s           2024-03-03T04:46:24
/home/airflow/.local/lib/python3.11/site-packages/airflow/example_dags/tutorial_objectstorage.py                                                            1           0  2.67s           2024-03-03T04:46:11
/home/airflow/.local/lib/python3.11/site-packages/airflow/example_dags/example_branch_operator.py                                                           1           0  2.35s           2024-03-03T04:46:39
/home/airflow/.local/lib/python3.11/site-packages/airflow/example_dags/tutorial_dag.py                                                                      1           0  2.06s           2024-03-03T04:46:18
/home/airflow/.local/lib/python3.11/site-packages/airflow/example_dags/example_sensors.py                                                                   1           0  2.04s           2024-03-03T04:46:14
/home/airflow/.local/lib/python3.11/site-packages/airflow/example_dags/example_xcomargs.py                                                                  2           0  1.98s           2024-03-03T04:46:39
/home/airflow/.local/lib/python3.11/site-packages/airflow/example_dags/example_nested_branch_dag.py                                                         1           0  1.89s           2024-03-03T04:46:29
/home/airflow/.local/lib/python3.11/site-packages/airflow/example_dags/example_xcom.py                                                                      1           0  1.86s           2024-03-03T04:46:16
/home/airflow/.local/lib/python3.11/site-packages/airflow/example_dags/example_latest_only_with_trigger.py                                                  1           0  1.86s           2024-03-03T04:46:22
/home/airflow/.local/lib/python3.11/site-packages/airflow/example_dags/example_task_group.py                                                                1           0  1.84s           2024-03-03T04:46:31
/home/airflow/.local/lib/python3.11/site-packages/airflow/example_dags/example_skip_dag.py                                                                  1           0  1.81s           2024-03-03T04:46:20
/home/airflow/.local/lib/python3.11/site-packages/airflow/example_dags/example_local_kubernetes_executor.py                                                 1           0  1.76s           2024-03-03T04:46:20
/home/airflow/.local/lib/python3.11/site-packages/airflow/example_dags/tutorial.py                                                                          1           0  1.76s           2024-03-03T04:46:13
/home/airflow/.local/lib/python3.11/site-packages/airflow/example_dags/example_time_delta_sensor_async.py                                                   1           0  1.75s           2024-03-03T04:46:16
/home/airflow/.local/lib/python3.11/site-packages/airflow/example_dags/example_branch_operator_decorator.py                                                 1           0  1.71s           2024-03-03T04:46:31
/home/airflow/.local/lib/python3.11/site-packages/airflow/example_dags/example_branch_day_of_week_operator.py                                               1           0  1.61s           2024-03-03T04:46:18
/home/airflow/.local/lib/python3.11/site-packages/airflow/example_dags/example_params_trigger_ui.py                                                         1           0  1.59s           2024-03-03T04:46:23
/home/airflow/.local/lib/python3.11/site-packages/airflow/example_dags/example_bash_operator.py                                                             1           0  1.56s           2024-03-03T04:46:28
/home/airflow/.local/lib/python3.11/site-packages/airflow/example_dags/example_kubernetes_executor.py                                                       1           0  1.56s           2024-03-03T04:46:14
/home/airflow/.local/lib/python3.11/site-packages/airflow/example_dags/example_external_task_marker_dag.py                                                  2           0  1.46s           2024-03-03T04:46:29
/home/airflow/.local/lib/python3.11/site-packages/airflow/example_dags/example_subdag_operator.py                                                           3           0  1.46s           2024-03-03T04:46:36
/home/airflow/.local/lib/python3.11/site-packages/airflow/example_dags/example_dynamic_task_mapping_with_no_taskflow_operators.py                           1           0  1.41s           2024-03-03T04:46:26
/home/airflow/.local/lib/python3.11/site-packages/airflow/example_dags/example_short_circuit_decorator.py                                                   1           0  1.40s           2024-03-03T04:46:32
/home/airflow/.local/lib/python3.11/site-packages/airflow/example_dags/example_trigger_controller_dag.py                                                    1           0  1.38s           2024-03-03T04:46:36
/home/airflow/.local/lib/python3.11/site-packages/airflow/example_dags/example_branch_datetime_operator.py                                                  3           0  1.33s           2024-03-03T04:46:33
/home/airflow/.local/lib/python3.11/site-packages/airflow/example_dags/example_dynamic_task_mapping.py                                                      1           0  1.30s           2024-03-03T04:46:32
/home/airflow/.local/lib/python3.11/site-packages/airflow/example_dags/example_python_operator.py                                                           1           0  1.24s           2024-03-03T04:46:37
/home/airflow/.local/lib/python3.11/site-packages/airflow/example_dags/example_branch_python_dop_operator_3.py                                              1           0  1.23s           2024-03-03T04:46:25
/home/airflow/.local/lib/python3.11/site-packages/airflow/example_dags/example_latest_only.py                                                               1           0  1.20s           2024-03-03T04:46:25
/home/airflow/.local/lib/python3.11/site-packages/airflow/example_dags/example_task_group_decorator.py                                                      1           0  1.08s           2024-03-03T04:46:26
/home/airflow/.local/lib/python3.11/site-packages/airflow/example_dags/example_sensor_decorator.py                                                          1           0  1.08s           2024-03-03T04:46:33
/home/airflow/.local/lib/python3.11/site-packages/airflow/example_dags/example_python_decorator.py                                                          1           0  1.02s           2024-03-03T04:46:34
/home/airflow/.local/lib/python3.11/site-packages/airflow/example_dags/example_trigger_target_dag.py                                  87  0.93s             0           0
/home/airflow/.local/lib/python3.11/site-packages/airflow/example_dags/example_setup_teardown.py                                      88  0.03s             0           0
/home/airflow/.local/lib/python3.11/site-packages/airflow/example_dags/example_branch_labels.py                                                             0           0
/home/airflow/.local/lib/python3.11/site-packages/airflow/example_dags/tutorial_taskflow_api.py                                                             0           0
/home/airflow/.local/lib/python3.11/site-packages/airflow/example_dags/example_datasets.py                                                                  0           0
/home/airflow/.local/lib/python3.11/site-packages/airflow/example_dags/example_complex.py                                                                   0           0
/home/airflow/.local/lib/python3.11/site-packages/airflow/example_dags/example_sla_dag.py                                                                   0           0
/home/airflow/.local/lib/python3.11/site-packages/airflow/example_dags/example_passing_params_via_test_command.py                                           0           0
/home/airflow/.local/lib/python3.11/site-packages/airflow/example_dags/example_short_circuit_operator.py                                                    0           0
/home/airflow/.local/lib/python3.11/site-packages/airflow/example_dags/example_setup_teardown_taskflow.py                                                   0           0
/home/airflow/.local/lib/python3.11/site-packages/airflow/example_dags/example_params_ui_tutorial.py                                                        0           0
/home/airflow/.local/lib/python3.11/site-packages/airflow/example_dags/plugins/listener_plugin.py                                                           0           0
/home/airflow/.local/lib/python3.11/site-packages/airflow/example_dags/plugins/workday.py                                                                   0           0
/home/airflow/.local/lib/python3.11/site-packages/airflow/example_dags/plugins/event_listener.py                                                            0           0
/home/airflow/.local/lib/python3.11/site-packages/airflow/example_dags/subdags/subdag.py                                                                    0           0
================================================================================
[2024-03-03T04:47:10.307+0000] {manager.py:879} INFO - 
================================================================================
DAG File Processing Stats

File Path                                                                                                                            PID  Runtime      # DAGs    # Errors  Last Runtime    Last Run
---------------------------------------------------------------------------------------------------------------------------------  -----  ---------  --------  ----------  --------------  -------------------
/home/airflow/.local/lib/python3.11/site-packages/airflow/example_dags/plugins/workday.py                                                                   0           0  6.00s           2024-03-03T04:46:51
/home/airflow/.local/lib/python3.11/site-packages/airflow/example_dags/example_branch_datetime_operator.py                                                  3           0  4.00s           2024-03-03T04:47:08
/home/airflow/.local/lib/python3.11/site-packages/airflow/example_dags/example_sensor_decorator.py                                                          1           0  3.60s           2024-03-03T04:47:07
/home/airflow/.local/lib/python3.11/site-packages/airflow/example_dags/example_dag_decorator.py                                                             1           0  3.29s           2024-03-03T04:46:57
/home/airflow/.local/lib/python3.11/site-packages/airflow/example_dags/example_branch_operator.py                                    141  0.07s             1           0  2.35s           2024-03-03T04:46:39
/home/airflow/.local/lib/python3.11/site-packages/airflow/example_dags/example_xcomargs.py                                           140  0.71s             2           0  1.98s           2024-03-03T04:46:39
/home/airflow/.local/lib/python3.11/site-packages/airflow/example_dags/example_datasets.py                                                                  6           0  1.63s           2024-03-03T04:46:43
/home/airflow/.local/lib/python3.11/site-packages/airflow/example_dags/example_trigger_target_dag.py                                                        1           0  1.34s           2024-03-03T04:46:40
/home/airflow/.local/lib/python3.11/site-packages/airflow/example_dags/example_params_ui_tutorial.py                                                        1           0  1.17s           2024-03-03T04:46:45
/home/airflow/.local/lib/python3.11/site-packages/airflow/example_dags/example_setup_teardown.py                                                            1           0  1.02s           2024-03-03T04:46:40
/home/airflow/.local/lib/python3.11/site-packages/airflow/example_dags/example_passing_params_via_test_command.py                                           1           0  1.01s           2024-03-03T04:46:44
/home/airflow/.local/lib/python3.11/site-packages/airflow/example_dags/example_complex.py                                                                   1           0  0.99s           2024-03-03T04:46:43
/home/airflow/.local/lib/python3.11/site-packages/airflow/example_dags/example_params_trigger_ui.py                                                         1           0  0.97s           2024-03-03T04:46:55
/home/airflow/.local/lib/python3.11/site-packages/airflow/example_dags/example_branch_labels.py                                                             1           0  0.97s           2024-03-03T04:46:41
/home/airflow/.local/lib/python3.11/site-packages/airflow/example_dags/example_setup_teardown_taskflow.py                                                   1           0  0.89s           2024-03-03T04:46:45
/home/airflow/.local/lib/python3.11/site-packages/airflow/example_dags/tutorial_taskflow_api.py                                                             1           0  0.88s           2024-03-03T04:46:41
/home/airflow/.local/lib/python3.11/site-packages/airflow/example_dags/example_python_decorator.py                                                          1           0  0.84s           2024-03-03T04:47:08
/home/airflow/.local/lib/python3.11/site-packages/airflow/example_dags/example_short_circuit_operator.py                                                    1           0  0.83s           2024-03-03T04:46:44
/home/airflow/.local/lib/python3.11/site-packages/airflow/example_dags/example_sla_dag.py                                                                   1           0  0.83s           2024-03-03T04:46:43
/home/airflow/.local/lib/python3.11/site-packages/airflow/example_dags/example_subdag_operator.py                                                           3           0  0.79s           2024-03-03T04:47:08
/home/airflow/.local/lib/python3.11/site-packages/airflow/example_dags/example_external_task_marker_dag.py                                                  2           0  0.75s           2024-03-03T04:47:00
/home/airflow/.local/lib/python3.11/site-packages/airflow/example_dags/example_short_circuit_decorator.py                                                   1           0  0.74s           2024-03-03T04:47:03
/home/airflow/.local/lib/python3.11/site-packages/airflow/example_dags/example_dynamic_task_mapping.py                                                      1           0  0.73s           2024-03-03T04:47:03
/home/airflow/.local/lib/python3.11/site-packages/airflow/example_dags/example_dynamic_task_mapping_with_no_taskflow_operators.py                           1           0  0.71s           2024-03-03T04:46:57
/home/airflow/.local/lib/python3.11/site-packages/airflow/example_dags/example_branch_day_of_week_operator.py                                               1           0  0.65s           2024-03-03T04:46:50
/home/airflow/.local/lib/python3.11/site-packages/airflow/example_dags/example_nested_branch_dag.py                                                         1           0  0.61s           2024-03-03T04:47:00
/home/airflow/.local/lib/python3.11/site-packages/airflow/example_dags/example_branch_operator_decorator.py                                                 1           0  0.59s           2024-03-03T04:47:02
/home/airflow/.local/lib/python3.11/site-packages/airflow/example_dags/example_task_group_decorator.py                                                      1           0  0.59s           2024-03-03T04:46:57
/home/airflow/.local/lib/python3.11/site-packages/airflow/example_dags/example_bash_operator.py                                                             1           0  0.58s           2024-03-03T04:46:59
/home/airflow/.local/lib/python3.11/site-packages/airflow/example_dags/example_latest_only.py                                                               1           0  0.54s           2024-03-03T04:46:56
/home/airflow/.local/lib/python3.11/site-packages/airflow/example_dags/example_python_operator.py                                                           1           0  0.54s           2024-03-03T04:47:09
/home/airflow/.local/lib/python3.11/site-packages/airflow/example_dags/example_task_group.py                                                                1           0  0.53s           2024-03-03T04:47:02
/home/airflow/.local/lib/python3.11/site-packages/airflow/example_dags/example_branch_python_dop_operator_3.py                                              1           0  0.53s           2024-03-03T04:46:55
/home/airflow/.local/lib/python3.11/site-packages/airflow/example_dags/example_trigger_controller_dag.py                                                    1           0  0.51s           2024-03-03T04:47:08
/home/airflow/.local/lib/python3.11/site-packages/airflow/example_dags/tutorial.py                                                                          1           0  0.46s           2024-03-03T04:46:47
/home/airflow/.local/lib/python3.11/site-packages/airflow/example_dags/example_kubernetes_executor.py                                                       1           0  0.46s           2024-03-03T04:46:48
/home/airflow/.local/lib/python3.11/site-packages/airflow/example_dags/example_skip_dag.py                                                                  1           0  0.44s           2024-03-03T04:46:51
/home/airflow/.local/lib/python3.11/site-packages/airflow/example_dags/example_time_delta_sensor_async.py                                                   1           0  0.43s           2024-03-03T04:46:49
/home/airflow/.local/lib/python3.11/site-packages/airflow/example_dags/example_local_kubernetes_executor.py                                                 1           0  0.42s           2024-03-03T04:46:51
/home/airflow/.local/lib/python3.11/site-packages/airflow/example_dags/tutorial_taskflow_api_virtualenv.py                                                  1           0  0.39s           2024-03-03T04:46:46
/home/airflow/.local/lib/python3.11/site-packages/airflow/example_dags/tutorial_dag.py                                                                      1           0  0.34s           2024-03-03T04:46:49
/home/airflow/.local/lib/python3.11/site-packages/airflow/example_dags/tutorial_objectstorage.py                                                            1           0  0.33s           2024-03-03T04:46:47
/home/airflow/.local/lib/python3.11/site-packages/airflow/example_dags/example_xcom.py                                                                      1           0  0.33s           2024-03-03T04:46:48
/home/airflow/.local/lib/python3.11/site-packages/airflow/example_dags/example_sensors.py                                                                   1           0  0.30s           2024-03-03T04:46:47
/home/airflow/.local/lib/python3.11/site-packages/airflow/example_dags/example_latest_only_with_trigger.py                                                  1           0  0.27s           2024-03-03T04:46:52
/home/airflow/.local/lib/python3.11/site-packages/airflow/example_dags/plugins/listener_plugin.py                                                           0           0  0.20s           2024-03-03T04:46:45
/home/airflow/.local/lib/python3.11/site-packages/airflow/example_dags/subdags/subdag.py                                                                    0           0  0.20s           2024-03-03T04:46:46
/home/airflow/.local/lib/python3.11/site-packages/airflow/example_dags/plugins/event_listener.py                                                            0           0  0.17s           2024-03-03T04:46:46
================================================================================
[2024-03-03T04:47:40.370+0000] {manager.py:879} INFO - 
================================================================================
DAG File Processing Stats

File Path                                                                                                                            PID  Runtime      # DAGs    # Errors  Last Runtime    Last Run
---------------------------------------------------------------------------------------------------------------------------------  -----  ---------  --------  ----------  --------------  -------------------
/home/airflow/.local/lib/python3.11/site-packages/airflow/example_dags/plugins/workday.py                                                                   0           0  4.24s           2024-03-03T04:47:26
/home/airflow/.local/lib/python3.11/site-packages/airflow/example_dags/example_dag_decorator.py                                                             1           0  1.70s           2024-03-03T04:47:29
/home/airflow/.local/lib/python3.11/site-packages/airflow/example_dags/example_branch_datetime_operator.py                                                  3           0  1.32s           2024-03-03T04:47:39
/home/airflow/.local/lib/python3.11/site-packages/airflow/example_dags/example_datasets.py                                                                  6           0  1.30s           2024-03-03T04:47:15
/home/airflow/.local/lib/python3.11/site-packages/airflow/example_dags/example_params_ui_tutorial.py                                                        1           0  1.26s           2024-03-03T04:47:18
/home/airflow/.local/lib/python3.11/site-packages/airflow/example_dags/example_short_circuit_decorator.py                                                   1           0  1.22s           2024-03-03T04:47:35
/home/airflow/.local/lib/python3.11/site-packages/airflow/example_dags/example_dynamic_task_mapping.py                                                      1           0  1.17s           2024-03-03T04:47:35
/home/airflow/.local/lib/python3.11/site-packages/airflow/example_dags/example_complex.py                                                                   1           0  1.13s           2024-03-03T04:47:15
/home/airflow/.local/lib/python3.11/site-packages/airflow/example_dags/example_sensor_decorator.py                                                          1           0  1.13s           2024-03-03T04:47:39
/home/airflow/.local/lib/python3.11/site-packages/airflow/example_dags/example_setup_teardown_taskflow.py                                                   1           0  1.12s           2024-03-03T04:47:17
/home/airflow/.local/lib/python3.11/site-packages/airflow/example_dags/example_branch_labels.py                                                             1           0  0.93s           2024-03-03T04:47:12
/home/airflow/.local/lib/python3.11/site-packages/airflow/example_dags/example_params_trigger_ui.py                                                         1           0  0.89s           2024-03-03T04:47:26
/home/airflow/.local/lib/python3.11/site-packages/airflow/example_dags/example_xcomargs.py                                                                  2           0  0.84s           2024-03-03T04:47:10
/home/airflow/.local/lib/python3.11/site-packages/airflow/example_dags/plugins/listener_plugin.py                                                           0           0  0.69s           2024-03-03T04:47:16
/home/airflow/.local/lib/python3.11/site-packages/airflow/example_dags/example_branch_operator.py                                                           1           0  0.68s           2024-03-03T04:47:10
/home/airflow/.local/lib/python3.11/site-packages/airflow/example_dags/example_subdag_operator.py                                                           3           0  0.64s           2024-03-03T04:47:40
/home/airflow/.local/lib/python3.11/site-packages/airflow/example_dags/example_dynamic_task_mapping_with_no_taskflow_operators.py                           1           0  0.63s           2024-03-03T04:47:28
/home/airflow/.local/lib/python3.11/site-packages/airflow/example_dags/example_kubernetes_executor.py                                                       1           0  0.62s           2024-03-03T04:47:19
/home/airflow/.local/lib/python3.11/site-packages/airflow/example_dags/example_setup_teardown.py                                                            1           0  0.60s           2024-03-03T04:47:11
/home/airflow/.local/lib/python3.11/site-packages/airflow/example_dags/example_passing_params_via_test_command.py                                           1           0  0.59s           2024-03-03T04:47:16
/home/airflow/.local/lib/python3.11/site-packages/airflow/example_dags/tutorial_taskflow_api.py                                                             1           0  0.56s           2024-03-03T04:47:12
/home/airflow/.local/lib/python3.11/site-packages/airflow/example_dags/example_python_decorator.py                                                          1           0  0.56s           2024-03-03T04:47:40
/home/airflow/.local/lib/python3.11/site-packages/airflow/example_dags/example_python_operator.py                                    194  0.01s             1           0  0.54s           2024-03-03T04:47:09
/home/airflow/.local/lib/python3.11/site-packages/airflow/example_dags/tutorial_taskflow_api_virtualenv.py                                                  1           0  0.53s           2024-03-03T04:47:17
/home/airflow/.local/lib/python3.11/site-packages/airflow/example_dags/example_trigger_controller_dag.py                             193  0.22s             1           0  0.51s           2024-03-03T04:47:08
/home/airflow/.local/lib/python3.11/site-packages/airflow/example_dags/example_latest_only_with_trigger.py                                                  1           0  0.51s           2024-03-03T04:47:23
/home/airflow/.local/lib/python3.11/site-packages/airflow/example_dags/example_short_circuit_operator.py                                                    1           0  0.51s           2024-03-03T04:47:15
/home/airflow/.local/lib/python3.11/site-packages/airflow/example_dags/example_skip_dag.py                                                                  1           0  0.50s           2024-03-03T04:47:22
/home/airflow/.local/lib/python3.11/site-packages/airflow/example_dags/example_trigger_target_dag.py                                                        1           0  0.50s           2024-03-03T04:47:11
/home/airflow/.local/lib/python3.11/site-packages/airflow/example_dags/example_local_kubernetes_executor.py                                                 1           0  0.49s           2024-03-03T04:47:22
/home/airflow/.local/lib/python3.11/site-packages/airflow/example_dags/example_bash_operator.py                                                             1           0  0.47s           2024-03-03T04:47:30
/home/airflow/.local/lib/python3.11/site-packages/airflow/example_dags/example_branch_python_dop_operator_3.py                                              1           0  0.44s           2024-03-03T04:47:27
/home/airflow/.local/lib/python3.11/site-packages/airflow/example_dags/example_task_group.py                                                                1           0  0.40s           2024-03-03T04:47:32
/home/airflow/.local/lib/python3.11/site-packages/airflow/example_dags/example_external_task_marker_dag.py                                                  2           0  0.40s           2024-03-03T04:47:31
/home/airflow/.local/lib/python3.11/site-packages/airflow/example_dags/example_nested_branch_dag.py                                                         1           0  0.39s           2024-03-03T04:47:31
/home/airflow/.local/lib/python3.11/site-packages/airflow/example_dags/example_sla_dag.py                                                                   1           0  0.38s           2024-03-03T04:47:15
/home/airflow/.local/lib/python3.11/site-packages/airflow/example_dags/example_sensors.py                                                                   1           0  0.36s           2024-03-03T04:47:19
/home/airflow/.local/lib/python3.11/site-packages/airflow/example_dags/tutorial.py                                                                          1           0  0.35s           2024-03-03T04:47:18
/home/airflow/.local/lib/python3.11/site-packages/airflow/example_dags/example_branch_operator_decorator.py                                                 1           0  0.35s           2024-03-03T04:47:32
/home/airflow/.local/lib/python3.11/site-packages/airflow/example_dags/example_task_group_decorator.py                                                      1           0  0.35s           2024-03-03T04:47:29
/home/airflow/.local/lib/python3.11/site-packages/airflow/example_dags/example_xcom.py                                                                      1           0  0.33s           2024-03-03T04:47:19
/home/airflow/.local/lib/python3.11/site-packages/airflow/example_dags/subdags/subdag.py                                                                    0           0  0.33s           2024-03-03T04:47:18
/home/airflow/.local/lib/python3.11/site-packages/airflow/example_dags/example_branch_day_of_week_operator.py                                               1           0  0.29s           2024-03-03T04:47:21
/home/airflow/.local/lib/python3.11/site-packages/airflow/example_dags/tutorial_objectstorage.py                                                            1           0  0.29s           2024-03-03T04:47:18
/home/airflow/.local/lib/python3.11/site-packages/airflow/example_dags/plugins/event_listener.py                                                            0           0  0.27s           2024-03-03T04:47:17
/home/airflow/.local/lib/python3.11/site-packages/airflow/example_dags/example_time_delta_sensor_async.py                                                   1           0  0.26s           2024-03-03T04:47:19
/home/airflow/.local/lib/python3.11/site-packages/airflow/example_dags/tutorial_dag.py                                                                      1           0  0.26s           2024-03-03T04:47:19
/home/airflow/.local/lib/python3.11/site-packages/airflow/example_dags/example_latest_only.py                                                               1           0  0.25s           2024-03-03T04:47:27
================================================================================
[2024-03-03T04:48:00.179+0000] {manager.py:451} INFO - Exiting gracefully upon receiving signal 15
[2024-03-03T04:48:00.183+0000] {manager.py:451} INFO - Exiting gracefully upon receiving signal 15
[2024-03-03T04:48:00.179+0000] {manager.py:451} INFO - Exiting gracefully upon receiving signal 15
